
2025-03-03 02:27:00 - INFO - Will watch for changes in these directories: ['/opt/vue-fastapi-admin']
2025-03-03 02:27:00 - INFO - Uvicorn running on http://0.0.0.0:9988 (Press CTRL+C to quit)
2025-03-03 02:27:00 - INFO - Started reloader process [6536] using WatchFiles
2025-03-03 02:27:01 - INFO - Started server process [6538]
2025-03-03 02:27:01 - INFO - Waiting for application startup.
2025-03-03 02:27:01 - INFO - Application startup complete.
2025-03-03 02:28:48 - INFO - 127.0.0.1:38784 - "GET /api/v1/base/userinfo HTTP/1.1" 200 OK
2025-03-03 02:28:48 - INFO - 127.0.0.1:38800 - "GET /api/v1/base/usermenu HTTP/1.1" 200 OK
2025-03-03 02:28:48 - INFO - 127.0.0.1:38802 - "GET /api/v1/base/userapi HTTP/1.1" 200 OK
2025-03-03 02:28:50 - INFO - 127.0.0.1:38812 - "GET /api/v1/total/list?page=1&page_size=10 HTTP/1.1" 200 OK
2025-03-03 02:38:39 - INFO - 127.0.0.1:34444 - "GET /api/v1/total/list?page=1&page_size=10 HTTP/1.1" 200 OK
2025-03-03 02:38:49 - INFO - 127.0.0.1:49232 - "GET /api/v1/base/userinfo HTTP/1.1" 200 OK
2025-03-03 02:38:49 - INFO - 127.0.0.1:49234 - "GET /api/v1/base/usermenu HTTP/1.1" 200 OK
2025-03-03 02:38:49 - INFO - 127.0.0.1:49240 - "GET /api/v1/base/userapi HTTP/1.1" 200 OK
2025-03-03 02:38:49 - INFO - 127.0.0.1:49254 - "GET /api/v1/total/list?page=1&page_size=10 HTTP/1.1" 200 OK
2025-03-03 02:38:54 - INFO - 127.0.0.1:57430 - "GET /api/v1/base/userinfo HTTP/1.1" 200 OK
2025-03-03 02:38:54 - INFO - 127.0.0.1:57444 - "GET /api/v1/base/usermenu HTTP/1.1" 200 OK
2025-03-03 02:38:54 - INFO - 127.0.0.1:57456 - "GET /api/v1/base/userapi HTTP/1.1" 200 OK
2025-03-03 02:38:54 - INFO - 127.0.0.1:57460 - "GET /api/v1/total/list?page=1&page_size=10 HTTP/1.1" 200 OK
2025-03-03 02:39:15 - INFO - 127.0.0.1:49212 - "GET /api/v1/total/list?page=1&per_page=99999 HTTP/1.1" 200 OK
2025-03-03 02:39:33 - INFO - 127.0.0.1:52146 - "GET /api/v1/base/userinfo HTTP/1.1" 200 OK
2025-03-03 02:39:34 - INFO - 127.0.0.1:52150 - "GET /api/v1/base/usermenu HTTP/1.1" 200 OK
2025-03-03 02:39:34 - INFO - 127.0.0.1:52162 - "GET /api/v1/base/userapi HTTP/1.1" 200 OK
2025-03-03 02:39:36 - INFO - 127.0.0.1:52164 - "GET /api/v1/total/list?page=1&page_size=10 HTTP/1.1" 200 OK
2025-03-03 02:39:42 - INFO - 127.0.0.1:52178 - "GET /api/v1/base/userinfo HTTP/1.1" 200 OK
2025-03-03 02:39:42 - INFO - 127.0.0.1:52194 - "GET /api/v1/base/usermenu HTTP/1.1" 200 OK
2025-03-03 02:39:42 - INFO - 127.0.0.1:52196 - "GET /api/v1/base/userapi HTTP/1.1" 200 OK
2025-03-03 02:39:52 - INFO - 127.0.0.1:54742 - "GET /api/v1/base/userinfo HTTP/1.1" 200 OK
2025-03-03 02:39:52 - INFO - 127.0.0.1:54748 - "GET /api/v1/base/usermenu HTTP/1.1" 200 OK
2025-03-03 02:39:52 - INFO - 127.0.0.1:54758 - "GET /api/v1/base/userapi HTTP/1.1" 200 OK
2025-03-03 02:39:54 - INFO - 127.0.0.1:56032 - "GET /api/v1/total/list?page=1&page_size=10 HTTP/1.1" 200 OK
2025-03-03 02:55:42 - INFO - 127.0.0.1:59350 - "GET /api/v1/base/userinfo HTTP/1.1" 200 OK
2025-03-03 02:55:43 - INFO - 127.0.0.1:59354 - "GET /api/v1/base/usermenu HTTP/1.1" 200 OK
2025-03-03 02:55:43 - INFO - 127.0.0.1:59364 - "GET /api/v1/base/userapi HTTP/1.1" 200 OK
2025-03-03 02:55:43 - INFO - 127.0.0.1:40242 - "GET /api/v1/total/list?page=1&page_size=10 HTTP/1.1" 200 OK
2025-03-03 03:08:24 - INFO - 127.0.0.1:46764 - "GET /api/v1/base/userinfo HTTP/1.1" 200 OK
2025-03-03 03:08:24 - INFO - 127.0.0.1:46780 - "GET /api/v1/base/usermenu HTTP/1.1" 200 OK
2025-03-03 03:08:24 - INFO - 127.0.0.1:46782 - "GET /api/v1/base/userapi HTTP/1.1" 200 OK
2025-03-03 03:08:24 - INFO - 127.0.0.1:46784 - "GET /api/v1/total/list?page=1&page_size=10 HTTP/1.1" 200 OK
2025-03-03 03:09:34 - INFO - 127.0.0.1:36118 - "GET /api/v1/total/list?date=2025-03-04&page=1&page_size=10 HTTP/1.1" 200 OK
2025-03-03 03:09:37 - INFO - 127.0.0.1:36128 - "GET /api/v1/total/list?page=1&page_size=10 HTTP/1.1" 200 OK
2025-03-03 03:09:41 - INFO - 127.0.0.1:36140 - "GET /api/v1/total/list?date=2025-03-28&page=1&page_size=10 HTTP/1.1" 200 OK
2025-03-03 03:22:31 - INFO - 127.0.0.1:39348 - "GET /api/v1/base/userinfo HTTP/1.1" 200 OK
2025-03-03 03:22:31 - INFO - 127.0.0.1:39362 - "GET /api/v1/base/usermenu HTTP/1.1" 200 OK
2025-03-03 03:22:31 - INFO - 127.0.0.1:39376 - "GET /api/v1/base/userapi HTTP/1.1" 200 OK
2025-03-03 03:22:31 - INFO - 127.0.0.1:39382 - "GET /api/v1/total/list?page=1&page_size=10 HTTP/1.1" 200 OK
2025-03-03 03:22:38 - INFO - 127.0.0.1:45396 - "GET /api/v1/base/userinfo HTTP/1.1" 200 OK
2025-03-03 03:22:38 - INFO - 127.0.0.1:45402 - "GET /api/v1/base/usermenu HTTP/1.1" 200 OK
2025-03-03 03:22:38 - INFO - 127.0.0.1:45404 - "GET /api/v1/base/userapi HTTP/1.1" 200 OK
2025-03-03 03:22:38 - INFO - 127.0.0.1:45418 - "GET /api/v1/total/list?page=1&page_size=10 HTTP/1.1" 200 OK
2025-03-03 03:22:43 - INFO - 127.0.0.1:43294 - "POST /api/v1/total/update HTTP/1.1" 200 OK
2025-03-03 03:22:43 - INFO - 127.0.0.1:43308 - "GET /api/v1/total/list?page=1&page_size=10 HTTP/1.1" 200 OK
2025-03-03 03:24:55 - INFO - 127.0.0.1:34688 - "GET /api/v1/base/userinfo HTTP/1.1" 200 OK
2025-03-03 03:24:55 - INFO - 127.0.0.1:34690 - "GET /api/v1/base/usermenu HTTP/1.1" 200 OK
2025-03-03 03:24:56 - INFO - 127.0.0.1:34694 - "GET /api/v1/base/userapi HTTP/1.1" 200 OK
2025-03-03 03:24:56 - INFO - 127.0.0.1:34706 - "GET /api/v1/total/list?page=1&page_size=10 HTTP/1.1" 200 OK
2025-03-03 03:24:59 - INFO - 127.0.0.1:34714 - "GET /api/v1/base/userinfo HTTP/1.1" 200 OK
2025-03-03 03:24:59 - INFO - 127.0.0.1:34716 - "GET /api/v1/base/usermenu HTTP/1.1" 200 OK
2025-03-03 03:24:59 - INFO - 127.0.0.1:34730 - "GET /api/v1/base/userapi HTTP/1.1" 200 OK
2025-03-03 03:25:00 - INFO - 127.0.0.1:34742 - "GET /api/v1/total/list?page=1&page_size=10 HTTP/1.1" 200 OK
2025-03-03 03:25:43 - INFO - 127.0.0.1:45982 - "GET /api/v1/base/userinfo HTTP/1.1" 200 OK
2025-03-03 03:25:43 - INFO - 127.0.0.1:45986 - "GET /api/v1/base/usermenu HTTP/1.1" 200 OK
2025-03-03 03:25:43 - INFO - 127.0.0.1:45996 - "GET /api/v1/base/userapi HTTP/1.1" 200 OK
2025-03-03 03:25:43 - INFO - 127.0.0.1:46004 - "GET /api/v1/total/list?page=1&page_size=10 HTTP/1.1" 200 OK
2025-03-03 03:25:54 - INFO - 127.0.0.1:54244 - "GET /api/v1/base/userinfo HTTP/1.1" 200 OK
2025-03-03 03:25:54 - INFO - 127.0.0.1:54254 - "GET /api/v1/base/usermenu HTTP/1.1" 200 OK
2025-03-03 03:25:54 - INFO - 127.0.0.1:54268 - "GET /api/v1/base/userapi HTTP/1.1" 200 OK
2025-03-03 03:25:54 - INFO - 127.0.0.1:54280 - "GET /api/v1/total/list?page=1&page_size=10 HTTP/1.1" 200 OK
2025-03-03 03:27:42 - INFO - 127.0.0.1:34548 - "GET /api/v1/base/userinfo HTTP/1.1" 200 OK
2025-03-03 03:27:42 - INFO - 127.0.0.1:34558 - "GET /api/v1/base/usermenu HTTP/1.1" 200 OK
2025-03-03 03:27:42 - INFO - 127.0.0.1:34572 - "GET /api/v1/base/userapi HTTP/1.1" 200 OK
2025-03-03 03:27:42 - INFO - 127.0.0.1:34576 - "GET /api/v1/total/list?page=1&page_size=10 HTTP/1.1" 200 OK
2025-03-03 03:27:48 - INFO - 127.0.0.1:51998 - "GET /api/v1/base/userinfo HTTP/1.1" 200 OK
2025-03-03 03:27:48 - INFO - 127.0.0.1:52006 - "GET /api/v1/base/usermenu HTTP/1.1" 200 OK
2025-03-03 03:27:49 - INFO - 127.0.0.1:52012 - "GET /api/v1/base/userapi HTTP/1.1" 200 OK
2025-03-03 03:27:49 - INFO - 127.0.0.1:52016 - "GET /api/v1/total/list?page=1&page_size=10 HTTP/1.1" 200 OK
2025-03-03 03:28:54 - INFO - 127.0.0.1:38728 - "GET /api/v1/base/userinfo HTTP/1.1" 200 OK
2025-03-03 03:28:54 - INFO - 127.0.0.1:38738 - "GET /api/v1/base/usermenu HTTP/1.1" 200 OK
2025-03-03 03:28:54 - INFO - 127.0.0.1:38740 - "GET /api/v1/base/userapi HTTP/1.1" 200 OK
2025-03-03 03:28:54 - INFO - 127.0.0.1:38748 - "GET /api/v1/total/list?page=1&page_size=10 HTTP/1.1" 200 OK
2025-03-03 03:29:00 - INFO - 127.0.0.1:38762 - "GET /api/v1/base/userinfo HTTP/1.1" 200 OK
2025-03-03 03:29:00 - INFO - 127.0.0.1:38776 - "GET /api/v1/base/usermenu HTTP/1.1" 200 OK
2025-03-03 03:29:00 - INFO - 127.0.0.1:38784 - "GET /api/v1/base/userapi HTTP/1.1" 200 OK
2025-03-03 03:29:00 - INFO - 127.0.0.1:38788 - "GET /api/v1/total/list?page=1&page_size=10 HTTP/1.1" 200 OK
2025-03-03 03:29:21 - INFO - 127.0.0.1:35352 - "POST /api/v1/total/create HTTP/1.1" 422 Unprocessable Entity
2025-03-03 03:30:08 - INFO - 127.0.0.1:33144 - "GET /api/v1/base/userinfo HTTP/1.1" 200 OK
2025-03-03 03:30:08 - INFO - 127.0.0.1:33150 - "GET /api/v1/base/usermenu HTTP/1.1" 200 OK
2025-03-03 03:30:09 - INFO - 127.0.0.1:33156 - "GET /api/v1/base/userapi HTTP/1.1" 200 OK
2025-03-03 03:30:09 - INFO - 127.0.0.1:33164 - "GET /api/v1/total/list?page=1&page_size=10 HTTP/1.1" 200 OK
2025-03-03 03:30:12 - INFO - 127.0.0.1:33170 - "GET /api/v1/base/userinfo HTTP/1.1" 200 OK
2025-03-03 03:30:12 - INFO - 127.0.0.1:33182 - "GET /api/v1/base/usermenu HTTP/1.1" 200 OK
2025-03-03 03:30:12 - INFO - 127.0.0.1:33194 - "GET /api/v1/base/userapi HTTP/1.1" 200 OK
2025-03-03 03:30:13 - INFO - 127.0.0.1:56820 - "GET /api/v1/total/list?page=1&page_size=10 HTTP/1.1" 200 OK
2025-03-03 03:30:29 - INFO - 127.0.0.1:59296 - "GET /api/v1/base/userinfo HTTP/1.1" 200 OK
2025-03-03 03:30:29 - INFO - 127.0.0.1:59310 - "GET /api/v1/base/usermenu HTTP/1.1" 200 OK
2025-03-03 03:30:29 - INFO - 127.0.0.1:59322 - "GET /api/v1/base/userapi HTTP/1.1" 200 OK
2025-03-03 03:30:29 - INFO - 127.0.0.1:59326 - "GET /api/v1/total/list?page=1&page_size=10 HTTP/1.1" 200 OK
2025-03-03 03:30:32 - INFO - 127.0.0.1:59340 - "GET /api/v1/base/userinfo HTTP/1.1" 200 OK
2025-03-03 03:30:32 - INFO - 127.0.0.1:59346 - "GET /api/v1/base/usermenu HTTP/1.1" 200 OK
2025-03-03 03:30:32 - INFO - 127.0.0.1:59348 - "GET /api/v1/base/userapi HTTP/1.1" 200 OK
2025-03-03 03:30:32 - INFO - 127.0.0.1:59352 - "GET /api/v1/total/list?page=1&page_size=10 HTTP/1.1" 200 OK
2025-03-03 03:35:15 - INFO - 127.0.0.1:42970 - "GET /api/v1/base/userinfo HTTP/1.1" 200 OK
2025-03-03 03:35:15 - INFO - 127.0.0.1:42972 - "GET /api/v1/base/usermenu HTTP/1.1" 200 OK
2025-03-03 03:35:15 - INFO - 127.0.0.1:42984 - "GET /api/v1/base/userapi HTTP/1.1" 200 OK
2025-03-03 03:35:16 - INFO - 127.0.0.1:42992 - "GET /api/v1/total/list?page=1&page_size=10 HTTP/1.1" 200 OK
2025-03-03 03:35:24 - INFO - 127.0.0.1:37604 - "POST /api/v1/total/update HTTP/1.1" 200 OK
2025-03-03 03:35:25 - INFO - 127.0.0.1:37620 - "GET /api/v1/total/list?page=1&page_size=10 HTTP/1.1" 200 OK
2025-03-03 03:37:59 - INFO - 127.0.0.1:33166 - "GET /api/v1/base/userinfo HTTP/1.1" 200 OK
2025-03-03 03:37:59 - INFO - 127.0.0.1:33182 - "GET /api/v1/base/usermenu HTTP/1.1" 200 OK
2025-03-03 03:37:59 - INFO - 127.0.0.1:33190 - "GET /api/v1/base/userapi HTTP/1.1" 200 OK
2025-03-03 03:37:59 - INFO - 127.0.0.1:33204 - "GET /api/v1/total/list?page=1&page_size=10 HTTP/1.1" 200 OK
2025-03-03 03:38:09 - INFO - 127.0.0.1:33854 - "POST /api/v1/total/update HTTP/1.1" 200 OK
2025-03-03 03:38:09 - INFO - 127.0.0.1:33862 - "GET /api/v1/total/list?page=1&page_size=10 HTTP/1.1" 200 OK
2025-03-03 03:38:46 - INFO - 127.0.0.1:33486 - "GET /api/v1/base/userinfo HTTP/1.1" 200 OK
2025-03-03 03:38:46 - INFO - 127.0.0.1:33502 - "GET /api/v1/base/usermenu HTTP/1.1" 200 OK
2025-03-03 03:38:46 - INFO - 127.0.0.1:33512 - "GET /api/v1/base/userapi HTTP/1.1" 200 OK
2025-03-03 03:38:46 - INFO - 127.0.0.1:33526 - "GET /api/v1/total/list?page=1&page_size=10 HTTP/1.1" 200 OK
2025-03-03 03:38:53 - INFO - 127.0.0.1:35458 - "POST /api/v1/total/update HTTP/1.1" 200 OK
2025-03-03 03:38:53 - INFO - 127.0.0.1:35468 - "GET /api/v1/total/list?page=1&page_size=10 HTTP/1.1" 200 OK
2025-03-03 03:47:10 - INFO - 127.0.0.1:44390 - "GET /api/v1/base/userinfo HTTP/1.1" 200 OK
2025-03-03 03:47:10 - INFO - 127.0.0.1:44394 - "GET /api/v1/base/usermenu HTTP/1.1" 200 OK
2025-03-03 03:47:10 - INFO - 127.0.0.1:44396 - "GET /api/v1/base/userapi HTTP/1.1" 200 OK
2025-03-03 03:47:11 - INFO - 127.0.0.1:44406 - "GET /api/v1/total/list?page=1&page_size=10 HTTP/1.1" 200 OK
2025-03-03 03:47:48 - INFO - 127.0.0.1:42590 - "GET /api/v1/base/userinfo HTTP/1.1" 200 OK
2025-03-03 03:47:48 - INFO - 127.0.0.1:42592 - "GET /api/v1/base/usermenu HTTP/1.1" 200 OK
2025-03-03 03:47:49 - INFO - 127.0.0.1:42594 - "GET /api/v1/base/userapi HTTP/1.1" 200 OK
2025-03-03 03:47:49 - INFO - 127.0.0.1:42604 - "GET /api/v1/total/list?page=1&page_size=10 HTTP/1.1" 200 OK
2025-03-03 03:48:02 - INFO - 127.0.0.1:41838 - "POST /api/v1/total/update HTTP/1.1" 200 OK
2025-03-03 03:48:03 - INFO - 127.0.0.1:41848 - "GET /api/v1/total/list?page=1&page_size=10 HTTP/1.1" 200 OK
2025-03-03 03:55:26 - INFO - 127.0.0.1:58598 - "GET /api/v1/base/userinfo HTTP/1.1" 200 OK
2025-03-03 03:55:26 - INFO - 127.0.0.1:58604 - "GET /api/v1/base/usermenu HTTP/1.1" 200 OK
2025-03-03 03:55:26 - INFO - 127.0.0.1:58616 - "GET /api/v1/base/userapi HTTP/1.1" 200 OK
2025-03-03 03:55:27 - INFO - 127.0.0.1:58624 - "GET /api/v1/total/list?page=1&page_size=10 HTTP/1.1" 200 OK
2025-03-03 03:55:30 - INFO - 10.8.0.23:28988 - "GET / HTTP/1.1" 404 Not Found
2025-03-03 03:55:30 - INFO - 10.8.0.23:28988 - "GET /favicon.ico HTTP/1.1" 404 Not Found
2025-03-03 03:55:34 - INFO - 10.8.0.23:28988 - "GET /docs HTTP/1.1" 200 OK
2025-03-03 03:55:35 - INFO - 10.8.0.23:28988 - "GET /openapi.json HTTP/1.1" 200 OK
2025-03-03 03:58:04 - INFO - 127.0.0.1:36848 - "GET /api/v1/base/userinfo HTTP/1.1" 200 OK
2025-03-03 03:58:04 - INFO - 127.0.0.1:36856 - "GET /api/v1/base/usermenu HTTP/1.1" 200 OK
2025-03-03 03:58:04 - INFO - 127.0.0.1:36858 - "GET /api/v1/base/userapi HTTP/1.1" 200 OK
2025-03-03 03:58:27 - INFO - 127.0.0.1:37576 - "GET /api/v1/base/userinfo HTTP/1.1" 200 OK
2025-03-03 03:58:27 - INFO - 127.0.0.1:37592 - "GET /api/v1/base/usermenu HTTP/1.1" 200 OK
2025-03-03 03:58:28 - INFO - 127.0.0.1:37604 - "GET /api/v1/base/userapi HTTP/1.1" 200 OK
2025-03-03 03:58:28 - INFO - 127.0.0.1:37614 - "GET /api/v1/total/list?page=1&page_size=10 HTTP/1.1" 200 OK
2025-03-03 03:58:53 - INFO - 127.0.0.1:43940 - "GET /api/v1/total/list?page=1&page_size=10 HTTP/1.1" 200 OK
2025-03-03 03:58:55 - INFO - 127.0.0.1:43952 - "GET /api/v1/total/list?page=1&page_size=10 HTTP/1.1" 200 OK
2025-03-03 03:58:56 - INFO - 127.0.0.1:43968 - "GET /api/v1/total/list?page=1&page_size=10 HTTP/1.1" 200 OK
2025-03-03 03:59:19 - INFO - 127.0.0.1:56420 - "GET /api/v1/total/list?page=1&page_size=10 HTTP/1.1" 200 OK
2025-03-03 03:59:21 - INFO - 127.0.0.1:56424 - "GET /api/v1/base/userinfo HTTP/1.1" 200 OK
2025-03-03 03:59:21 - INFO - 127.0.0.1:56432 - "GET /api/v1/base/usermenu HTTP/1.1" 200 OK
2025-03-03 03:59:21 - INFO - 127.0.0.1:56446 - "GET /api/v1/base/userapi HTTP/1.1" 200 OK
2025-03-03 03:59:21 - INFO - 127.0.0.1:56462 - "GET /api/v1/total/list?page=1&page_size=10 HTTP/1.1" 200 OK
2025-03-03 03:59:39 - INFO - 127.0.0.1:45762 - "GET /api/v1/total/list?page=1&page_size=10 HTTP/1.1" 200 OK
2025-03-03 04:02:22 - INFO - 127.0.0.1:60894 - "GET /api/v1/base/userinfo HTTP/1.1" 200 OK
2025-03-03 04:02:22 - INFO - 127.0.0.1:60906 - "GET /api/v1/base/usermenu HTTP/1.1" 200 OK
2025-03-03 04:02:22 - INFO - 127.0.0.1:60910 - "GET /api/v1/base/userapi HTTP/1.1" 200 OK
2025-03-03 04:02:22 - INFO - 127.0.0.1:60912 - "GET /api/v1/total/list?page=1&page_size=10 HTTP/1.1" 200 OK
2025-03-03 05:06:11 - INFO - 127.0.0.1:37546 - "GET /api/v1/base/userinfo HTTP/1.1" 200 OK
2025-03-03 05:06:11 - INFO - 127.0.0.1:37554 - "GET /api/v1/base/usermenu HTTP/1.1" 200 OK
2025-03-03 05:06:11 - INFO - 127.0.0.1:37570 - "GET /api/v1/base/userapi HTTP/1.1" 200 OK
2025-03-03 05:06:11 - INFO - 127.0.0.1:37572 - "GET /api/v1/total/list?page=1&page_size=10 HTTP/1.1" 200 OK
2025-03-03 05:07:45 - INFO - 127.0.0.1:44708 - "GET /api/v1/base/userinfo HTTP/1.1" 200 OK
2025-03-03 05:07:45 - INFO - 127.0.0.1:44722 - "GET /api/v1/base/usermenu HTTP/1.1" 200 OK
2025-03-03 05:07:45 - INFO - 127.0.0.1:44728 - "GET /api/v1/base/userapi HTTP/1.1" 200 OK
2025-03-03 05:07:45 - INFO - 127.0.0.1:44730 - "GET /api/v1/total/list?page=1&page_size=10 HTTP/1.1" 200 OK
2025-03-03 05:08:36 - INFO - 127.0.0.1:33964 - "GET /api/v1/base/userinfo HTTP/1.1" 200 OK
2025-03-03 05:08:36 - INFO - 127.0.0.1:33976 - "GET /api/v1/base/usermenu HTTP/1.1" 200 OK
2025-03-03 05:08:36 - INFO - 127.0.0.1:33980 - "GET /api/v1/base/userapi HTTP/1.1" 200 OK
2025-03-03 05:08:37 - INFO - 127.0.0.1:33996 - "GET /api/v1/total/list?page=1&page_size=10 HTTP/1.1" 200 OK
2025-03-03 05:08:49 - INFO - 127.0.0.1:47608 - "GET /api/v1/base/userinfo HTTP/1.1" 200 OK
2025-03-03 05:08:49 - INFO - 127.0.0.1:47616 - "GET /api/v1/base/usermenu HTTP/1.1" 200 OK
2025-03-03 05:08:49 - INFO - 127.0.0.1:47620 - "GET /api/v1/base/userapi HTTP/1.1" 200 OK
2025-03-03 05:08:50 - INFO - 127.0.0.1:47630 - "GET /api/v1/total/list?page=1&page_size=10 HTTP/1.1" 200 OK
2025-03-03 05:08:54 - INFO - 127.0.0.1:33340 - "POST /api/v1/total/update HTTP/1.1" 200 OK
2025-03-03 05:08:54 - INFO - 127.0.0.1:33356 - "GET /api/v1/total/list?page=1&page_size=10 HTTP/1.1" 200 OK
2025-03-03 05:09:06 - INFO - 127.0.0.1:56020 - "POST /api/v1/total/create HTTP/1.1" 200 OK
2025-03-03 05:09:06 - INFO - 127.0.0.1:56036 - "GET /api/v1/total/list?page=1&page_size=10 HTTP/1.1" 200 OK
2025-03-03 05:14:48 - INFO - 127.0.0.1:40380 - "GET /api/v1/total/list?page=1&page_size=10 HTTP/1.1" 200 OK
2025-03-03 05:14:53 - INFO - 127.0.0.1:53752 - "GET /api/v1/base/userinfo HTTP/1.1" 200 OK
2025-03-03 05:14:53 - INFO - 127.0.0.1:53758 - "GET /api/v1/base/usermenu HTTP/1.1" 200 OK
2025-03-03 05:14:53 - INFO - 127.0.0.1:53768 - "GET /api/v1/base/userapi HTTP/1.1" 200 OK
2025-03-03 05:14:54 - INFO - 127.0.0.1:53770 - "GET /api/v1/total/list?page=1&page_size=10 HTTP/1.1" 200 OK
2025-03-03 05:15:14 - INFO - 127.0.0.1:54412 - "GET /api/v1/total/list?page=1&page_size=10 HTTP/1.1" 200 OK
2025-03-03 05:15:15 - INFO - 127.0.0.1:54414 - "GET /api/v1/base/userinfo HTTP/1.1" 200 OK
2025-03-03 05:15:15 - INFO - 127.0.0.1:54428 - "GET /api/v1/base/usermenu HTTP/1.1" 200 OK
2025-03-03 05:15:15 - INFO - 127.0.0.1:54436 - "GET /api/v1/base/userapi HTTP/1.1" 200 OK
2025-03-03 05:15:16 - INFO - 127.0.0.1:54452 - "GET /api/v1/total/list?page=1&page_size=10 HTTP/1.1" 200 OK
2025-03-03 05:15:27 - INFO - 127.0.0.1:43006 - "GET /api/v1/total/list?page=1&page_size=10 HTTP/1.1" 200 OK
2025-03-03 05:15:28 - INFO - 127.0.0.1:43018 - "GET /api/v1/base/userinfo HTTP/1.1" 200 OK
2025-03-03 05:15:28 - INFO - 127.0.0.1:43034 - "GET /api/v1/base/usermenu HTTP/1.1" 200 OK
2025-03-03 05:15:28 - INFO - 127.0.0.1:43050 - "GET /api/v1/base/userapi HTTP/1.1" 200 OK
2025-03-03 05:15:29 - INFO - 127.0.0.1:43056 - "GET /api/v1/total/list?page=1&page_size=10 HTTP/1.1" 200 OK
2025-03-03 05:16:22 - INFO - 127.0.0.1:33186 - "GET /api/v1/base/userinfo HTTP/1.1" 200 OK
2025-03-03 05:16:22 - INFO - 127.0.0.1:33198 - "GET /api/v1/base/usermenu HTTP/1.1" 200 OK
2025-03-03 05:16:22 - INFO - 127.0.0.1:33204 - "GET /api/v1/base/userapi HTTP/1.1" 200 OK
2025-03-03 05:16:22 - INFO - 127.0.0.1:33208 - "GET /api/v1/total/list?page=1&page_size=10 HTTP/1.1" 200 OK
2025-03-03 05:22:07 - INFO - 127.0.0.1:41830 - "POST /api/v1/total/create HTTP/1.1" 200 OK
2025-03-03 05:22:07 - INFO - 127.0.0.1:41846 - "GET /api/v1/total/list?page=1&page_size=10 HTTP/1.1" 200 OK
2025-03-03 05:22:09 - INFO - 127.0.0.1:41850 - "GET /api/v1/total/list?page=1&page_size=10 HTTP/1.1" 200 OK
2025-03-03 05:22:10 - INFO - 127.0.0.1:41862 - "GET /api/v1/total/list?page=1&page_size=10 HTTP/1.1" 200 OK
2025-03-03 05:22:33 - INFO - 127.0.0.1:47946 - "GET /api/v1/total/list?page=1&page_size=10 HTTP/1.1" 200 OK
2025-03-03 05:22:39 - INFO - 127.0.0.1:47958 - "GET /api/v1/base/userinfo HTTP/1.1" 200 OK
2025-03-03 05:22:39 - INFO - 127.0.0.1:47964 - "GET /api/v1/base/usermenu HTTP/1.1" 200 OK
2025-03-03 05:22:39 - INFO - 127.0.0.1:47970 - "GET /api/v1/base/userapi HTTP/1.1" 200 OK
2025-03-03 05:22:39 - INFO - 127.0.0.1:47972 - "GET /api/v1/total/list?page=1&page_size=10 HTTP/1.1" 200 OK
2025-03-03 05:22:46 - INFO - 127.0.0.1:47140 - "GET /api/v1/total/list?page=1&page_size=10 HTTP/1.1" 200 OK
2025-03-03 05:22:52 - INFO - 127.0.0.1:47144 - "GET /api/v1/total/list?page=1&page_size=10 HTTP/1.1" 200 OK
2025-03-03 05:22:57 - INFO - 127.0.0.1:48766 - "GET /api/v1/total/list?page=1&page_size=10 HTTP/1.1" 200 OK
2025-03-03 05:23:05 - INFO - 127.0.0.1:53110 - "GET /api/v1/total/list?page=1&page_size=10 HTTP/1.1" 200 OK
2025-03-03 05:23:06 - INFO - 127.0.0.1:53122 - "GET /api/v1/base/userinfo HTTP/1.1" 200 OK
2025-03-03 05:23:07 - INFO - 127.0.0.1:53128 - "GET /api/v1/base/usermenu HTTP/1.1" 200 OK
2025-03-03 05:23:07 - INFO - 127.0.0.1:53132 - "GET /api/v1/base/userapi HTTP/1.1" 200 OK
2025-03-03 05:23:07 - INFO - 127.0.0.1:53148 - "GET /api/v1/total/list?page=1&page_size=10 HTTP/1.1" 200 OK
2025-03-03 05:23:30 - INFO - 127.0.0.1:51094 - "GET /api/v1/total/list?page=1&page_size=10 HTTP/1.1" 200 OK
2025-03-03 05:23:38 - INFO - 127.0.0.1:56902 - "GET /api/v1/total/list?page=1&page_size=10 HTTP/1.1" 200 OK
2025-03-03 05:23:43 - INFO - 127.0.0.1:34870 - "GET /api/v1/total/list?page=1&page_size=10 HTTP/1.1" 200 OK
2025-03-03 05:23:50 - INFO - 127.0.0.1:34882 - "GET /api/v1/total/list?page=1&page_size=10 HTTP/1.1" 200 OK
2025-03-03 05:23:55 - INFO - 127.0.0.1:33350 - "GET /api/v1/total/list?page=1&page_size=10 HTTP/1.1" 200 OK
2025-03-03 05:23:59 - INFO - 127.0.0.1:33354 - "GET /api/v1/total/list?page=1&page_size=10 HTTP/1.1" 200 OK
2025-03-03 05:24:29 - INFO - 127.0.0.1:43688 - "POST /api/v1/total/update HTTP/1.1" 200 OK
2025-03-03 05:24:29 - INFO - 127.0.0.1:43696 - "GET /api/v1/total/list?page=1&page_size=10 HTTP/1.1" 200 OK
2025-03-03 05:25:09 - INFO - 127.0.0.1:50984 - "GET /api/v1/total/list?page=1&page_size=10 HTTP/1.1" 200 OK
2025-03-03 05:25:10 - INFO - 127.0.0.1:50994 - "GET /api/v1/total/list?page=1&page_size=10 HTTP/1.1" 200 OK
2025-03-03 05:25:10 - INFO - 127.0.0.1:50998 - "GET /api/v1/total/list?page=1&page_size=10 HTTP/1.1" 200 OK
2025-03-03 05:25:14 - INFO - 127.0.0.1:55114 - "GET /api/v1/transactions/list?page=1&page_size=10 HTTP/1.1" 200 OK
2025-03-03 05:25:28 - INFO - 127.0.0.1:41752 - "GET /api/v1/total/list?page=1&page_size=10 HTTP/1.1" 200 OK
2025-03-03 05:25:37 - INFO - 127.0.0.1:37008 - "GET /api/v1/base/userinfo HTTP/1.1" 200 OK
2025-03-03 05:25:37 - INFO - 127.0.0.1:37020 - "GET /api/v1/base/usermenu HTTP/1.1" 200 OK
2025-03-03 05:25:37 - INFO - 127.0.0.1:37030 - "GET /api/v1/base/userapi HTTP/1.1" 200 OK
2025-03-03 05:25:39 - INFO - 127.0.0.1:37032 - "GET /api/v1/total/list?page=1&page_size=10 HTTP/1.1" 200 OK
2025-03-03 05:30:06 - WARNING - WatchFiles detected changes in 'app/schemas/field_work_record.py'. Reloading...
2025-03-03 05:30:06 - INFO - Shutting down
2025-03-03 05:30:06 - INFO - Waiting for application shutdown.
2025-03-03 05:30:06 - INFO - Application shutdown complete.
2025-03-03 05:30:06 - INFO - Finished server process [6538]
2025-03-03 05:30:07 - INFO - Started server process [9717]
2025-03-03 05:30:07 - INFO - Waiting for application startup.
2025-03-03 05:30:07 - INFO - Application startup complete.
2025-03-03 05:30:35 - WARNING - WatchFiles detected changes in 'app/schemas/field_work_record.py'. Reloading...
2025-03-03 05:30:35 - INFO - Shutting down
2025-03-03 05:30:36 - INFO - Waiting for application shutdown.
2025-03-03 05:30:36 - INFO - Application shutdown complete.
2025-03-03 05:30:36 - INFO - Finished server process [9717]
2025-03-03 05:30:36 - INFO - Started server process [9724]
2025-03-03 05:30:36 - INFO - Waiting for application startup.
2025-03-03 05:30:36 - INFO - Application startup complete.
2025-03-03 05:32:43 - WARNING - WatchFiles detected changes in 'app/api/v1/__init__.py'. Reloading...
2025-03-03 05:32:43 - INFO - Shutting down
2025-03-03 05:32:43 - INFO - Waiting for application shutdown.
2025-03-03 05:32:43 - INFO - Application shutdown complete.
2025-03-03 05:32:43 - INFO - Finished server process [9724]
2025-03-03 05:32:44 - INFO - Started server process [9757]
2025-03-03 05:32:44 - INFO - Waiting for application startup.
2025-03-03 05:32:44 - INFO - Application startup complete.
2025-03-03 05:36:14 - WARNING - WatchFiles detected changes in 'app/schemas/__init__.py'. Reloading...
2025-03-03 05:36:14 - INFO - Shutting down
2025-03-03 05:36:14 - INFO - Waiting for application shutdown.
2025-03-03 05:36:14 - INFO - Application shutdown complete.
2025-03-03 05:36:14 - INFO - Finished server process [9757]
2025-03-03 05:36:15 - INFO - Started server process [9790]
2025-03-03 05:36:15 - INFO - Waiting for application startup.
2025-03-03 05:36:15 - INFO - Application startup complete.
2025-03-03 05:38:36 - INFO - 127.0.0.1:50242 - "GET /api/v1/api/list?page=1&page_size=10 HTTP/1.1" 200 OK
2025-03-03 05:38:40 - INFO - 127.0.0.1:50244 - "GET /api/v1/api/list?page=2&page_size=10 HTTP/1.1" 200 OK
2025-03-03 05:38:42 - INFO - 127.0.0.1:50260 - "GET /api/v1/api/list?page=3&page_size=10 HTTP/1.1" 200 OK
2025-03-03 05:38:44 - INFO - 127.0.0.1:45970 - "GET /api/v1/api/list?page=5&page_size=10 HTTP/1.1" 200 OK
2025-03-03 05:38:46 - INFO - 127.0.0.1:45986 - "GET /api/v1/api/list?page=4&page_size=10 HTTP/1.1" 200 OK
2025-03-03 05:38:48 - INFO - 127.0.0.1:46002 - "GET /api/v1/api/list?page=1&page_size=10 HTTP/1.1" 200 OK
2025-03-03 05:38:51.997 | DEBUG    | app.controllers.api:refresh_api:41 - API Created GET /api/v1/field_work/list
2025-03-03 05:38:52.000 | DEBUG    | app.controllers.api:refresh_api:41 - API Created GET /api/v1/field_work/get
2025-03-03 05:38:52.003 | DEBUG    | app.controllers.api:refresh_api:41 - API Created POST /api/v1/field_work/create
2025-03-03 05:38:52.006 | DEBUG    | app.controllers.api:refresh_api:41 - API Created POST /api/v1/field_work/update
2025-03-03 05:38:52.009 | DEBUG    | app.controllers.api:refresh_api:41 - API Created DELETE /api/v1/field_work/delete
2025-03-03 05:38:52 - INFO - 127.0.0.1:46004 - "POST /api/v1/api/refresh HTTP/1.1" 200 OK
2025-03-03 05:38:52 - INFO - 127.0.0.1:46006 - "GET /api/v1/api/list?page=1&page_size=10 HTTP/1.1" 200 OK
2025-03-03 05:38:55 - INFO - 127.0.0.1:52240 - "GET /api/v1/api/list?page=2&page_size=10 HTTP/1.1" 200 OK
2025-03-03 05:38:57 - INFO - 127.0.0.1:52246 - "GET /api/v1/api/list?page=3&page_size=10 HTTP/1.1" 200 OK
2025-03-03 05:40:40 - INFO - 127.0.0.1:49100 - "GET /api/v1/api/list?page=2&page_size=10 HTTP/1.1" 200 OK
2025-03-03 05:40:42 - INFO - 127.0.0.1:49106 - "GET /api/v1/api/list?page=1&page_size=10 HTTP/1.1" 200 OK
2025-03-03 05:40:44 - INFO - 127.0.0.1:58064 - "GET /api/v1/api/list?page=5&page_size=10 HTTP/1.1" 200 OK
2025-03-03 05:40:46 - INFO - 127.0.0.1:58080 - "GET /api/v1/api/list?page=4&page_size=10 HTTP/1.1" 200 OK
2025-03-03 05:40:48 - INFO - 127.0.0.1:58084 - "GET /api/v1/api/list?page=3&page_size=10 HTTP/1.1" 200 OK
2025-03-03 05:40:50 - INFO - 127.0.0.1:58092 - "GET /api/v1/api/list?page=2&page_size=10 HTTP/1.1" 200 OK
2025-03-03 05:40:51 - INFO - 127.0.0.1:58098 - "GET /api/v1/api/list?page=3&page_size=10 HTTP/1.1" 200 OK
2025-03-03 05:40:55 - INFO - 127.0.0.1:46700 - "POST /api/v1/api/refresh HTTP/1.1" 200 OK
2025-03-03 05:40:55 - INFO - 127.0.0.1:46714 - "GET /api/v1/api/list?page=1&page_size=10 HTTP/1.1" 200 OK
2025-03-03 05:40:57 - INFO - 127.0.0.1:46718 - "GET /api/v1/api/list?page=2&page_size=10 HTTP/1.1" 200 OK
2025-03-03 05:40:59 - INFO - 127.0.0.1:46726 - "GET /api/v1/api/list?page=3&page_size=10 HTTP/1.1" 200 OK
2025-03-03 05:46:59 - INFO - 127.0.0.1:38476 - "GET /api/v1/base/userinfo HTTP/1.1" 200 OK
2025-03-03 05:46:59 - INFO - 127.0.0.1:38480 - "GET /api/v1/base/usermenu HTTP/1.1" 200 OK
2025-03-03 05:47:00 - INFO - 127.0.0.1:38488 - "GET /api/v1/base/userapi HTTP/1.1" 200 OK
2025-03-03 05:47:00 - INFO - 127.0.0.1:38500 - "GET /api/v1/api/list?page=1&page_size=10 HTTP/1.1" 200 OK
2025-03-03 05:51:08 - INFO - 127.0.0.1:58478 - "POST /api/v1/api/refresh HTTP/1.1" 200 OK
2025-03-03 05:51:08 - INFO - 127.0.0.1:58480 - "GET /api/v1/api/list?page=1&page_size=10 HTTP/1.1" 200 OK
2025-03-03 05:51:10 - INFO - 127.0.0.1:58482 - "GET /api/v1/api/list?page=2&page_size=10 HTTP/1.1" 200 OK
2025-03-03 05:51:12 - INFO - 127.0.0.1:58486 - "GET /api/v1/api/list?page=3&page_size=10 HTTP/1.1" 200 OK
2025-03-03 05:51:19 - INFO - 127.0.0.1:50152 - "GET /api/v1/api/list?page=2&page_size=10 HTTP/1.1" 200 OK
2025-03-03 05:51:36 - INFO - 127.0.0.1:40258 - "GET /api/v1/api/list?page=3&page_size=10 HTTP/1.1" 200 OK
2025-03-03 05:52:06 - INFO - 127.0.0.1:37078 - "GET /api/v1/api/list?page=2&page_size=10 HTTP/1.1" 200 OK
2025-03-03 05:52:10 - INFO - 127.0.0.1:37086 - "GET /api/v1/api/list?page=3&page_size=10 HTTP/1.1" 200 OK
2025-03-03 05:52:20 - INFO - 127.0.0.1:41142 - "DELETE /api/v1/api/delete?api_id=45 HTTP/1.1" 200 OK
2025-03-03 05:52:20 - INFO - 127.0.0.1:41148 - "GET /api/v1/api/list?page=1&page_size=10 HTTP/1.1" 200 OK
2025-03-03 05:52:31 - INFO - 127.0.0.1:55016 - "GET /api/v1/api/list?path=field&page=1&page_size=10 HTTP/1.1" 200 OK
2025-03-03 05:52:34 - INFO - 127.0.0.1:46476 - "DELETE /api/v1/api/delete?api_id=46 HTTP/1.1" 200 OK
2025-03-03 05:52:34 - INFO - 127.0.0.1:46482 - "GET /api/v1/api/list?path=field&page=1&page_size=10 HTTP/1.1" 200 OK
2025-03-03 05:52:35 - INFO - 127.0.0.1:46496 - "DELETE /api/v1/api/delete?api_id=47 HTTP/1.1" 200 OK
2025-03-03 05:52:35 - INFO - 127.0.0.1:46506 - "GET /api/v1/api/list?path=field&page=1&page_size=10 HTTP/1.1" 200 OK
2025-03-03 05:52:36 - INFO - 127.0.0.1:46512 - "DELETE /api/v1/api/delete?api_id=48 HTTP/1.1" 200 OK
2025-03-03 05:52:36 - INFO - 127.0.0.1:46520 - "GET /api/v1/api/list?path=field&page=1&page_size=10 HTTP/1.1" 200 OK
2025-03-03 05:52:37 - INFO - 127.0.0.1:46522 - "DELETE /api/v1/api/delete?api_id=49 HTTP/1.1" 200 OK
2025-03-03 05:52:37 - INFO - 127.0.0.1:46530 - "GET /api/v1/api/list?path=field&page=1&page_size=10 HTTP/1.1" 200 OK
2025-03-03 05:52:40.868 | DEBUG    | app.controllers.api:refresh_api:41 - API Created GET /api/v1/field_work/list
2025-03-03 05:52:40.871 | DEBUG    | app.controllers.api:refresh_api:41 - API Created GET /api/v1/field_work/get
2025-03-03 05:52:40.875 | DEBUG    | app.controllers.api:refresh_api:41 - API Created POST /api/v1/field_work/create
2025-03-03 05:52:40.879 | DEBUG    | app.controllers.api:refresh_api:41 - API Created POST /api/v1/field_work/update
2025-03-03 05:52:40.883 | DEBUG    | app.controllers.api:refresh_api:41 - API Created DELETE /api/v1/field_work/delete
2025-03-03 05:52:40 - INFO - 127.0.0.1:46542 - "POST /api/v1/api/refresh HTTP/1.1" 200 OK
2025-03-03 05:52:40 - INFO - 127.0.0.1:46558 - "GET /api/v1/api/list?path=field&page=1&page_size=10 HTTP/1.1" 200 OK
2025-03-03 06:06:22 - INFO - 127.0.0.1:56138 - "GET /api/v1/base/userinfo HTTP/1.1" 200 OK
2025-03-03 06:06:22 - INFO - 127.0.0.1:56152 - "GET /api/v1/base/usermenu HTTP/1.1" 200 OK
2025-03-03 06:06:22 - INFO - 127.0.0.1:56160 - "GET /api/v1/base/userapi HTTP/1.1" 200 OK
2025-03-03 06:06:22 - INFO - 127.0.0.1:56168 - "GET /api/v1/api/list?page=1&page_size=10 HTTP/1.1" 200 OK
2025-03-03 06:06:59 - INFO - 127.0.0.1:37934 - "GET /api/v1/base/userinfo HTTP/1.1" 200 OK
2025-03-03 06:06:59 - INFO - 127.0.0.1:37942 - "GET /api/v1/base/usermenu HTTP/1.1" 200 OK
2025-03-03 06:06:59 - INFO - 127.0.0.1:37956 - "GET /api/v1/base/userapi HTTP/1.1" 200 OK
2025-03-03 06:07:00 - INFO - 127.0.0.1:37958 - "GET /api/v1/api/list?page=1&page_size=10 HTTP/1.1" 200 OK
2025-03-03 06:07:05 - INFO - 127.0.0.1:59058 - "POST /api/v1/api/refresh HTTP/1.1" 200 OK
2025-03-03 06:07:05 - INFO - 127.0.0.1:59074 - "GET /api/v1/api/list?page=1&page_size=10 HTTP/1.1" 200 OK
2025-03-03 06:07:07 - INFO - 127.0.0.1:59080 - "GET /api/v1/api/list?page=2&page_size=10 HTTP/1.1" 200 OK
2025-03-03 06:07:08 - INFO - 127.0.0.1:59090 - "GET /api/v1/api/list?page=3&page_size=10 HTTP/1.1" 200 OK
2025-03-03 06:07:10 - INFO - 127.0.0.1:59100 - "GET /api/v1/total/list?page=1&page_size=10 HTTP/1.1" 200 OK
2025-03-03 06:07:28 - INFO - 127.0.0.1:47332 - "GET /api/v1/base/userinfo HTTP/1.1" 200 OK
2025-03-03 06:07:28 - INFO - 127.0.0.1:47348 - "GET /api/v1/base/usermenu HTTP/1.1" 200 OK
2025-03-03 06:07:28 - INFO - 127.0.0.1:47350 - "GET /api/v1/base/userapi HTTP/1.1" 200 OK
2025-03-03 06:07:29 - INFO - 127.0.0.1:47354 - "GET /api/v1/total/list?page=1&page_size=10 HTTP/1.1" 200 OK
2025-03-03 06:08:30 - INFO - 127.0.0.1:59058 - "GET /api/v1/total/list?page=1&page_size=10 HTTP/1.1" 200 OK
2025-03-03 06:08:38 - INFO - 127.0.0.1:49228 - "GET /api/v1/base/userinfo HTTP/1.1" 200 OK
2025-03-03 06:08:38 - INFO - 127.0.0.1:49232 - "GET /api/v1/base/usermenu HTTP/1.1" 200 OK
2025-03-03 06:08:38 - INFO - 127.0.0.1:49248 - "GET /api/v1/base/userapi HTTP/1.1" 200 OK
2025-03-03 06:08:38 - INFO - 127.0.0.1:49264 - "GET /api/v1/total/list?page=1&page_size=10 HTTP/1.1" 200 OK
2025-03-03 06:08:40 - INFO - 127.0.0.1:49302 - "GET /api/v1/dept/list HTTP/1.1" 200 OK
2025-03-03 06:08:40 - INFO - 127.0.0.1:49290 - "GET /api/v1/role/list?page=1&page_size=9999 HTTP/1.1" 200 OK
2025-03-03 06:08:40 - INFO - 127.0.0.1:49276 - "GET /api/v1/user/list?page=1&page_size=10 HTTP/1.1" 200 OK
2025-03-03 06:08:40 - INFO - 127.0.0.1:49312 - "GET /api/v1/role/list?page=1&page_size=10 HTTP/1.1" 200 OK
2025-03-03 06:08:43 - INFO - 127.0.0.1:47808 - "GET /api/v1/total/list?page=1&page_size=10 HTTP/1.1" 200 OK
2025-03-03 06:10:12 - INFO - 127.0.0.1:51810 - "GET /api/v1/base/userinfo HTTP/1.1" 200 OK
2025-03-03 06:10:12 - INFO - 127.0.0.1:51814 - "GET /api/v1/base/usermenu HTTP/1.1" 200 OK
2025-03-03 06:10:12 - INFO - 127.0.0.1:51826 - "GET /api/v1/base/userapi HTTP/1.1" 200 OK
2025-03-03 06:10:12 - INFO - 127.0.0.1:51832 - "GET /api/v1/total/list?page=1&page_size=10 HTTP/1.1" 200 OK
2025-03-03 06:10:14 - INFO - 127.0.0.1:42304 - "GET /api/v1/field_work/list?page=1&page_size=10 HTTP/1.1" 200 OK
2025-03-03 06:10:22 - INFO - 127.0.0.1:42312 - "GET /api/v1/total/list?page=1&page_size=10 HTTP/1.1" 200 OK
2025-03-03 06:10:25 - INFO - 127.0.0.1:48544 - "GET /api/v1/field_work/list?page=1&page_size=10 HTTP/1.1" 200 OK
2025-03-03 06:10:29 - INFO - 127.0.0.1:48558 - "GET /api/v1/total/list?page=1&page_size=10 HTTP/1.1" 200 OK
2025-03-03 06:10:34 - INFO - 127.0.0.1:45044 - "GET /api/v1/field_work/list?page=1&page_size=10 HTTP/1.1" 200 OK
2025-03-03 06:11:03 - INFO - 127.0.0.1:37286 - "GET /api/v1/api/list?page=1&page_size=10 HTTP/1.1" 200 OK
2025-03-03 06:11:05 - INFO - 127.0.0.1:37288 - "POST /api/v1/api/refresh HTTP/1.1" 200 OK
2025-03-03 06:11:05 - INFO - 127.0.0.1:37304 - "GET /api/v1/api/list?page=1&page_size=10 HTTP/1.1" 200 OK
2025-03-03 06:11:08 - INFO - 127.0.0.1:37308 - "GET /api/v1/api/list?page=2&page_size=10 HTTP/1.1" 200 OK
2025-03-03 06:11:10 - INFO - 127.0.0.1:37324 - "GET /api/v1/api/list?page=3&page_size=10 HTTP/1.1" 200 OK
2025-03-03 06:16:27 - WARNING - WatchFiles detected changes in 'app/api/v1/field_work/__init__.py'. Reloading...
2025-03-03 06:16:27 - INFO - Shutting down
2025-03-03 06:16:27 - INFO - Waiting for application shutdown.
2025-03-03 06:16:27 - INFO - Application shutdown complete.
2025-03-03 06:16:27 - INFO - Finished server process [9790]
2025-03-03 06:16:28 - INFO - Started server process [10035]
2025-03-03 06:16:28 - INFO - Waiting for application startup.
2025-03-03 06:16:28 - INFO - Application startup complete.
2025-03-03 06:16:53 - WARNING - WatchFiles detected changes in 'app/api/v1/__init__.py'. Reloading...
2025-03-03 06:16:53 - INFO - Shutting down
2025-03-03 06:16:53 - INFO - Waiting for application shutdown.
2025-03-03 06:16:53 - INFO - Application shutdown complete.
2025-03-03 06:16:53 - INFO - Finished server process [10035]
Process SpawnProcess-7:
Traceback (most recent call last):
  File "/usr/lib/python3.12/multiprocessing/process.py", line 314, in _bootstrap
    self.run()
  File "/usr/lib/python3.12/multiprocessing/process.py", line 108, in run
    self._target(*self._args, **self._kwargs)
  File "/opt/vue-fastapi-admin/venv/lib/python3.12/site-packages/uvicorn/_subprocess.py", line 80, in subprocess_started
    target(sockets=sockets)
  File "/opt/vue-fastapi-admin/venv/lib/python3.12/site-packages/uvicorn/server.py", line 66, in run
    return asyncio.run(self.serve(sockets=sockets))
           ^^^^^^^^^^^^^^^^^^^^^^^^^^^^^^^^^^^^^^^^
  File "/usr/lib/python3.12/asyncio/runners.py", line 194, in run
    return runner.run(main)
           ^^^^^^^^^^^^^^^^
  File "/usr/lib/python3.12/asyncio/runners.py", line 118, in run
    return self._loop.run_until_complete(task)
           ^^^^^^^^^^^^^^^^^^^^^^^^^^^^^^^^^^^
  File "uvloop/loop.pyx", line 1518, in uvloop.loop.Loop.run_until_complete
  File "/opt/vue-fastapi-admin/venv/lib/python3.12/site-packages/uvicorn/server.py", line 70, in serve
    await self._serve(sockets)
  File "/opt/vue-fastapi-admin/venv/lib/python3.12/site-packages/uvicorn/server.py", line 77, in _serve
    config.load()
  File "/opt/vue-fastapi-admin/venv/lib/python3.12/site-packages/uvicorn/config.py", line 435, in load
    self.loaded_app = import_from_string(self.app)
                      ^^^^^^^^^^^^^^^^^^^^^^^^^^^^
  File "/opt/vue-fastapi-admin/venv/lib/python3.12/site-packages/uvicorn/importer.py", line 19, in import_from_string
    module = importlib.import_module(module_str)
             ^^^^^^^^^^^^^^^^^^^^^^^^^^^^^^^^^^^
  File "/usr/lib/python3.12/importlib/__init__.py", line 90, in import_module
    return _bootstrap._gcd_import(name[level:], package, level)
           ^^^^^^^^^^^^^^^^^^^^^^^^^^^^^^^^^^^^^^^^^^^^^^^^^^^^
  File "<frozen importlib._bootstrap>", line 1387, in _gcd_import
  File "<frozen importlib._bootstrap>", line 1360, in _find_and_load
  File "<frozen importlib._bootstrap>", line 1331, in _find_and_load_unlocked
  File "<frozen importlib._bootstrap>", line 935, in _load_unlocked
  File "<frozen importlib._bootstrap_external>", line 995, in exec_module
  File "<frozen importlib._bootstrap>", line 488, in _call_with_frames_removed
  File "/opt/vue-fastapi-admin/app/__init__.py", line 7, in <module>
    from app.core.init_app import (
  File "/opt/vue-fastapi-admin/app/core/init_app.py", line 9, in <module>
    from app.api import api_router
  File "/opt/vue-fastapi-admin/app/api/__init__.py", line 3, in <module>
    from .v1 import v1_router
  File "/opt/vue-fastapi-admin/app/api/v1/__init__.py", line 26, in <module>
    v1_router.include_router(field_work_router, prefix="/field_work", dependencies=[DependPermisson])  # 新增路由
                             ^^^^^^^^^^^^^^^^^
NameError: name 'field_work_router' is not defined
2025-03-03 06:17:18 - WARNING - WatchFiles detected changes in 'app/api/v1/__init__.py'. Reloading...
Process SpawnProcess-8:
Traceback (most recent call last):
  File "/usr/lib/python3.12/multiprocessing/process.py", line 314, in _bootstrap
    self.run()
  File "/usr/lib/python3.12/multiprocessing/process.py", line 108, in run
    self._target(*self._args, **self._kwargs)
  File "/opt/vue-fastapi-admin/venv/lib/python3.12/site-packages/uvicorn/_subprocess.py", line 80, in subprocess_started
    target(sockets=sockets)
  File "/opt/vue-fastapi-admin/venv/lib/python3.12/site-packages/uvicorn/server.py", line 66, in run
    return asyncio.run(self.serve(sockets=sockets))
           ^^^^^^^^^^^^^^^^^^^^^^^^^^^^^^^^^^^^^^^^
  File "/usr/lib/python3.12/asyncio/runners.py", line 194, in run
    return runner.run(main)
           ^^^^^^^^^^^^^^^^
  File "/usr/lib/python3.12/asyncio/runners.py", line 118, in run
    return self._loop.run_until_complete(task)
           ^^^^^^^^^^^^^^^^^^^^^^^^^^^^^^^^^^^
  File "uvloop/loop.pyx", line 1518, in uvloop.loop.Loop.run_until_complete
  File "/opt/vue-fastapi-admin/venv/lib/python3.12/site-packages/uvicorn/server.py", line 70, in serve
    await self._serve(sockets)
  File "/opt/vue-fastapi-admin/venv/lib/python3.12/site-packages/uvicorn/server.py", line 77, in _serve
    config.load()
  File "/opt/vue-fastapi-admin/venv/lib/python3.12/site-packages/uvicorn/config.py", line 435, in load
    self.loaded_app = import_from_string(self.app)
                      ^^^^^^^^^^^^^^^^^^^^^^^^^^^^
  File "/opt/vue-fastapi-admin/venv/lib/python3.12/site-packages/uvicorn/importer.py", line 19, in import_from_string
    module = importlib.import_module(module_str)
             ^^^^^^^^^^^^^^^^^^^^^^^^^^^^^^^^^^^
  File "/usr/lib/python3.12/importlib/__init__.py", line 90, in import_module
    return _bootstrap._gcd_import(name[level:], package, level)
           ^^^^^^^^^^^^^^^^^^^^^^^^^^^^^^^^^^^^^^^^^^^^^^^^^^^^
  File "<frozen importlib._bootstrap>", line 1387, in _gcd_import
  File "<frozen importlib._bootstrap>", line 1360, in _find_and_load
  File "<frozen importlib._bootstrap>", line 1331, in _find_and_load_unlocked
  File "<frozen importlib._bootstrap>", line 935, in _load_unlocked
  File "<frozen importlib._bootstrap_external>", line 995, in exec_module
  File "<frozen importlib._bootstrap>", line 488, in _call_with_frames_removed
  File "/opt/vue-fastapi-admin/app/__init__.py", line 7, in <module>
    from app.core.init_app import (
  File "/opt/vue-fastapi-admin/app/core/init_app.py", line 9, in <module>
    from app.api import api_router
  File "/opt/vue-fastapi-admin/app/api/__init__.py", line 3, in <module>
    from .v1 import v1_router
  File "/opt/vue-fastapi-admin/app/api/v1/__init__.py", line 26, in <module>
    v1_router.include_router(field_work_router, prefix="/field_work", dependencies=[DependPermisson])
                            ^^^^^^^^^^^^^^^^^
NameError: name 'field_work_router' is not defined
2025-03-03 06:18:50 - WARNING - WatchFiles detected changes in 'app/api/v1/__init__.py'. Reloading...
Process SpawnProcess-9:
Traceback (most recent call last):
  File "/usr/lib/python3.12/multiprocessing/process.py", line 314, in _bootstrap
    self.run()
  File "/usr/lib/python3.12/multiprocessing/process.py", line 108, in run
    self._target(*self._args, **self._kwargs)
  File "/opt/vue-fastapi-admin/venv/lib/python3.12/site-packages/uvicorn/_subprocess.py", line 80, in subprocess_started
    target(sockets=sockets)
  File "/opt/vue-fastapi-admin/venv/lib/python3.12/site-packages/uvicorn/server.py", line 66, in run
    return asyncio.run(self.serve(sockets=sockets))
           ^^^^^^^^^^^^^^^^^^^^^^^^^^^^^^^^^^^^^^^^
  File "/usr/lib/python3.12/asyncio/runners.py", line 194, in run
    return runner.run(main)
           ^^^^^^^^^^^^^^^^
  File "/usr/lib/python3.12/asyncio/runners.py", line 118, in run
    return self._loop.run_until_complete(task)
           ^^^^^^^^^^^^^^^^^^^^^^^^^^^^^^^^^^^
  File "uvloop/loop.pyx", line 1518, in uvloop.loop.Loop.run_until_complete
  File "/opt/vue-fastapi-admin/venv/lib/python3.12/site-packages/uvicorn/server.py", line 70, in serve
    await self._serve(sockets)
  File "/opt/vue-fastapi-admin/venv/lib/python3.12/site-packages/uvicorn/server.py", line 77, in _serve
    config.load()
  File "/opt/vue-fastapi-admin/venv/lib/python3.12/site-packages/uvicorn/config.py", line 435, in load
    self.loaded_app = import_from_string(self.app)
                      ^^^^^^^^^^^^^^^^^^^^^^^^^^^^
  File "/opt/vue-fastapi-admin/venv/lib/python3.12/site-packages/uvicorn/importer.py", line 19, in import_from_string
    module = importlib.import_module(module_str)
             ^^^^^^^^^^^^^^^^^^^^^^^^^^^^^^^^^^^
  File "/usr/lib/python3.12/importlib/__init__.py", line 90, in import_module
    return _bootstrap._gcd_import(name[level:], package, level)
           ^^^^^^^^^^^^^^^^^^^^^^^^^^^^^^^^^^^^^^^^^^^^^^^^^^^^
  File "<frozen importlib._bootstrap>", line 1387, in _gcd_import
  File "<frozen importlib._bootstrap>", line 1360, in _find_and_load
  File "<frozen importlib._bootstrap>", line 1331, in _find_and_load_unlocked
  File "<frozen importlib._bootstrap>", line 935, in _load_unlocked
  File "<frozen importlib._bootstrap_external>", line 995, in exec_module
  File "<frozen importlib._bootstrap>", line 488, in _call_with_frames_removed
  File "/opt/vue-fastapi-admin/app/__init__.py", line 7, in <module>
    from app.core.init_app import (
  File "/opt/vue-fastapi-admin/app/core/init_app.py", line 9, in <module>
    from app.api import api_router
  File "/opt/vue-fastapi-admin/app/api/__init__.py", line 3, in <module>
    from .v1 import v1_router
  File "/opt/vue-fastapi-admin/app/api/v1/__init__.py", line 14
    from .field_work importfield_work_router
                     ^^^^^^^^^^^^^^^^^^^^^^^
SyntaxError: invalid syntax
2025-03-03 06:19:39 - WARNING - WatchFiles detected changes in 'app/api/v1/__init__.py'. Reloading...
Process SpawnProcess-10:
Traceback (most recent call last):
  File "/usr/lib/python3.12/multiprocessing/process.py", line 314, in _bootstrap
    self.run()
  File "/usr/lib/python3.12/multiprocessing/process.py", line 108, in run
    self._target(*self._args, **self._kwargs)
  File "/opt/vue-fastapi-admin/venv/lib/python3.12/site-packages/uvicorn/_subprocess.py", line 80, in subprocess_started
    target(sockets=sockets)
  File "/opt/vue-fastapi-admin/venv/lib/python3.12/site-packages/uvicorn/server.py", line 66, in run
    return asyncio.run(self.serve(sockets=sockets))
           ^^^^^^^^^^^^^^^^^^^^^^^^^^^^^^^^^^^^^^^^
  File "/usr/lib/python3.12/asyncio/runners.py", line 194, in run
    return runner.run(main)
           ^^^^^^^^^^^^^^^^
  File "/usr/lib/python3.12/asyncio/runners.py", line 118, in run
    return self._loop.run_until_complete(task)
           ^^^^^^^^^^^^^^^^^^^^^^^^^^^^^^^^^^^
  File "uvloop/loop.pyx", line 1518, in uvloop.loop.Loop.run_until_complete
  File "/opt/vue-fastapi-admin/venv/lib/python3.12/site-packages/uvicorn/server.py", line 70, in serve
    await self._serve(sockets)
  File "/opt/vue-fastapi-admin/venv/lib/python3.12/site-packages/uvicorn/server.py", line 77, in _serve
    config.load()
  File "/opt/vue-fastapi-admin/venv/lib/python3.12/site-packages/uvicorn/config.py", line 435, in load
    self.loaded_app = import_from_string(self.app)
                      ^^^^^^^^^^^^^^^^^^^^^^^^^^^^
  File "/opt/vue-fastapi-admin/venv/lib/python3.12/site-packages/uvicorn/importer.py", line 22, in import_from_string
    raise exc from None
  File "/opt/vue-fastapi-admin/venv/lib/python3.12/site-packages/uvicorn/importer.py", line 19, in import_from_string
    module = importlib.import_module(module_str)
             ^^^^^^^^^^^^^^^^^^^^^^^^^^^^^^^^^^^
  File "/usr/lib/python3.12/importlib/__init__.py", line 90, in import_module
    return _bootstrap._gcd_import(name[level:], package, level)
           ^^^^^^^^^^^^^^^^^^^^^^^^^^^^^^^^^^^^^^^^^^^^^^^^^^^^
  File "<frozen importlib._bootstrap>", line 1387, in _gcd_import
  File "<frozen importlib._bootstrap>", line 1360, in _find_and_load
  File "<frozen importlib._bootstrap>", line 1331, in _find_and_load_unlocked
  File "<frozen importlib._bootstrap>", line 935, in _load_unlocked
  File "<frozen importlib._bootstrap_external>", line 995, in exec_module
  File "<frozen importlib._bootstrap>", line 488, in _call_with_frames_removed
  File "/opt/vue-fastapi-admin/app/__init__.py", line 7, in <module>
    from app.core.init_app import (
  File "/opt/vue-fastapi-admin/app/core/init_app.py", line 9, in <module>
    from app.api import api_router
  File "/opt/vue-fastapi-admin/app/api/__init__.py", line 3, in <module>
    from .v1 import v1_router
  File "/opt/vue-fastapi-admin/app/api/v1/__init__.py", line 14, in <module>
    from .field_work import field_work_router
  File "/opt/vue-fastapi-admin/app/api/v1/field_work/__init__.py", line 2, in <module>
    from .totals import router
ModuleNotFoundError: No module named 'app.api.v1.field_work.totals'
2025-03-03 06:22:23 - WARNING - WatchFiles detected changes in 'app/api/v1/field_work/__init__.py'. Reloading...
Process SpawnProcess-11:
Traceback (most recent call last):
  File "/usr/lib/python3.12/multiprocessing/process.py", line 314, in _bootstrap
    self.run()
  File "/usr/lib/python3.12/multiprocessing/process.py", line 108, in run
    self._target(*self._args, **self._kwargs)
  File "/opt/vue-fastapi-admin/venv/lib/python3.12/site-packages/uvicorn/_subprocess.py", line 80, in subprocess_started
    target(sockets=sockets)
  File "/opt/vue-fastapi-admin/venv/lib/python3.12/site-packages/uvicorn/server.py", line 66, in run
    return asyncio.run(self.serve(sockets=sockets))
           ^^^^^^^^^^^^^^^^^^^^^^^^^^^^^^^^^^^^^^^^
  File "/usr/lib/python3.12/asyncio/runners.py", line 194, in run
    return runner.run(main)
           ^^^^^^^^^^^^^^^^
  File "/usr/lib/python3.12/asyncio/runners.py", line 118, in run
    return self._loop.run_until_complete(task)
           ^^^^^^^^^^^^^^^^^^^^^^^^^^^^^^^^^^^
  File "uvloop/loop.pyx", line 1518, in uvloop.loop.Loop.run_until_complete
  File "/opt/vue-fastapi-admin/venv/lib/python3.12/site-packages/uvicorn/server.py", line 70, in serve
    await self._serve(sockets)
  File "/opt/vue-fastapi-admin/venv/lib/python3.12/site-packages/uvicorn/server.py", line 77, in _serve
    config.load()
  File "/opt/vue-fastapi-admin/venv/lib/python3.12/site-packages/uvicorn/config.py", line 435, in load
    self.loaded_app = import_from_string(self.app)
                      ^^^^^^^^^^^^^^^^^^^^^^^^^^^^
  File "/opt/vue-fastapi-admin/venv/lib/python3.12/site-packages/uvicorn/importer.py", line 22, in import_from_string
    raise exc from None
  File "/opt/vue-fastapi-admin/venv/lib/python3.12/site-packages/uvicorn/importer.py", line 19, in import_from_string
    module = importlib.import_module(module_str)
             ^^^^^^^^^^^^^^^^^^^^^^^^^^^^^^^^^^^
  File "/usr/lib/python3.12/importlib/__init__.py", line 90, in import_module
    return _bootstrap._gcd_import(name[level:], package, level)
           ^^^^^^^^^^^^^^^^^^^^^^^^^^^^^^^^^^^^^^^^^^^^^^^^^^^^
  File "<frozen importlib._bootstrap>", line 1387, in _gcd_import
  File "<frozen importlib._bootstrap>", line 1360, in _find_and_load
  File "<frozen importlib._bootstrap>", line 1331, in _find_and_load_unlocked
  File "<frozen importlib._bootstrap>", line 935, in _load_unlocked
  File "<frozen importlib._bootstrap_external>", line 995, in exec_module
  File "<frozen importlib._bootstrap>", line 488, in _call_with_frames_removed
  File "/opt/vue-fastapi-admin/app/__init__.py", line 7, in <module>
    from app.core.init_app import (
  File "/opt/vue-fastapi-admin/app/core/init_app.py", line 9, in <module>
    from app.api import api_router
  File "/opt/vue-fastapi-admin/app/api/__init__.py", line 3, in <module>
    from .v1 import v1_router
  File "/opt/vue-fastapi-admin/app/api/v1/__init__.py", line 14, in <module>
    from .field_work import field_work_router
  File "/opt/vue-fastapi-admin/app/api/v1/field_work/__init__.py", line 2, in <module>
    from .field_work import router
  File "/opt/vue-fastapi-admin/app/api/v1/field_work/field_work.py", line 3, in <module>
    from app.controllers.field_work import field_work_record_controller
ModuleNotFoundError: No module named 'app.controllers.field_work'
2025-03-03 06:26:06 - WARNING - WatchFiles detected changes in 'app/controllers/field_work_record_controller.py', 'app/controllers/field_work.py'. Reloading...
Process SpawnProcess-12:
Traceback (most recent call last):
  File "/usr/lib/python3.12/multiprocessing/process.py", line 314, in _bootstrap
    self.run()
  File "/usr/lib/python3.12/multiprocessing/process.py", line 108, in run
    self._target(*self._args, **self._kwargs)
  File "/opt/vue-fastapi-admin/venv/lib/python3.12/site-packages/uvicorn/_subprocess.py", line 80, in subprocess_started
    target(sockets=sockets)
  File "/opt/vue-fastapi-admin/venv/lib/python3.12/site-packages/uvicorn/server.py", line 66, in run
    return asyncio.run(self.serve(sockets=sockets))
           ^^^^^^^^^^^^^^^^^^^^^^^^^^^^^^^^^^^^^^^^
  File "/usr/lib/python3.12/asyncio/runners.py", line 194, in run
    return runner.run(main)
           ^^^^^^^^^^^^^^^^
  File "/usr/lib/python3.12/asyncio/runners.py", line 118, in run
    return self._loop.run_until_complete(task)
           ^^^^^^^^^^^^^^^^^^^^^^^^^^^^^^^^^^^
  File "uvloop/loop.pyx", line 1518, in uvloop.loop.Loop.run_until_complete
  File "/opt/vue-fastapi-admin/venv/lib/python3.12/site-packages/uvicorn/server.py", line 70, in serve
    await self._serve(sockets)
  File "/opt/vue-fastapi-admin/venv/lib/python3.12/site-packages/uvicorn/server.py", line 77, in _serve
    config.load()
  File "/opt/vue-fastapi-admin/venv/lib/python3.12/site-packages/uvicorn/config.py", line 435, in load
    self.loaded_app = import_from_string(self.app)
                      ^^^^^^^^^^^^^^^^^^^^^^^^^^^^
  File "/opt/vue-fastapi-admin/venv/lib/python3.12/site-packages/uvicorn/importer.py", line 19, in import_from_string
    module = importlib.import_module(module_str)
             ^^^^^^^^^^^^^^^^^^^^^^^^^^^^^^^^^^^
  File "/usr/lib/python3.12/importlib/__init__.py", line 90, in import_module
    return _bootstrap._gcd_import(name[level:], package, level)
           ^^^^^^^^^^^^^^^^^^^^^^^^^^^^^^^^^^^^^^^^^^^^^^^^^^^^
  File "<frozen importlib._bootstrap>", line 1387, in _gcd_import
  File "<frozen importlib._bootstrap>", line 1360, in _find_and_load
  File "<frozen importlib._bootstrap>", line 1331, in _find_and_load_unlocked
  File "<frozen importlib._bootstrap>", line 935, in _load_unlocked
  File "<frozen importlib._bootstrap_external>", line 995, in exec_module
  File "<frozen importlib._bootstrap>", line 488, in _call_with_frames_removed
  File "/opt/vue-fastapi-admin/app/__init__.py", line 7, in <module>
    from app.core.init_app import (
  File "/opt/vue-fastapi-admin/app/core/init_app.py", line 9, in <module>
    from app.api import api_router
  File "/opt/vue-fastapi-admin/app/api/__init__.py", line 3, in <module>
    from .v1 import v1_router
  File "/opt/vue-fastapi-admin/app/api/v1/__init__.py", line 14, in <module>
    from .field_work import field_work_router
  File "/opt/vue-fastapi-admin/app/api/v1/field_work/__init__.py", line 2, in <module>
    from .field_work import router
  File "/opt/vue-fastapi-admin/app/api/v1/field_work/field_work.py", line 3, in <module>
    from app.controllers.field_work import field_work_record_controller
  File "/opt/vue-fastapi-admin/app/controllers/field_work.py", line 3, in <module>
    from app.schemas.field_work_record import FieldWorkRecordCreate, FieldWorkRecordUpdate
  File "/opt/vue-fastapi-admin/app/schemas/field_work_record.py", line 5, in <module>
    class FieldWorkRecordBase(BaseModel):
  File "/opt/vue-fastapi-admin/app/schemas/field_work_record.py", line 6, in FieldWorkRecordBase
    name: str= Field(..., description="外勤名称")
               ^^^^^
NameError: name 'Field' is not defined
2025-03-03 06:27:04 - WARNING - WatchFiles detected changes in 'app/schemas/field_work_record.py'. Reloading...
Process SpawnProcess-13:
Traceback (most recent call last):
  File "/usr/lib/python3.12/multiprocessing/process.py", line 314, in _bootstrap
    self.run()
  File "/usr/lib/python3.12/multiprocessing/process.py", line 108, in run
    self._target(*self._args, **self._kwargs)
  File "/opt/vue-fastapi-admin/venv/lib/python3.12/site-packages/uvicorn/_subprocess.py", line 80, in subprocess_started
    target(sockets=sockets)
  File "/opt/vue-fastapi-admin/venv/lib/python3.12/site-packages/uvicorn/server.py", line 66, in run
    return asyncio.run(self.serve(sockets=sockets))
           ^^^^^^^^^^^^^^^^^^^^^^^^^^^^^^^^^^^^^^^^
  File "/usr/lib/python3.12/asyncio/runners.py", line 194, in run
    return runner.run(main)
           ^^^^^^^^^^^^^^^^
  File "/usr/lib/python3.12/asyncio/runners.py", line 118, in run
    return self._loop.run_until_complete(task)
           ^^^^^^^^^^^^^^^^^^^^^^^^^^^^^^^^^^^
  File "uvloop/loop.pyx", line 1518, in uvloop.loop.Loop.run_until_complete
  File "/opt/vue-fastapi-admin/venv/lib/python3.12/site-packages/uvicorn/server.py", line 70, in serve
    await self._serve(sockets)
  File "/opt/vue-fastapi-admin/venv/lib/python3.12/site-packages/uvicorn/server.py", line 77, in _serve
    config.load()
  File "/opt/vue-fastapi-admin/venv/lib/python3.12/site-packages/uvicorn/config.py", line 435, in load
    self.loaded_app = import_from_string(self.app)
                      ^^^^^^^^^^^^^^^^^^^^^^^^^^^^
  File "/opt/vue-fastapi-admin/venv/lib/python3.12/site-packages/uvicorn/importer.py", line 22, in import_from_string
    raise exc from None
  File "/opt/vue-fastapi-admin/venv/lib/python3.12/site-packages/uvicorn/importer.py", line 19, in import_from_string
    module = importlib.import_module(module_str)
             ^^^^^^^^^^^^^^^^^^^^^^^^^^^^^^^^^^^
  File "/usr/lib/python3.12/importlib/__init__.py", line 90, in import_module
    return _bootstrap._gcd_import(name[level:], package, level)
           ^^^^^^^^^^^^^^^^^^^^^^^^^^^^^^^^^^^^^^^^^^^^^^^^^^^^
  File "<frozen importlib._bootstrap>", line 1387, in _gcd_import
  File "<frozen importlib._bootstrap>", line 1360, in _find_and_load
  File "<frozen importlib._bootstrap>", line 1331, in _find_and_load_unlocked
  File "<frozen importlib._bootstrap>", line 935, in _load_unlocked
  File "<frozen importlib._bootstrap_external>", line 995, in exec_module
  File "<frozen importlib._bootstrap>", line 488, in _call_with_frames_removed
  File "/opt/vue-fastapi-admin/app/__init__.py", line 7, in <module>
    from app.core.init_app import (
  File "/opt/vue-fastapi-admin/app/core/init_app.py", line 9, in <module>
    from app.api import api_router
  File "/opt/vue-fastapi-admin/app/api/__init__.py", line 3, in <module>
    from .v1 import v1_router
  File "/opt/vue-fastapi-admin/app/api/v1/__init__.py", line 14, in <module>
    from .field_work import field_work_router
  File "/opt/vue-fastapi-admin/app/api/v1/field_work/__init__.py", line 2, in <module>
    from .field_work import router
  File "/opt/vue-fastapi-admin/app/api/v1/field_work/field_work.py", line 5, in <module>
    from app.schemas.field_work import FieldWorkRecordCreate, FieldWorkRecordUpdate
ModuleNotFoundError: No module named 'app.schemas.field_work'
2025-03-03 06:27:33 - WARNING - WatchFiles detected changes in 'app/schemas/field_work.py', 'app/schemas/field_work_record.py'. Reloading...
Process SpawnProcess-14:
Traceback (most recent call last):
  File "/usr/lib/python3.12/multiprocessing/process.py", line 314, in _bootstrap
    self.run()
  File "/usr/lib/python3.12/multiprocessing/process.py", line 108, in run
    self._target(*self._args, **self._kwargs)
  File "/opt/vue-fastapi-admin/venv/lib/python3.12/site-packages/uvicorn/_subprocess.py", line 80, in subprocess_started
    target(sockets=sockets)
  File "/opt/vue-fastapi-admin/venv/lib/python3.12/site-packages/uvicorn/server.py", line 66, in run
    return asyncio.run(self.serve(sockets=sockets))
           ^^^^^^^^^^^^^^^^^^^^^^^^^^^^^^^^^^^^^^^^
  File "/usr/lib/python3.12/asyncio/runners.py", line 194, in run
    return runner.run(main)
           ^^^^^^^^^^^^^^^^
  File "/usr/lib/python3.12/asyncio/runners.py", line 118, in run
    return self._loop.run_until_complete(task)
           ^^^^^^^^^^^^^^^^^^^^^^^^^^^^^^^^^^^
  File "uvloop/loop.pyx", line 1518, in uvloop.loop.Loop.run_until_complete
  File "/opt/vue-fastapi-admin/venv/lib/python3.12/site-packages/uvicorn/server.py", line 70, in serve
    await self._serve(sockets)
  File "/opt/vue-fastapi-admin/venv/lib/python3.12/site-packages/uvicorn/server.py", line 77, in _serve
    config.load()
  File "/opt/vue-fastapi-admin/venv/lib/python3.12/site-packages/uvicorn/config.py", line 435, in load
    self.loaded_app = import_from_string(self.app)
                      ^^^^^^^^^^^^^^^^^^^^^^^^^^^^
  File "/opt/vue-fastapi-admin/venv/lib/python3.12/site-packages/uvicorn/importer.py", line 22, in import_from_string
    raise exc from None
  File "/opt/vue-fastapi-admin/venv/lib/python3.12/site-packages/uvicorn/importer.py", line 19, in import_from_string
    module = importlib.import_module(module_str)
             ^^^^^^^^^^^^^^^^^^^^^^^^^^^^^^^^^^^
  File "/usr/lib/python3.12/importlib/__init__.py", line 90, in import_module
    return _bootstrap._gcd_import(name[level:], package, level)
           ^^^^^^^^^^^^^^^^^^^^^^^^^^^^^^^^^^^^^^^^^^^^^^^^^^^^
  File "<frozen importlib._bootstrap>", line 1387, in _gcd_import
  File "<frozen importlib._bootstrap>", line 1360, in _find_and_load
  File "<frozen importlib._bootstrap>", line 1331, in _find_and_load_unlocked
  File "<frozen importlib._bootstrap>", line 935, in _load_unlocked
  File "<frozen importlib._bootstrap_external>", line 995, in exec_module
  File "<frozen importlib._bootstrap>", line 488, in _call_with_frames_removed
  File "/opt/vue-fastapi-admin/app/__init__.py", line 7, in <module>
    from app.core.init_app import (
  File "/opt/vue-fastapi-admin/app/core/init_app.py", line 9, in <module>
    from app.api import api_router
  File "/opt/vue-fastapi-admin/app/api/__init__.py", line 3, in <module>
    from .v1 import v1_router
  File "/opt/vue-fastapi-admin/app/api/v1/__init__.py", line 14, in <module>
    from .field_work import field_work_router
  File "/opt/vue-fastapi-admin/app/api/v1/field_work/__init__.py", line 2, in <module>
    from .field_work import router
  File "/opt/vue-fastapi-admin/app/api/v1/field_work/field_work.py", line 3, in <module>
    from app.controllers.field_work import field_work_record_controller
  File "/opt/vue-fastapi-admin/app/controllers/field_work.py", line 3, in <module>
    from app.schemas.field_work_record import FieldWorkRecordCreate, FieldWorkRecordUpdate
ModuleNotFoundError: No module named 'app.schemas.field_work_record'
2025-03-03 06:28:40 - WARNING - WatchFiles detected changes in 'app/controllers/field_work.py'. Reloading...
2025-03-03 06:28:41 - INFO - Started server process [10137]
2025-03-03 06:28:41 - INFO - Waiting for application startup.
2025-03-03 06:28:41 - INFO - Application startup complete.
2025-03-03 06:28:41 - INFO - 127.0.0.1:38774 - "GET /api/v1/base/userinfo HTTP/1.1" 200 OK
2025-03-03 06:28:41 - INFO - 127.0.0.1:39718 - "POST /api/v1/base/access_token HTTP/1.1" 200 OK
2025-03-03 06:28:41 - INFO - 127.0.0.1:49370 - "POST /api/v1/base/access_token HTTP/1.1" 200 OK
2025-03-03 06:28:41 - INFO - 127.0.0.1:39588 - "POST /api/v1/base/access_token HTTP/1.1" 200 OK
2025-03-03 06:28:41 - INFO - 127.0.0.1:42066 - "POST /api/v1/base/access_token HTTP/1.1" 200 OK
2025-03-03 06:28:41 - INFO - 127.0.0.1:58692 - "POST /api/v1/base/access_token HTTP/1.1" 200 OK
2025-03-03 06:28:41 - INFO - 127.0.0.1:37234 - "POST /api/v1/base/access_token HTTP/1.1" 200 OK
2025-03-03 06:28:41 - INFO - 127.0.0.1:38790 - "GET /api/v1/base/userinfo HTTP/1.1" 200 OK
2025-03-03 06:28:41 - INFO - 127.0.0.1:53892 - "GET /api/v1/base/userinfo HTTP/1.1" 200 OK
2025-03-03 06:28:41 - INFO - 127.0.0.1:35750 - "GET /api/v1/base/usermenu HTTP/1.1" 200 OK
2025-03-03 06:28:44 - INFO - 127.0.0.1:43640 - "POST /api/v1/base/access_token HTTP/1.1" 200 OK
2025-03-03 06:28:44 - INFO - 127.0.0.1:43652 - "GET /api/v1/base/userinfo HTTP/1.1" 200 OK
2025-03-03 06:28:45 - INFO - 127.0.0.1:43666 - "GET /api/v1/base/usermenu HTTP/1.1" 200 OK
2025-03-03 06:28:45 - INFO - 127.0.0.1:43678 - "GET /api/v1/base/userapi HTTP/1.1" 200 OK
2025-03-03 06:28:49 - INFO - 127.0.0.1:43682 - "GET /api/v1/field_work/list?page=1&page_size=10 HTTP/1.1" 500 Internal Server Error
2025-03-03 06:28:49 - ERROR - Exception in ASGI application
  + Exception Group Traceback (most recent call last):
  |   File "/opt/vue-fastapi-admin/venv/lib/python3.12/site-packages/starlette/_utils.py", line 87, in collapse_excgroups
  |     yield
  |   File "/opt/vue-fastapi-admin/venv/lib/python3.12/site-packages/starlette/middleware/base.py", line 190, in __call__
  |     async with anyio.create_task_group() as task_group:
  |   File "/opt/vue-fastapi-admin/venv/lib/python3.12/site-packages/anyio/_backends/_asyncio.py", line 767, in __aexit__
  |     raise BaseExceptionGroup(
  | ExceptionGroup: unhandled errors in a TaskGroup (1 sub-exception)
  +-+---------------- 1 ----------------
    | Traceback (most recent call last):
    |   File "/opt/vue-fastapi-admin/venv/lib/python3.12/site-packages/uvicorn/protocols/http/httptools_impl.py", line 409, in run_asgi
    |     result = await app(  # type: ignore[func-returns-value]
    |              ^^^^^^^^^^^^^^^^^^^^^^^^^^^^^^^^^^^^^^^^^^^^^^
    |   File "/opt/vue-fastapi-admin/venv/lib/python3.12/site-packages/uvicorn/middleware/proxy_headers.py", line 60, in __call__
    |     return await self.app(scope, receive, send)
    |            ^^^^^^^^^^^^^^^^^^^^^^^^^^^^^^^^^^^^
    |   File "/opt/vue-fastapi-admin/venv/lib/python3.12/site-packages/fastapi/applications.py", line 1054, in __call__
    |     await super().__call__(scope, receive, send)
    |   File "/opt/vue-fastapi-admin/venv/lib/python3.12/site-packages/starlette/applications.py", line 123, in __call__
    |     await self.middleware_stack(scope, receive, send)
    |   File "/opt/vue-fastapi-admin/venv/lib/python3.12/site-packages/starlette/middleware/errors.py", line 186, in __call__
    |     raise exc
    |   File "/opt/vue-fastapi-admin/venv/lib/python3.12/site-packages/starlette/middleware/errors.py", line 164, in __call__
    |     await self.app(scope, receive, _send)
    |   File "/opt/vue-fastapi-admin/venv/lib/python3.12/site-packages/starlette/middleware/cors.py", line 85, in __call__
    |     await self.app(scope, receive, send)
    |   File "/opt/vue-fastapi-admin/app/core/middlewares.py", line 31, in __call__
    |     await response(request.scope, request.receive, send)
    |   File "/opt/vue-fastapi-admin/venv/lib/python3.12/site-packages/starlette/middleware/base.py", line 189, in __call__
    |     with collapse_excgroups():
    |   File "/usr/lib/python3.12/contextlib.py", line 158, in __exit__
    |     self.gen.throw(value)
    |   File "/opt/vue-fastapi-admin/venv/lib/python3.12/site-packages/starlette/_utils.py", line 93, in collapse_excgroups
    |     raise exc
    |   File "/opt/vue-fastapi-admin/venv/lib/python3.12/site-packages/starlette/middleware/base.py", line 191, in __call__
    |     response = await self.dispatch_func(request, call_next)
    |                ^^^^^^^^^^^^^^^^^^^^^^^^^^^^^^^^^^^^^^^^^^^^
    |   File "/opt/vue-fastapi-admin/app/core/middlewares.py", line 171, in dispatch
    |     response = await call_next(request)
    |                ^^^^^^^^^^^^^^^^^^^^^^^^
    |   File "/opt/vue-fastapi-admin/venv/lib/python3.12/site-packages/starlette/middleware/base.py", line 165, in call_next
    |     raise app_exc
    |   File "/opt/vue-fastapi-admin/venv/lib/python3.12/site-packages/starlette/middleware/base.py", line 151, in coro
    |     await self.app(scope, receive_or_disconnect, send_no_error)
    |   File "/opt/vue-fastapi-admin/venv/lib/python3.12/site-packages/starlette/middleware/exceptions.py", line 65, in __call__
    |     await wrap_app_handling_exceptions(self.app, conn)(scope, receive, send)
    |   File "/opt/vue-fastapi-admin/venv/lib/python3.12/site-packages/starlette/_exception_handler.py", line 64, in wrapped_app
    |     raise exc
    |   File "/opt/vue-fastapi-admin/venv/lib/python3.12/site-packages/starlette/_exception_handler.py", line 53, in wrapped_app
    |     await app(scope, receive, sender)
    |   File "/opt/vue-fastapi-admin/venv/lib/python3.12/site-packages/starlette/routing.py", line 756, in __call__
    |     await self.middleware_stack(scope, receive, send)
    |   File "/opt/vue-fastapi-admin/venv/lib/python3.12/site-packages/starlette/routing.py", line 776, in app
    |     await route.handle(scope, receive, send)
    |   File "/opt/vue-fastapi-admin/venv/lib/python3.12/site-packages/starlette/routing.py", line 297, in handle
    |     await self.app(scope, receive, send)
    |   File "/opt/vue-fastapi-admin/venv/lib/python3.12/site-packages/starlette/routing.py", line 77, in app
    |     await wrap_app_handling_exceptions(app, request)(scope, receive, send)
    |   File "/opt/vue-fastapi-admin/venv/lib/python3.12/site-packages/starlette/_exception_handler.py", line 64, in wrapped_app
    |     raise exc
    |   File "/opt/vue-fastapi-admin/venv/lib/python3.12/site-packages/starlette/_exception_handler.py", line 53, in wrapped_app
    |     await app(scope, receive, sender)
    |   File "/opt/vue-fastapi-admin/venv/lib/python3.12/site-packages/starlette/routing.py", line 72, in app
    |     response = await func(request)
    |                ^^^^^^^^^^^^^^^^^^^
    |   File "/opt/vue-fastapi-admin/venv/lib/python3.12/site-packages/fastapi/routing.py", line 278, in app
    |     raw_response = await run_endpoint_function(
    |                    ^^^^^^^^^^^^^^^^^^^^^^^^^^^^
    |   File "/opt/vue-fastapi-admin/venv/lib/python3.12/site-packages/fastapi/routing.py", line 191, in run_endpoint_function
    |     return await dependant.call(**values)
    |            ^^^^^^^^^^^^^^^^^^^^^^^^^^^^^^
    |   File "/opt/vue-fastapi-admin/app/api/v1/field_work/field_work.py", line 19, in list_field_works
    |     if plate:
    |        ^^^^^
    | NameError: name 'plate' is not defined. Did you mean: 'page'?
    +------------------------------------

During handling of the above exception, another exception occurred:

Traceback (most recent call last):
  File "/opt/vue-fastapi-admin/venv/lib/python3.12/site-packages/uvicorn/protocols/http/httptools_impl.py", line 409, in run_asgi
    result = await app(  # type: ignore[func-returns-value]
             ^^^^^^^^^^^^^^^^^^^^^^^^^^^^^^^^^^^^^^^^^^^^^^
  File "/opt/vue-fastapi-admin/venv/lib/python3.12/site-packages/uvicorn/middleware/proxy_headers.py", line 60, in __call__
    return await self.app(scope, receive, send)
           ^^^^^^^^^^^^^^^^^^^^^^^^^^^^^^^^^^^^
  File "/opt/vue-fastapi-admin/venv/lib/python3.12/site-packages/fastapi/applications.py", line 1054, in __call__
    await super().__call__(scope, receive, send)
  File "/opt/vue-fastapi-admin/venv/lib/python3.12/site-packages/starlette/applications.py", line 123, in __call__
    await self.middleware_stack(scope, receive, send)
  File "/opt/vue-fastapi-admin/venv/lib/python3.12/site-packages/starlette/middleware/errors.py", line 186, in __call__
    raise exc
  File "/opt/vue-fastapi-admin/venv/lib/python3.12/site-packages/starlette/middleware/errors.py", line 164, in __call__
    await self.app(scope, receive, _send)
  File "/opt/vue-fastapi-admin/venv/lib/python3.12/site-packages/starlette/middleware/cors.py", line 85, in __call__
    await self.app(scope, receive, send)
  File "/opt/vue-fastapi-admin/app/core/middlewares.py", line 31, in __call__
    await response(request.scope, request.receive, send)
  File "/opt/vue-fastapi-admin/venv/lib/python3.12/site-packages/starlette/middleware/base.py", line 189, in __call__
    with collapse_excgroups():
  File "/usr/lib/python3.12/contextlib.py", line 158, in __exit__
    self.gen.throw(value)
  File "/opt/vue-fastapi-admin/venv/lib/python3.12/site-packages/starlette/_utils.py", line 93, in collapse_excgroups
    raise exc
  File "/opt/vue-fastapi-admin/venv/lib/python3.12/site-packages/starlette/middleware/base.py", line 191, in __call__
    response = await self.dispatch_func(request, call_next)
               ^^^^^^^^^^^^^^^^^^^^^^^^^^^^^^^^^^^^^^^^^^^^
  File "/opt/vue-fastapi-admin/app/core/middlewares.py", line 171, in dispatch
    response = await call_next(request)
               ^^^^^^^^^^^^^^^^^^^^^^^^
  File "/opt/vue-fastapi-admin/venv/lib/python3.12/site-packages/starlette/middleware/base.py", line 165, in call_next
    raise app_exc
  File "/opt/vue-fastapi-admin/venv/lib/python3.12/site-packages/starlette/middleware/base.py", line 151, in coro
    await self.app(scope, receive_or_disconnect, send_no_error)
  File "/opt/vue-fastapi-admin/venv/lib/python3.12/site-packages/starlette/middleware/exceptions.py", line 65, in __call__
    await wrap_app_handling_exceptions(self.app, conn)(scope, receive, send)
  File "/opt/vue-fastapi-admin/venv/lib/python3.12/site-packages/starlette/_exception_handler.py", line 64, in wrapped_app
    raise exc
  File "/opt/vue-fastapi-admin/venv/lib/python3.12/site-packages/starlette/_exception_handler.py", line 53, in wrapped_app
    await app(scope, receive, sender)
  File "/opt/vue-fastapi-admin/venv/lib/python3.12/site-packages/starlette/routing.py", line 756, in __call__
    await self.middleware_stack(scope, receive, send)
  File "/opt/vue-fastapi-admin/venv/lib/python3.12/site-packages/starlette/routing.py", line 776, in app
    await route.handle(scope, receive, send)
  File "/opt/vue-fastapi-admin/venv/lib/python3.12/site-packages/starlette/routing.py", line 297, in handle
    await self.app(scope, receive, send)
  File "/opt/vue-fastapi-admin/venv/lib/python3.12/site-packages/starlette/routing.py", line 77, in app
    await wrap_app_handling_exceptions(app, request)(scope, receive, send)
  File "/opt/vue-fastapi-admin/venv/lib/python3.12/site-packages/starlette/_exception_handler.py", line 64, in wrapped_app
    raise exc
  File "/opt/vue-fastapi-admin/venv/lib/python3.12/site-packages/starlette/_exception_handler.py", line 53, in wrapped_app
    await app(scope, receive, sender)
  File "/opt/vue-fastapi-admin/venv/lib/python3.12/site-packages/starlette/routing.py", line 72, in app
    response = await func(request)
               ^^^^^^^^^^^^^^^^^^^
  File "/opt/vue-fastapi-admin/venv/lib/python3.12/site-packages/fastapi/routing.py", line 278, in app
    raw_response = await run_endpoint_function(
                   ^^^^^^^^^^^^^^^^^^^^^^^^^^^^
  File "/opt/vue-fastapi-admin/venv/lib/python3.12/site-packages/fastapi/routing.py", line 191, in run_endpoint_function
    return await dependant.call(**values)
           ^^^^^^^^^^^^^^^^^^^^^^^^^^^^^^
  File "/opt/vue-fastapi-admin/app/api/v1/field_work/field_work.py", line 19, in list_field_works
    if plate:
       ^^^^^
NameError: name 'plate' is not defined. Did you mean: 'page'?
2025-03-03 06:29:00 - INFO - 127.0.0.1:50204 - "GET /api/v1/field_work/list?page=1&page_size=10 HTTP/1.1" 500 Internal Server Error
2025-03-03 06:29:00 - ERROR - Exception in ASGI application
  + Exception Group Traceback (most recent call last):
  |   File "/opt/vue-fastapi-admin/venv/lib/python3.12/site-packages/starlette/_utils.py", line 87, in collapse_excgroups
  |     yield
  |   File "/opt/vue-fastapi-admin/venv/lib/python3.12/site-packages/starlette/middleware/base.py", line 190, in __call__
  |     async with anyio.create_task_group() as task_group:
  |   File "/opt/vue-fastapi-admin/venv/lib/python3.12/site-packages/anyio/_backends/_asyncio.py", line 767, in __aexit__
  |     raise BaseExceptionGroup(
  | ExceptionGroup: unhandled errors in a TaskGroup (1 sub-exception)
  +-+---------------- 1 ----------------
    | Traceback (most recent call last):
    |   File "/opt/vue-fastapi-admin/venv/lib/python3.12/site-packages/uvicorn/protocols/http/httptools_impl.py", line 409, in run_asgi
    |     result = await app(  # type: ignore[func-returns-value]
    |              ^^^^^^^^^^^^^^^^^^^^^^^^^^^^^^^^^^^^^^^^^^^^^^
    |   File "/opt/vue-fastapi-admin/venv/lib/python3.12/site-packages/uvicorn/middleware/proxy_headers.py", line 60, in __call__
    |     return await self.app(scope, receive, send)
    |            ^^^^^^^^^^^^^^^^^^^^^^^^^^^^^^^^^^^^
    |   File "/opt/vue-fastapi-admin/venv/lib/python3.12/site-packages/fastapi/applications.py", line 1054, in __call__
    |     await super().__call__(scope, receive, send)
    |   File "/opt/vue-fastapi-admin/venv/lib/python3.12/site-packages/starlette/applications.py", line 123, in __call__
    |     await self.middleware_stack(scope, receive, send)
    |   File "/opt/vue-fastapi-admin/venv/lib/python3.12/site-packages/starlette/middleware/errors.py", line 186, in __call__
    |     raise exc
    |   File "/opt/vue-fastapi-admin/venv/lib/python3.12/site-packages/starlette/middleware/errors.py", line 164, in __call__
    |     await self.app(scope, receive, _send)
    |   File "/opt/vue-fastapi-admin/venv/lib/python3.12/site-packages/starlette/middleware/cors.py", line 85, in __call__
    |     await self.app(scope, receive, send)
    |   File "/opt/vue-fastapi-admin/app/core/middlewares.py", line 31, in __call__
    |     await response(request.scope, request.receive, send)
    |   File "/opt/vue-fastapi-admin/venv/lib/python3.12/site-packages/starlette/middleware/base.py", line 189, in __call__
    |     with collapse_excgroups():
    |   File "/usr/lib/python3.12/contextlib.py", line 158, in __exit__
    |     self.gen.throw(value)
    |   File "/opt/vue-fastapi-admin/venv/lib/python3.12/site-packages/starlette/_utils.py", line 93, in collapse_excgroups
    |     raise exc
    |   File "/opt/vue-fastapi-admin/venv/lib/python3.12/site-packages/starlette/middleware/base.py", line 191, in __call__
    |     response = await self.dispatch_func(request, call_next)
    |                ^^^^^^^^^^^^^^^^^^^^^^^^^^^^^^^^^^^^^^^^^^^^
    |   File "/opt/vue-fastapi-admin/app/core/middlewares.py", line 171, in dispatch
    |     response = await call_next(request)
    |                ^^^^^^^^^^^^^^^^^^^^^^^^
    |   File "/opt/vue-fastapi-admin/venv/lib/python3.12/site-packages/starlette/middleware/base.py", line 165, in call_next
    |     raise app_exc
    |   File "/opt/vue-fastapi-admin/venv/lib/python3.12/site-packages/starlette/middleware/base.py", line 151, in coro
    |     await self.app(scope, receive_or_disconnect, send_no_error)
    |   File "/opt/vue-fastapi-admin/venv/lib/python3.12/site-packages/starlette/middleware/exceptions.py", line 65, in __call__
    |     await wrap_app_handling_exceptions(self.app, conn)(scope, receive, send)
    |   File "/opt/vue-fastapi-admin/venv/lib/python3.12/site-packages/starlette/_exception_handler.py", line 64, in wrapped_app
    |     raise exc
    |   File "/opt/vue-fastapi-admin/venv/lib/python3.12/site-packages/starlette/_exception_handler.py", line 53, in wrapped_app
    |     await app(scope, receive, sender)
    |   File "/opt/vue-fastapi-admin/venv/lib/python3.12/site-packages/starlette/routing.py", line 756, in __call__
    |     await self.middleware_stack(scope, receive, send)
    |   File "/opt/vue-fastapi-admin/venv/lib/python3.12/site-packages/starlette/routing.py", line 776, in app
    |     await route.handle(scope, receive, send)
    |   File "/opt/vue-fastapi-admin/venv/lib/python3.12/site-packages/starlette/routing.py", line 297, in handle
    |     await self.app(scope, receive, send)
    |   File "/opt/vue-fastapi-admin/venv/lib/python3.12/site-packages/starlette/routing.py", line 77, in app
    |     await wrap_app_handling_exceptions(app, request)(scope, receive, send)
    |   File "/opt/vue-fastapi-admin/venv/lib/python3.12/site-packages/starlette/_exception_handler.py", line 64, in wrapped_app
    |     raise exc
    |   File "/opt/vue-fastapi-admin/venv/lib/python3.12/site-packages/starlette/_exception_handler.py", line 53, in wrapped_app
    |     await app(scope, receive, sender)
    |   File "/opt/vue-fastapi-admin/venv/lib/python3.12/site-packages/starlette/routing.py", line 72, in app
    |     response = await func(request)
    |                ^^^^^^^^^^^^^^^^^^^
    |   File "/opt/vue-fastapi-admin/venv/lib/python3.12/site-packages/fastapi/routing.py", line 278, in app
    |     raw_response = await run_endpoint_function(
    |                    ^^^^^^^^^^^^^^^^^^^^^^^^^^^^
    |   File "/opt/vue-fastapi-admin/venv/lib/python3.12/site-packages/fastapi/routing.py", line 191, in run_endpoint_function
    |     return await dependant.call(**values)
    |            ^^^^^^^^^^^^^^^^^^^^^^^^^^^^^^
    |   File "/opt/vue-fastapi-admin/app/api/v1/field_work/field_work.py", line 19, in list_field_works
    |     if plate:
    |        ^^^^^
    | NameError: name 'plate' is not defined. Did you mean: 'page'?
    +------------------------------------

During handling of the above exception, another exception occurred:

Traceback (most recent call last):
  File "/opt/vue-fastapi-admin/venv/lib/python3.12/site-packages/uvicorn/protocols/http/httptools_impl.py", line 409, in run_asgi
    result = await app(  # type: ignore[func-returns-value]
             ^^^^^^^^^^^^^^^^^^^^^^^^^^^^^^^^^^^^^^^^^^^^^^
  File "/opt/vue-fastapi-admin/venv/lib/python3.12/site-packages/uvicorn/middleware/proxy_headers.py", line 60, in __call__
    return await self.app(scope, receive, send)
           ^^^^^^^^^^^^^^^^^^^^^^^^^^^^^^^^^^^^
  File "/opt/vue-fastapi-admin/venv/lib/python3.12/site-packages/fastapi/applications.py", line 1054, in __call__
    await super().__call__(scope, receive, send)
  File "/opt/vue-fastapi-admin/venv/lib/python3.12/site-packages/starlette/applications.py", line 123, in __call__
    await self.middleware_stack(scope, receive, send)
  File "/opt/vue-fastapi-admin/venv/lib/python3.12/site-packages/starlette/middleware/errors.py", line 186, in __call__
    raise exc
  File "/opt/vue-fastapi-admin/venv/lib/python3.12/site-packages/starlette/middleware/errors.py", line 164, in __call__
    await self.app(scope, receive, _send)
  File "/opt/vue-fastapi-admin/venv/lib/python3.12/site-packages/starlette/middleware/cors.py", line 85, in __call__
    await self.app(scope, receive, send)
  File "/opt/vue-fastapi-admin/app/core/middlewares.py", line 31, in __call__
    await response(request.scope, request.receive, send)
  File "/opt/vue-fastapi-admin/venv/lib/python3.12/site-packages/starlette/middleware/base.py", line 189, in __call__
    with collapse_excgroups():
  File "/usr/lib/python3.12/contextlib.py", line 158, in __exit__
    self.gen.throw(value)
  File "/opt/vue-fastapi-admin/venv/lib/python3.12/site-packages/starlette/_utils.py", line 93, in collapse_excgroups
    raise exc
  File "/opt/vue-fastapi-admin/venv/lib/python3.12/site-packages/starlette/middleware/base.py", line 191, in __call__
    response = await self.dispatch_func(request, call_next)
               ^^^^^^^^^^^^^^^^^^^^^^^^^^^^^^^^^^^^^^^^^^^^
  File "/opt/vue-fastapi-admin/app/core/middlewares.py", line 171, in dispatch
    response = await call_next(request)
               ^^^^^^^^^^^^^^^^^^^^^^^^
  File "/opt/vue-fastapi-admin/venv/lib/python3.12/site-packages/starlette/middleware/base.py", line 165, in call_next
    raise app_exc
  File "/opt/vue-fastapi-admin/venv/lib/python3.12/site-packages/starlette/middleware/base.py", line 151, in coro
    await self.app(scope, receive_or_disconnect, send_no_error)
  File "/opt/vue-fastapi-admin/venv/lib/python3.12/site-packages/starlette/middleware/exceptions.py", line 65, in __call__
    await wrap_app_handling_exceptions(self.app, conn)(scope, receive, send)
  File "/opt/vue-fastapi-admin/venv/lib/python3.12/site-packages/starlette/_exception_handler.py", line 64, in wrapped_app
    raise exc
  File "/opt/vue-fastapi-admin/venv/lib/python3.12/site-packages/starlette/_exception_handler.py", line 53, in wrapped_app
    await app(scope, receive, sender)
  File "/opt/vue-fastapi-admin/venv/lib/python3.12/site-packages/starlette/routing.py", line 756, in __call__
    await self.middleware_stack(scope, receive, send)
  File "/opt/vue-fastapi-admin/venv/lib/python3.12/site-packages/starlette/routing.py", line 776, in app
    await route.handle(scope, receive, send)
  File "/opt/vue-fastapi-admin/venv/lib/python3.12/site-packages/starlette/routing.py", line 297, in handle
    await self.app(scope, receive, send)
  File "/opt/vue-fastapi-admin/venv/lib/python3.12/site-packages/starlette/routing.py", line 77, in app
    await wrap_app_handling_exceptions(app, request)(scope, receive, send)
  File "/opt/vue-fastapi-admin/venv/lib/python3.12/site-packages/starlette/_exception_handler.py", line 64, in wrapped_app
    raise exc
  File "/opt/vue-fastapi-admin/venv/lib/python3.12/site-packages/starlette/_exception_handler.py", line 53, in wrapped_app
    await app(scope, receive, sender)
  File "/opt/vue-fastapi-admin/venv/lib/python3.12/site-packages/starlette/routing.py", line 72, in app
    response = await func(request)
               ^^^^^^^^^^^^^^^^^^^
  File "/opt/vue-fastapi-admin/venv/lib/python3.12/site-packages/fastapi/routing.py", line 278, in app
    raw_response = await run_endpoint_function(
                   ^^^^^^^^^^^^^^^^^^^^^^^^^^^^
  File "/opt/vue-fastapi-admin/venv/lib/python3.12/site-packages/fastapi/routing.py", line 191, in run_endpoint_function
    return await dependant.call(**values)
           ^^^^^^^^^^^^^^^^^^^^^^^^^^^^^^
  File "/opt/vue-fastapi-admin/app/api/v1/field_work/field_work.py", line 19, in list_field_works
    if plate:
       ^^^^^
NameError: name 'plate' is not defined. Did you mean: 'page'?
2025-03-03 06:29:08 - INFO - 127.0.0.1:60128 - "POST /api/v1/field_work/create HTTP/1.1" 200 OK
2025-03-03 06:29:08 - INFO - 127.0.0.1:60130 - "GET /api/v1/field_work/list?page=1&page_size=10 HTTP/1.1" 500 Internal Server Error
2025-03-03 06:29:08 - ERROR - Exception in ASGI application
  + Exception Group Traceback (most recent call last):
  |   File "/opt/vue-fastapi-admin/venv/lib/python3.12/site-packages/starlette/_utils.py", line 87, in collapse_excgroups
  |     yield
  |   File "/opt/vue-fastapi-admin/venv/lib/python3.12/site-packages/starlette/middleware/base.py", line 190, in __call__
  |     async with anyio.create_task_group() as task_group:
  |   File "/opt/vue-fastapi-admin/venv/lib/python3.12/site-packages/anyio/_backends/_asyncio.py", line 767, in __aexit__
  |     raise BaseExceptionGroup(
  | ExceptionGroup: unhandled errors in a TaskGroup (1 sub-exception)
  +-+---------------- 1 ----------------
    | Traceback (most recent call last):
    |   File "/opt/vue-fastapi-admin/venv/lib/python3.12/site-packages/uvicorn/protocols/http/httptools_impl.py", line 409, in run_asgi
    |     result = await app(  # type: ignore[func-returns-value]
    |              ^^^^^^^^^^^^^^^^^^^^^^^^^^^^^^^^^^^^^^^^^^^^^^
    |   File "/opt/vue-fastapi-admin/venv/lib/python3.12/site-packages/uvicorn/middleware/proxy_headers.py", line 60, in __call__
    |     return await self.app(scope, receive, send)
    |            ^^^^^^^^^^^^^^^^^^^^^^^^^^^^^^^^^^^^
    |   File "/opt/vue-fastapi-admin/venv/lib/python3.12/site-packages/fastapi/applications.py", line 1054, in __call__
    |     await super().__call__(scope, receive, send)
    |   File "/opt/vue-fastapi-admin/venv/lib/python3.12/site-packages/starlette/applications.py", line 123, in __call__
    |     await self.middleware_stack(scope, receive, send)
    |   File "/opt/vue-fastapi-admin/venv/lib/python3.12/site-packages/starlette/middleware/errors.py", line 186, in __call__
    |     raise exc
    |   File "/opt/vue-fastapi-admin/venv/lib/python3.12/site-packages/starlette/middleware/errors.py", line 164, in __call__
    |     await self.app(scope, receive, _send)
    |   File "/opt/vue-fastapi-admin/venv/lib/python3.12/site-packages/starlette/middleware/cors.py", line 85, in __call__
    |     await self.app(scope, receive, send)
    |   File "/opt/vue-fastapi-admin/app/core/middlewares.py", line 31, in __call__
    |     await response(request.scope, request.receive, send)
    |   File "/opt/vue-fastapi-admin/venv/lib/python3.12/site-packages/starlette/middleware/base.py", line 189, in __call__
    |     with collapse_excgroups():
    |   File "/usr/lib/python3.12/contextlib.py", line 158, in __exit__
    |     self.gen.throw(value)
    |   File "/opt/vue-fastapi-admin/venv/lib/python3.12/site-packages/starlette/_utils.py", line 93, in collapse_excgroups
    |     raise exc
    |   File "/opt/vue-fastapi-admin/venv/lib/python3.12/site-packages/starlette/middleware/base.py", line 191, in __call__
    |     response = await self.dispatch_func(request, call_next)
    |                ^^^^^^^^^^^^^^^^^^^^^^^^^^^^^^^^^^^^^^^^^^^^
    |   File "/opt/vue-fastapi-admin/app/core/middlewares.py", line 171, in dispatch
    |     response = await call_next(request)
    |                ^^^^^^^^^^^^^^^^^^^^^^^^
    |   File "/opt/vue-fastapi-admin/venv/lib/python3.12/site-packages/starlette/middleware/base.py", line 165, in call_next
    |     raise app_exc
    |   File "/opt/vue-fastapi-admin/venv/lib/python3.12/site-packages/starlette/middleware/base.py", line 151, in coro
    |     await self.app(scope, receive_or_disconnect, send_no_error)
    |   File "/opt/vue-fastapi-admin/venv/lib/python3.12/site-packages/starlette/middleware/exceptions.py", line 65, in __call__
    |     await wrap_app_handling_exceptions(self.app, conn)(scope, receive, send)
    |   File "/opt/vue-fastapi-admin/venv/lib/python3.12/site-packages/starlette/_exception_handler.py", line 64, in wrapped_app
    |     raise exc
    |   File "/opt/vue-fastapi-admin/venv/lib/python3.12/site-packages/starlette/_exception_handler.py", line 53, in wrapped_app
    |     await app(scope, receive, sender)
    |   File "/opt/vue-fastapi-admin/venv/lib/python3.12/site-packages/starlette/routing.py", line 756, in __call__
    |     await self.middleware_stack(scope, receive, send)
    |   File "/opt/vue-fastapi-admin/venv/lib/python3.12/site-packages/starlette/routing.py", line 776, in app
    |     await route.handle(scope, receive, send)
    |   File "/opt/vue-fastapi-admin/venv/lib/python3.12/site-packages/starlette/routing.py", line 297, in handle
    |     await self.app(scope, receive, send)
    |   File "/opt/vue-fastapi-admin/venv/lib/python3.12/site-packages/starlette/routing.py", line 77, in app
    |     await wrap_app_handling_exceptions(app, request)(scope, receive, send)
    |   File "/opt/vue-fastapi-admin/venv/lib/python3.12/site-packages/starlette/_exception_handler.py", line 64, in wrapped_app
    |     raise exc
    |   File "/opt/vue-fastapi-admin/venv/lib/python3.12/site-packages/starlette/_exception_handler.py", line 53, in wrapped_app
    |     await app(scope, receive, sender)
    |   File "/opt/vue-fastapi-admin/venv/lib/python3.12/site-packages/starlette/routing.py", line 72, in app
    |     response = await func(request)
    |                ^^^^^^^^^^^^^^^^^^^
    |   File "/opt/vue-fastapi-admin/venv/lib/python3.12/site-packages/fastapi/routing.py", line 278, in app
    |     raw_response = await run_endpoint_function(
    |                    ^^^^^^^^^^^^^^^^^^^^^^^^^^^^
    |   File "/opt/vue-fastapi-admin/venv/lib/python3.12/site-packages/fastapi/routing.py", line 191, in run_endpoint_function
    |     return await dependant.call(**values)
    |            ^^^^^^^^^^^^^^^^^^^^^^^^^^^^^^
    |   File "/opt/vue-fastapi-admin/app/api/v1/field_work/field_work.py", line 19, in list_field_works
    |     if plate:
    |        ^^^^^
    | NameError: name 'plate' is not defined. Did you mean: 'page'?
    +------------------------------------

During handling of the above exception, another exception occurred:

Traceback (most recent call last):
  File "/opt/vue-fastapi-admin/venv/lib/python3.12/site-packages/uvicorn/protocols/http/httptools_impl.py", line 409, in run_asgi
    result = await app(  # type: ignore[func-returns-value]
             ^^^^^^^^^^^^^^^^^^^^^^^^^^^^^^^^^^^^^^^^^^^^^^
  File "/opt/vue-fastapi-admin/venv/lib/python3.12/site-packages/uvicorn/middleware/proxy_headers.py", line 60, in __call__
    return await self.app(scope, receive, send)
           ^^^^^^^^^^^^^^^^^^^^^^^^^^^^^^^^^^^^
  File "/opt/vue-fastapi-admin/venv/lib/python3.12/site-packages/fastapi/applications.py", line 1054, in __call__
    await super().__call__(scope, receive, send)
  File "/opt/vue-fastapi-admin/venv/lib/python3.12/site-packages/starlette/applications.py", line 123, in __call__
    await self.middleware_stack(scope, receive, send)
  File "/opt/vue-fastapi-admin/venv/lib/python3.12/site-packages/starlette/middleware/errors.py", line 186, in __call__
    raise exc
  File "/opt/vue-fastapi-admin/venv/lib/python3.12/site-packages/starlette/middleware/errors.py", line 164, in __call__
    await self.app(scope, receive, _send)
  File "/opt/vue-fastapi-admin/venv/lib/python3.12/site-packages/starlette/middleware/cors.py", line 85, in __call__
    await self.app(scope, receive, send)
  File "/opt/vue-fastapi-admin/app/core/middlewares.py", line 31, in __call__
    await response(request.scope, request.receive, send)
  File "/opt/vue-fastapi-admin/venv/lib/python3.12/site-packages/starlette/middleware/base.py", line 189, in __call__
    with collapse_excgroups():
  File "/usr/lib/python3.12/contextlib.py", line 158, in __exit__
    self.gen.throw(value)
  File "/opt/vue-fastapi-admin/venv/lib/python3.12/site-packages/starlette/_utils.py", line 93, in collapse_excgroups
    raise exc
  File "/opt/vue-fastapi-admin/venv/lib/python3.12/site-packages/starlette/middleware/base.py", line 191, in __call__
    response = await self.dispatch_func(request, call_next)
               ^^^^^^^^^^^^^^^^^^^^^^^^^^^^^^^^^^^^^^^^^^^^
  File "/opt/vue-fastapi-admin/app/core/middlewares.py", line 171, in dispatch
    response = await call_next(request)
               ^^^^^^^^^^^^^^^^^^^^^^^^
  File "/opt/vue-fastapi-admin/venv/lib/python3.12/site-packages/starlette/middleware/base.py", line 165, in call_next
    raise app_exc
  File "/opt/vue-fastapi-admin/venv/lib/python3.12/site-packages/starlette/middleware/base.py", line 151, in coro
    await self.app(scope, receive_or_disconnect, send_no_error)
  File "/opt/vue-fastapi-admin/venv/lib/python3.12/site-packages/starlette/middleware/exceptions.py", line 65, in __call__
    await wrap_app_handling_exceptions(self.app, conn)(scope, receive, send)
  File "/opt/vue-fastapi-admin/venv/lib/python3.12/site-packages/starlette/_exception_handler.py", line 64, in wrapped_app
    raise exc
  File "/opt/vue-fastapi-admin/venv/lib/python3.12/site-packages/starlette/_exception_handler.py", line 53, in wrapped_app
    await app(scope, receive, sender)
  File "/opt/vue-fastapi-admin/venv/lib/python3.12/site-packages/starlette/routing.py", line 756, in __call__
    await self.middleware_stack(scope, receive, send)
  File "/opt/vue-fastapi-admin/venv/lib/python3.12/site-packages/starlette/routing.py", line 776, in app
    await route.handle(scope, receive, send)
  File "/opt/vue-fastapi-admin/venv/lib/python3.12/site-packages/starlette/routing.py", line 297, in handle
    await self.app(scope, receive, send)
  File "/opt/vue-fastapi-admin/venv/lib/python3.12/site-packages/starlette/routing.py", line 77, in app
    await wrap_app_handling_exceptions(app, request)(scope, receive, send)
  File "/opt/vue-fastapi-admin/venv/lib/python3.12/site-packages/starlette/_exception_handler.py", line 64, in wrapped_app
    raise exc
  File "/opt/vue-fastapi-admin/venv/lib/python3.12/site-packages/starlette/_exception_handler.py", line 53, in wrapped_app
    await app(scope, receive, sender)
  File "/opt/vue-fastapi-admin/venv/lib/python3.12/site-packages/starlette/routing.py", line 72, in app
    response = await func(request)
               ^^^^^^^^^^^^^^^^^^^
  File "/opt/vue-fastapi-admin/venv/lib/python3.12/site-packages/fastapi/routing.py", line 278, in app
    raw_response = await run_endpoint_function(
                   ^^^^^^^^^^^^^^^^^^^^^^^^^^^^
  File "/opt/vue-fastapi-admin/venv/lib/python3.12/site-packages/fastapi/routing.py", line 191, in run_endpoint_function
    return await dependant.call(**values)
           ^^^^^^^^^^^^^^^^^^^^^^^^^^^^^^
  File "/opt/vue-fastapi-admin/app/api/v1/field_work/field_work.py", line 19, in list_field_works
    if plate:
       ^^^^^
NameError: name 'plate' is not defined. Did you mean: 'page'?
2025-03-03 06:29:10 - INFO - 127.0.0.1:60146 - "GET /api/v1/field_work/list?page=1&page_size=10 HTTP/1.1" 500 Internal Server Error
2025-03-03 06:29:10 - ERROR - Exception in ASGI application
  + Exception Group Traceback (most recent call last):
  |   File "/opt/vue-fastapi-admin/venv/lib/python3.12/site-packages/starlette/_utils.py", line 87, in collapse_excgroups
  |     yield
  |   File "/opt/vue-fastapi-admin/venv/lib/python3.12/site-packages/starlette/middleware/base.py", line 190, in __call__
  |     async with anyio.create_task_group() as task_group:
  |   File "/opt/vue-fastapi-admin/venv/lib/python3.12/site-packages/anyio/_backends/_asyncio.py", line 767, in __aexit__
  |     raise BaseExceptionGroup(
  | ExceptionGroup: unhandled errors in a TaskGroup (1 sub-exception)
  +-+---------------- 1 ----------------
    | Traceback (most recent call last):
    |   File "/opt/vue-fastapi-admin/venv/lib/python3.12/site-packages/uvicorn/protocols/http/httptools_impl.py", line 409, in run_asgi
    |     result = await app(  # type: ignore[func-returns-value]
    |              ^^^^^^^^^^^^^^^^^^^^^^^^^^^^^^^^^^^^^^^^^^^^^^
    |   File "/opt/vue-fastapi-admin/venv/lib/python3.12/site-packages/uvicorn/middleware/proxy_headers.py", line 60, in __call__
    |     return await self.app(scope, receive, send)
    |            ^^^^^^^^^^^^^^^^^^^^^^^^^^^^^^^^^^^^
    |   File "/opt/vue-fastapi-admin/venv/lib/python3.12/site-packages/fastapi/applications.py", line 1054, in __call__
    |     await super().__call__(scope, receive, send)
    |   File "/opt/vue-fastapi-admin/venv/lib/python3.12/site-packages/starlette/applications.py", line 123, in __call__
    |     await self.middleware_stack(scope, receive, send)
    |   File "/opt/vue-fastapi-admin/venv/lib/python3.12/site-packages/starlette/middleware/errors.py", line 186, in __call__
    |     raise exc
    |   File "/opt/vue-fastapi-admin/venv/lib/python3.12/site-packages/starlette/middleware/errors.py", line 164, in __call__
    |     await self.app(scope, receive, _send)
    |   File "/opt/vue-fastapi-admin/venv/lib/python3.12/site-packages/starlette/middleware/cors.py", line 85, in __call__
    |     await self.app(scope, receive, send)
    |   File "/opt/vue-fastapi-admin/app/core/middlewares.py", line 31, in __call__
    |     await response(request.scope, request.receive, send)
    |   File "/opt/vue-fastapi-admin/venv/lib/python3.12/site-packages/starlette/middleware/base.py", line 189, in __call__
    |     with collapse_excgroups():
    |   File "/usr/lib/python3.12/contextlib.py", line 158, in __exit__
    |     self.gen.throw(value)
    |   File "/opt/vue-fastapi-admin/venv/lib/python3.12/site-packages/starlette/_utils.py", line 93, in collapse_excgroups
    |     raise exc
    |   File "/opt/vue-fastapi-admin/venv/lib/python3.12/site-packages/starlette/middleware/base.py", line 191, in __call__
    |     response = await self.dispatch_func(request, call_next)
    |                ^^^^^^^^^^^^^^^^^^^^^^^^^^^^^^^^^^^^^^^^^^^^
    |   File "/opt/vue-fastapi-admin/app/core/middlewares.py", line 171, in dispatch
    |     response = await call_next(request)
    |                ^^^^^^^^^^^^^^^^^^^^^^^^
    |   File "/opt/vue-fastapi-admin/venv/lib/python3.12/site-packages/starlette/middleware/base.py", line 165, in call_next
    |     raise app_exc
    |   File "/opt/vue-fastapi-admin/venv/lib/python3.12/site-packages/starlette/middleware/base.py", line 151, in coro
    |     await self.app(scope, receive_or_disconnect, send_no_error)
    |   File "/opt/vue-fastapi-admin/venv/lib/python3.12/site-packages/starlette/middleware/exceptions.py", line 65, in __call__
    |     await wrap_app_handling_exceptions(self.app, conn)(scope, receive, send)
    |   File "/opt/vue-fastapi-admin/venv/lib/python3.12/site-packages/starlette/_exception_handler.py", line 64, in wrapped_app
    |     raise exc
    |   File "/opt/vue-fastapi-admin/venv/lib/python3.12/site-packages/starlette/_exception_handler.py", line 53, in wrapped_app
    |     await app(scope, receive, sender)
    |   File "/opt/vue-fastapi-admin/venv/lib/python3.12/site-packages/starlette/routing.py", line 756, in __call__
    |     await self.middleware_stack(scope, receive, send)
    |   File "/opt/vue-fastapi-admin/venv/lib/python3.12/site-packages/starlette/routing.py", line 776, in app
    |     await route.handle(scope, receive, send)
    |   File "/opt/vue-fastapi-admin/venv/lib/python3.12/site-packages/starlette/routing.py", line 297, in handle
    |     await self.app(scope, receive, send)
    |   File "/opt/vue-fastapi-admin/venv/lib/python3.12/site-packages/starlette/routing.py", line 77, in app
    |     await wrap_app_handling_exceptions(app, request)(scope, receive, send)
    |   File "/opt/vue-fastapi-admin/venv/lib/python3.12/site-packages/starlette/_exception_handler.py", line 64, in wrapped_app
    |     raise exc
    |   File "/opt/vue-fastapi-admin/venv/lib/python3.12/site-packages/starlette/_exception_handler.py", line 53, in wrapped_app
    |     await app(scope, receive, sender)
    |   File "/opt/vue-fastapi-admin/venv/lib/python3.12/site-packages/starlette/routing.py", line 72, in app
    |     response = await func(request)
    |                ^^^^^^^^^^^^^^^^^^^
    |   File "/opt/vue-fastapi-admin/venv/lib/python3.12/site-packages/fastapi/routing.py", line 278, in app
    |     raw_response = await run_endpoint_function(
    |                    ^^^^^^^^^^^^^^^^^^^^^^^^^^^^
    |   File "/opt/vue-fastapi-admin/venv/lib/python3.12/site-packages/fastapi/routing.py", line 191, in run_endpoint_function
    |     return await dependant.call(**values)
    |            ^^^^^^^^^^^^^^^^^^^^^^^^^^^^^^
    |   File "/opt/vue-fastapi-admin/app/api/v1/field_work/field_work.py", line 19, in list_field_works
    |     if plate:
    |        ^^^^^
    | NameError: name 'plate' is not defined. Did you mean: 'page'?
    +------------------------------------

During handling of the above exception, another exception occurred:

Traceback (most recent call last):
  File "/opt/vue-fastapi-admin/venv/lib/python3.12/site-packages/uvicorn/protocols/http/httptools_impl.py", line 409, in run_asgi
    result = await app(  # type: ignore[func-returns-value]
             ^^^^^^^^^^^^^^^^^^^^^^^^^^^^^^^^^^^^^^^^^^^^^^
  File "/opt/vue-fastapi-admin/venv/lib/python3.12/site-packages/uvicorn/middleware/proxy_headers.py", line 60, in __call__
    return await self.app(scope, receive, send)
           ^^^^^^^^^^^^^^^^^^^^^^^^^^^^^^^^^^^^
  File "/opt/vue-fastapi-admin/venv/lib/python3.12/site-packages/fastapi/applications.py", line 1054, in __call__
    await super().__call__(scope, receive, send)
  File "/opt/vue-fastapi-admin/venv/lib/python3.12/site-packages/starlette/applications.py", line 123, in __call__
    await self.middleware_stack(scope, receive, send)
  File "/opt/vue-fastapi-admin/venv/lib/python3.12/site-packages/starlette/middleware/errors.py", line 186, in __call__
    raise exc
  File "/opt/vue-fastapi-admin/venv/lib/python3.12/site-packages/starlette/middleware/errors.py", line 164, in __call__
    await self.app(scope, receive, _send)
  File "/opt/vue-fastapi-admin/venv/lib/python3.12/site-packages/starlette/middleware/cors.py", line 85, in __call__
    await self.app(scope, receive, send)
  File "/opt/vue-fastapi-admin/app/core/middlewares.py", line 31, in __call__
    await response(request.scope, request.receive, send)
  File "/opt/vue-fastapi-admin/venv/lib/python3.12/site-packages/starlette/middleware/base.py", line 189, in __call__
    with collapse_excgroups():
  File "/usr/lib/python3.12/contextlib.py", line 158, in __exit__
    self.gen.throw(value)
  File "/opt/vue-fastapi-admin/venv/lib/python3.12/site-packages/starlette/_utils.py", line 93, in collapse_excgroups
    raise exc
  File "/opt/vue-fastapi-admin/venv/lib/python3.12/site-packages/starlette/middleware/base.py", line 191, in __call__
    response = await self.dispatch_func(request, call_next)
               ^^^^^^^^^^^^^^^^^^^^^^^^^^^^^^^^^^^^^^^^^^^^
  File "/opt/vue-fastapi-admin/app/core/middlewares.py", line 171, in dispatch
    response = await call_next(request)
               ^^^^^^^^^^^^^^^^^^^^^^^^
  File "/opt/vue-fastapi-admin/venv/lib/python3.12/site-packages/starlette/middleware/base.py", line 165, in call_next
    raise app_exc
  File "/opt/vue-fastapi-admin/venv/lib/python3.12/site-packages/starlette/middleware/base.py", line 151, in coro
    await self.app(scope, receive_or_disconnect, send_no_error)
  File "/opt/vue-fastapi-admin/venv/lib/python3.12/site-packages/starlette/middleware/exceptions.py", line 65, in __call__
    await wrap_app_handling_exceptions(self.app, conn)(scope, receive, send)
  File "/opt/vue-fastapi-admin/venv/lib/python3.12/site-packages/starlette/_exception_handler.py", line 64, in wrapped_app
    raise exc
  File "/opt/vue-fastapi-admin/venv/lib/python3.12/site-packages/starlette/_exception_handler.py", line 53, in wrapped_app
    await app(scope, receive, sender)
  File "/opt/vue-fastapi-admin/venv/lib/python3.12/site-packages/starlette/routing.py", line 756, in __call__
    await self.middleware_stack(scope, receive, send)
  File "/opt/vue-fastapi-admin/venv/lib/python3.12/site-packages/starlette/routing.py", line 776, in app
    await route.handle(scope, receive, send)
  File "/opt/vue-fastapi-admin/venv/lib/python3.12/site-packages/starlette/routing.py", line 297, in handle
    await self.app(scope, receive, send)
  File "/opt/vue-fastapi-admin/venv/lib/python3.12/site-packages/starlette/routing.py", line 77, in app
    await wrap_app_handling_exceptions(app, request)(scope, receive, send)
  File "/opt/vue-fastapi-admin/venv/lib/python3.12/site-packages/starlette/_exception_handler.py", line 64, in wrapped_app
    raise exc
  File "/opt/vue-fastapi-admin/venv/lib/python3.12/site-packages/starlette/_exception_handler.py", line 53, in wrapped_app
    await app(scope, receive, sender)
  File "/opt/vue-fastapi-admin/venv/lib/python3.12/site-packages/starlette/routing.py", line 72, in app
    response = await func(request)
               ^^^^^^^^^^^^^^^^^^^
  File "/opt/vue-fastapi-admin/venv/lib/python3.12/site-packages/fastapi/routing.py", line 278, in app
    raw_response = await run_endpoint_function(
                   ^^^^^^^^^^^^^^^^^^^^^^^^^^^^
  File "/opt/vue-fastapi-admin/venv/lib/python3.12/site-packages/fastapi/routing.py", line 191, in run_endpoint_function
    return await dependant.call(**values)
           ^^^^^^^^^^^^^^^^^^^^^^^^^^^^^^
  File "/opt/vue-fastapi-admin/app/api/v1/field_work/field_work.py", line 19, in list_field_works
    if plate:
       ^^^^^
NameError: name 'plate' is not defined. Did you mean: 'page'?
2025-03-03 06:30:42 - WARNING - WatchFiles detected changes in 'app/api/v1/field_work/field_work.py'. Reloading...
2025-03-03 06:30:42 - INFO - Shutting down
2025-03-03 06:30:43 - INFO - Waiting for application shutdown.
2025-03-03 06:30:43 - INFO - Application shutdown complete.
2025-03-03 06:30:43 - INFO - Finished server process [10137]
2025-03-03 06:30:43 - INFO - Started server process [10600]
2025-03-03 06:30:43 - INFO - Waiting for application startup.
2025-03-03 06:30:43 - INFO - Application startup complete.
2025-03-03 06:30:47 - INFO - 127.0.0.1:51166 - "GET /api/v1/field_work/list?page=1&page_size=10 HTTP/1.1" 200 OK
2025-03-03 06:30:48 - INFO - 127.0.0.1:51176 - "GET /api/v1/field_work/list?page=1&page_size=10 HTTP/1.1" 200 OK
2025-03-03 06:30:49 - INFO - 127.0.0.1:51186 - "GET /api/v1/field_work/list?page=1&page_size=10 HTTP/1.1" 200 OK
2025-03-03 06:30:50 - INFO - 127.0.0.1:51192 - "GET /api/v1/field_work/list?page=1&page_size=10 HTTP/1.1" 200 OK
2025-03-03 06:30:52 - INFO - 127.0.0.1:51194 - "GET /api/v1/field_work/list?page=1&page_size=10 HTTP/1.1" 200 OK
2025-03-03 06:30:54 - INFO - 127.0.0.1:46062 - "GET /api/v1/field_work/list?page=1&per_page=99999 HTTP/1.1" 200 OK
2025-03-03 06:34:43 - INFO - 127.0.0.1:36976 - "GET /api/v1/base/userinfo HTTP/1.1" 200 OK
2025-03-03 06:34:43 - INFO - 127.0.0.1:36992 - "GET /api/v1/base/usermenu HTTP/1.1" 200 OK
2025-03-03 06:34:44 - INFO - 127.0.0.1:37006 - "GET /api/v1/base/userapi HTTP/1.1" 200 OK
2025-03-03 06:34:44 - INFO - 127.0.0.1:37016 - "GET /api/v1/field_work/list?page=1&page_size=10 HTTP/1.1" 200 OK
2025-03-03 06:34:47 - INFO - 127.0.0.1:37032 - "GET /api/v1/base/userinfo HTTP/1.1" 200 OK
2025-03-03 06:34:47 - INFO - 127.0.0.1:37040 - "GET /api/v1/base/usermenu HTTP/1.1" 200 OK
2025-03-03 06:34:47 - INFO - 127.0.0.1:37042 - "GET /api/v1/base/userapi HTTP/1.1" 200 OK
2025-03-03 06:34:47 - INFO - 127.0.0.1:37046 - "GET /api/v1/field_work/list?page=1&page_size=10 HTTP/1.1" 200 OK
2025-03-03 06:34:49 - INFO - 127.0.0.1:37058 - "GET /api/v1/total/list?page=1&page_size=10 HTTP/1.1" 200 OK
2025-03-03 06:34:51 - INFO - 127.0.0.1:37064 - "GET /api/v1/field_work/list?page=1&page_size=10 HTTP/1.1" 200 OK
2025-03-03 06:34:53 - INFO - 127.0.0.1:40772 - "GET /api/v1/user/list?page=1&page_size=10 HTTP/1.1" 200 OK
2025-03-03 06:34:54 - INFO - 127.0.0.1:40800 - "GET /api/v1/dept/list HTTP/1.1" 200 OK
2025-03-03 06:34:54 - INFO - 127.0.0.1:40784 - "GET /api/v1/role/list?page=1&page_size=9999 HTTP/1.1" 200 OK
2025-03-03 06:34:54 - INFO - 127.0.0.1:40806 - "GET /api/v1/role/list?page=1&page_size=10 HTTP/1.1" 200 OK
2025-03-03 06:34:56 - INFO - 127.0.0.1:40818 - "GET /api/v1/menu/list HTTP/1.1" 200 OK
2025-03-03 06:34:56 - INFO - 127.0.0.1:40834 - "GET /api/v1/menu/list HTTP/1.1" 200 OK
2025-03-03 06:34:56 - INFO - 127.0.0.1:40842 - "GET /api/v1/api/list?page=1&page_size=10 HTTP/1.1" 200 OK
2025-03-03 06:34:59 - INFO - 127.0.0.1:40858 - "POST /api/v1/api/refresh HTTP/1.1" 200 OK
2025-03-03 06:34:59 - INFO - 127.0.0.1:40870 - "GET /api/v1/api/list?page=1&page_size=10 HTTP/1.1" 200 OK
2025-03-03 06:35:01 - INFO - 127.0.0.1:40874 - "GET /api/v1/api/list?page=2&page_size=10 HTTP/1.1" 200 OK
2025-03-03 06:35:04 - INFO - 127.0.0.1:42222 - "GET /api/v1/api/list?page=3&page_size=10 HTTP/1.1" 200 OK
2025-03-03 06:35:05 - INFO - 127.0.0.1:42232 - "GET /api/v1/api/list?page=4&page_size=10 HTTP/1.1" 200 OK
2025-03-03 06:35:06 - INFO - 127.0.0.1:42240 - "GET /api/v1/api/list?page=5&page_size=10 HTTP/1.1" 200 OK
2025-03-03 06:35:09 - INFO - 127.0.0.1:42254 - "GET /api/v1/dept/list?page=1&page_size=10 HTTP/1.1" 200 OK
2025-03-03 06:35:09 - INFO - 127.0.0.1:42264 - "GET /api/v1/dept/list HTTP/1.1" 200 OK
2025-03-03 06:35:10 - INFO - 127.0.0.1:42268 - "GET /api/v1/auditlog/list?start_time=2025-03-03+00:00:00&end_time=2025-03-03+23:59:59&page=1&page_size=10 HTTP/1.1" 200 OK
2025-03-03 06:35:14 - INFO - 127.0.0.1:56178 - "GET /api/v1/field_work/list?page=1&page_size=10 HTTP/1.1" 200 OK
2025-03-03 06:35:45 - INFO - 127.0.0.1:32870 - "GET /api/v1/api/list?page=1&page_size=10 HTTP/1.1" 200 OK
2025-03-03 06:35:46 - INFO - 127.0.0.1:32880 - "GET /api/v1/dept/list?page=1&page_size=10 HTTP/1.1" 200 OK
2025-03-03 06:35:46 - INFO - 127.0.0.1:32892 - "GET /api/v1/dept/list HTTP/1.1" 200 OK
2025-03-03 06:35:46 - INFO - 127.0.0.1:32906 - "GET /api/v1/dept/list?page=1&page_size=10 HTTP/1.1" 200 OK
2025-03-03 06:35:46 - INFO - 127.0.0.1:32908 - "GET /api/v1/dept/list HTTP/1.1" 200 OK
2025-03-03 06:35:47 - INFO - 127.0.0.1:32916 - "GET /api/v1/api/list?page=1&page_size=10 HTTP/1.1" 200 OK
2025-03-03 06:36:18 - INFO - 127.0.0.1:36526 - "GET /api/v1/transactions/list?page=1&page_size=10 HTTP/1.1" 200 OK
2025-03-03 06:36:42 - INFO - 127.0.0.1:41538 - "GET /api/v1/total/list?page=1&page_size=10 HTTP/1.1" 200 OK
2025-03-03 06:36:46 - INFO - 127.0.0.1:58422 - "GET /api/v1/total/list?page=1&page_size=10 HTTP/1.1" 200 OK
2025-03-03 06:38:35 - INFO - 127.0.0.1:52400 - "GET /api/v1/total/list?page=1&page_size=10 HTTP/1.1" 200 OK
2025-03-03 06:38:35 - INFO - 127.0.0.1:52406 - "GET /api/v1/total/list?page=1&page_size=10 HTTP/1.1" 200 OK
2025-03-03 06:38:41 - INFO - 127.0.0.1:52418 - "GET /api/v1/base/userinfo HTTP/1.1" 200 OK
2025-03-03 06:38:42 - INFO - 127.0.0.1:52430 - "GET /api/v1/base/usermenu HTTP/1.1" 200 OK
2025-03-03 06:38:42 - INFO - 127.0.0.1:52438 - "GET /api/v1/base/userapi HTTP/1.1" 200 OK
2025-03-03 06:38:42 - INFO - 127.0.0.1:52448 - "GET /api/v1/total/list?page=1&page_size=10 HTTP/1.1" 200 OK
2025-03-03 06:38:47 - INFO - 127.0.0.1:40902 - "GET /api/v1/field_work/list?page=1&page_size=10 HTTP/1.1" 200 OK
2025-03-03 06:38:51 - INFO - 127.0.0.1:40918 - "GET /api/v1/menu/list HTTP/1.1" 200 OK
2025-03-03 06:38:51 - INFO - 127.0.0.1:40924 - "GET /api/v1/menu/list HTTP/1.1" 200 OK
2025-03-03 06:38:59 - INFO - 127.0.0.1:39304 - "DELETE /api/v1/menu/delete?id=9 HTTP/1.1" 200 OK
2025-03-03 06:38:59 - INFO - 127.0.0.1:39316 - "GET /api/v1/menu/list HTTP/1.1" 200 OK
2025-03-03 06:39:02 - INFO - 127.0.0.1:39326 - "GET /api/v1/base/userinfo HTTP/1.1" 200 OK
2025-03-03 06:39:02 - INFO - 127.0.0.1:39338 - "GET /api/v1/base/usermenu HTTP/1.1" 200 OK
2025-03-03 06:39:02 - INFO - 127.0.0.1:39344 - "GET /api/v1/base/userapi HTTP/1.1" 200 OK
2025-03-03 06:39:02 - INFO - 127.0.0.1:39352 - "GET /api/v1/menu/list HTTP/1.1" 200 OK
2025-03-03 06:39:02 - INFO - 127.0.0.1:39358 - "GET /api/v1/menu/list HTTP/1.1" 200 OK
2025-03-03 06:39:05 - INFO - 127.0.0.1:36278 - "GET /api/v1/field_work/list?page=1&page_size=10 HTTP/1.1" 200 OK
2025-03-03 06:39:12 - INFO - 127.0.0.1:36292 - "GET /api/v1/api/list?page=1&page_size=10 HTTP/1.1" 200 OK
2025-03-03 06:39:14 - INFO - 127.0.0.1:53052 - "GET /api/v1/role/list?page=1&page_size=10 HTTP/1.1" 200 OK
2025-03-03 06:39:16 - INFO - 127.0.0.1:53068 - "GET /api/v1/menu/list?page=1&page_size=9999 HTTP/1.1" 200 OK
2025-03-03 06:39:16 - INFO - 127.0.0.1:53078 - "GET /api/v1/api/list?page=1&page_size=9999 HTTP/1.1" 200 OK
2025-03-03 06:39:16 - INFO - 127.0.0.1:53082 - "GET /api/v1/role/authorized?id=3 HTTP/1.1" 200 OK
2025-03-03 06:59:03 - INFO - 127.0.0.1:53894 - "GET /api/v1/total/list?page=1&page_size=10 HTTP/1.1" 200 OK
2025-03-03 06:59:19 - INFO - 127.0.0.1:49408 - "GET /api/v1/auditlog/list?start_time=2025-03-03+00:00:00&end_time=2025-03-03+23:59:59&page=1&page_size=10 HTTP/1.1" 200 OK
2025-03-03 07:03:37 - INFO - 127.0.0.1:47724 - "GET /api/v1/base/userinfo HTTP/1.1" 200 OK
2025-03-03 07:03:37 - INFO - 127.0.0.1:47726 - "GET /api/v1/base/usermenu HTTP/1.1" 200 OK
2025-03-03 07:03:37 - INFO - 127.0.0.1:47728 - "GET /api/v1/base/userapi HTTP/1.1" 200 OK
2025-03-03 07:03:38 - INFO - 127.0.0.1:47738 - "GET /api/v1/auditlog/list?start_time=2025-03-03+00:00:00&end_time=2025-03-03+23:59:59&page=1&page_size=10 HTTP/1.1" 200 OK
2025-03-03 07:03:41 - INFO - 127.0.0.1:47752 - "GET /api/v1/dept/list?page=1&page_size=10 HTTP/1.1" 200 OK
2025-03-03 07:03:41 - INFO - 127.0.0.1:47760 - "GET /api/v1/dept/list HTTP/1.1" 200 OK
2025-03-03 07:03:44 - INFO - 127.0.0.1:37318 - "GET /api/v1/dept/list?page=1&page_size=10 HTTP/1.1" 200 OK
2025-03-03 07:03:47 - INFO - 127.0.0.1:37342 - "GET /api/v1/role/list?page=1&page_size=9999 HTTP/1.1" 200 OK
2025-03-03 07:03:47 - INFO - 127.0.0.1:37332 - "GET /api/v1/user/list?page=1&page_size=10 HTTP/1.1" 200 OK
2025-03-03 07:03:47 - INFO - 127.0.0.1:37352 - "GET /api/v1/dept/list HTTP/1.1" 200 OK
2025-03-03 07:03:54 - INFO - 127.0.0.1:60180 - "GET /api/v1/dept/list?page=1&page_size=10 HTTP/1.1" 200 OK
2025-03-03 07:03:54 - INFO - 127.0.0.1:60194 - "GET /api/v1/dept/list HTTP/1.1" 200 OK
2025-03-03 07:04:04 - INFO - 127.0.0.1:55304 - "GET /api/v1/role/list?page=1&page_size=10 HTTP/1.1" 200 OK
2025-03-03 07:04:15 - INFO - 127.0.0.1:39070 - "POST /api/v1/role/create HTTP/1.1" 200 OK
2025-03-03 07:04:15 - INFO - 127.0.0.1:39078 - "GET /api/v1/role/list?page=1&page_size=10 HTTP/1.1" 200 OK
2025-03-03 07:05:10 - INFO - 127.0.0.1:34442 - "POST /api/v1/role/create HTTP/1.1" 200 OK
2025-03-03 07:05:10 - INFO - 127.0.0.1:34444 - "GET /api/v1/role/list?page=1&page_size=10 HTTP/1.1" 200 OK
2025-03-03 07:05:16 - INFO - 127.0.0.1:45062 - "POST /api/v1/role/create HTTP/1.1" 200 OK
2025-03-03 07:05:16 - INFO - 127.0.0.1:45072 - "GET /api/v1/role/list?page=1&page_size=10 HTTP/1.1" 200 OK
2025-03-03 07:06:44 - INFO - 127.0.0.1:33922 - "GET /api/v1/menu/list HTTP/1.1" 200 OK
2025-03-03 07:06:44 - INFO - 127.0.0.1:33930 - "GET /api/v1/menu/list HTTP/1.1" 200 OK
2025-03-03 07:06:48 - INFO - 127.0.0.1:33940 - "GET /api/v1/total/list?page=1&page_size=10 HTTP/1.1" 200 OK
2025-03-03 07:06:49 - INFO - 127.0.0.1:33950 - "GET /api/v1/field_work/list?page=1&page_size=10 HTTP/1.1" 200 OK
2025-03-03 07:06:50 - INFO - 127.0.0.1:33954 - "GET /api/v1/total/list?page=1&page_size=10 HTTP/1.1" 200 OK
2025-03-03 07:06:51 - INFO - 127.0.0.1:33966 - "GET /api/v1/field_work/list?page=1&page_size=10 HTTP/1.1" 200 OK
2025-03-03 07:06:52 - INFO - 127.0.0.1:33970 - "GET /api/v1/total/list?page=1&page_size=10 HTTP/1.1" 200 OK
2025-03-03 07:06:53 - INFO - 127.0.0.1:40376 - "GET /api/v1/field_work/list?page=1&page_size=10 HTTP/1.1" 200 OK
2025-03-03 07:10:23 - INFO - 127.0.0.1:49808 - "GET /api/v1/total/list?page=1&page_size=10 HTTP/1.1" 200 OK
2025-03-03 07:10:25 - INFO - 127.0.0.1:49814 - "GET /api/v1/field_work/list?page=1&page_size=10 HTTP/1.1" 200 OK
2025-03-03 07:12:47 - INFO - 10.8.0.3:9972 - "GET /docs HTTP/1.1" 200 OK
2025-03-03 07:12:48 - INFO - 10.8.0.3:9972 - "GET /openapi.json HTTP/1.1" 200 OK
2025-03-03 09:01:37 - INFO - 127.0.0.1:57450 - "GET /api/v1/base/userinfo HTTP/1.1" 200 OK
2025-03-03 09:01:37 - INFO - 127.0.0.1:57456 - "GET /api/v1/base/usermenu HTTP/1.1" 200 OK
2025-03-03 09:01:37 - INFO - 127.0.0.1:57466 - "GET /api/v1/base/userapi HTTP/1.1" 200 OK
2025-03-03 09:01:40 - INFO - 127.0.0.1:57470 - "GET /api/v1/auditlog/list?start_time=2025-03-03+00:00:00&end_time=2025-03-03+23:59:59&page=1&page_size=10 HTTP/1.1" 200 OK
2025-03-03 09:01:42 - INFO - 127.0.0.1:57476 - "GET /api/v1/auditlog/list?start_time=2025-03-03+00:00:00&end_time=2025-03-03+23:59:59&page=1&page_size=10 HTTP/1.1" 200 OK
2025-03-03 09:01:43 - INFO - 127.0.0.1:50042 - "GET /api/v1/auditlog/list?start_time=2025-03-03+00:00:00&end_time=2025-03-03+23:59:59&page=1&page_size=10 HTTP/1.1" 200 OK
2025-03-03 09:01:44 - INFO - 127.0.0.1:50054 - "GET /api/v1/auditlog/list?start_time=2025-03-03+00:00:00&end_time=2025-03-03+23:59:59&page=1&page_size=10 HTTP/1.1" 200 OK
2025-03-03 09:01:47 - INFO - 127.0.0.1:50062 - "GET /api/v1/auditlog/list?start_time=2025-03-03+00:00:00&end_time=2025-03-03+23:59:59&page=1&page_size=10 HTTP/1.1" 200 OK
2025-03-03 09:02:31 - INFO - 127.0.0.1:55626 - "GET /api/v1/role/list?page=1&page_size=9999 HTTP/1.1" 200 OK
2025-03-03 09:02:31 - INFO - 127.0.0.1:55616 - "GET /api/v1/user/list?page=1&page_size=10 HTTP/1.1" 200 OK
2025-03-03 09:02:31 - INFO - 127.0.0.1:55628 - "GET /api/v1/dept/list HTTP/1.1" 200 OK
2025-03-03 09:03:04 - INFO - 127.0.0.1:48476 - "GET /api/v1/role/list?page=1&page_size=10 HTTP/1.1" 200 OK
2025-03-03 09:03:50 - INFO - 127.0.0.1:56104 - "GET /api/v1/menu/list HTTP/1.1" 200 OK
2025-03-03 09:03:50 - INFO - 127.0.0.1:56112 - "GET /api/v1/menu/list HTTP/1.1" 200 OK
2025-03-03 09:04:08 - INFO - 127.0.0.1:42930 - "GET /api/v1/menu/list HTTP/1.1" 200 OK
2025-03-03 09:04:09 - INFO - 127.0.0.1:42934 - "GET /api/v1/menu/list HTTP/1.1" 200 OK
2025-03-03 09:04:15 - INFO - 127.0.0.1:44664 - "GET /api/v1/menu/list HTTP/1.1" 200 OK
2025-03-03 09:04:15 - INFO - 127.0.0.1:44674 - "GET /api/v1/menu/list HTTP/1.1" 200 OK
2025-03-03 09:04:35 - INFO - 127.0.0.1:60710 - "POST /api/v1/menu/update HTTP/1.1" 200 OK
2025-03-03 09:05:59 - INFO - 127.0.0.1:45782 - "GET /api/v1/field_work/list?page=1&page_size=10 HTTP/1.1" 200 OK
2025-03-03 09:24:57 - WARNING - WatchFiles detected changes in 'app/__init__.py'. Reloading...
2025-03-03 09:24:57 - INFO - Shutting down
2025-03-03 09:24:57 - INFO - Waiting for application shutdown.
2025-03-03 09:24:57 - INFO - Application shutdown complete.
2025-03-03 09:24:57 - INFO - Finished server process [10600]
2025-03-03 09:24:58 - INFO - Started server process [11872]
2025-03-03 09:24:58 - INFO - Waiting for application startup.
2025-03-03 09:24:58 - INFO - Application startup complete.
2025-03-03 09:26:33 - WARNING - WatchFiles detected changes in 'app/api/v1/field_work/field_work.py'. Reloading...
2025-03-03 09:26:33 - INFO - Shutting down
2025-03-03 09:26:33 - INFO - Waiting for application shutdown.
2025-03-03 09:26:33 - INFO - Application shutdown complete.
2025-03-03 09:26:33 - INFO - Finished server process [11872]
2025-03-03 09:26:34 - INFO - Started server process [12322]
2025-03-03 09:26:34 - INFO - Waiting for application startup.
2025-03-03 09:26:34 - INFO - Application startup complete.
2025-03-03 09:26:35 - WARNING - WatchFiles detected changes in 'app/api/v1/field_work/field_work.py'. Reloading...
2025-03-03 09:26:35 - INFO - Shutting down
2025-03-03 09:26:35 - INFO - Waiting for application shutdown.
2025-03-03 09:26:35 - INFO - Application shutdown complete.
2025-03-03 09:26:35 - INFO - Finished server process [12322]
2025-03-03 09:26:35 - INFO - Started server process [12325]
2025-03-03 09:26:35 - INFO - Waiting for application startup.
2025-03-03 09:26:35 - INFO - Application startup complete.
2025-03-04 01:39:23 - INFO - 127.0.0.1:49368 - "GET /api/v1/base/userinfo HTTP/1.1" 200 OK
2025-03-04 01:39:23 - INFO - 127.0.0.1:49384 - "GET /api/v1/base/usermenu HTTP/1.1" 200 OK
2025-03-04 01:39:23 - INFO - 127.0.0.1:49396 - "GET /api/v1/base/userapi HTTP/1.1" 200 OK
2025-03-04 01:39:33 - INFO - 127.0.0.1:32808 - "GET /api/v1/field_work/list?page=1&page_size=10 HTTP/1.1" 200 OK
2025-03-04 01:39:37 - INFO - 127.0.0.1:32810 - "GET /api/v1/field_work/list?name=1&page=1&page_size=10 HTTP/1.1" 500 Internal Server Error
2025-03-04 01:39:37 - ERROR - Exception in ASGI application
  + Exception Group Traceback (most recent call last):
  |   File "/opt/vue-fastapi-admin/venv/lib/python3.12/site-packages/starlette/_utils.py", line 87, in collapse_excgroups
  |     yield
  |   File "/opt/vue-fastapi-admin/venv/lib/python3.12/site-packages/starlette/middleware/base.py", line 190, in __call__
  |     async with anyio.create_task_group() as task_group:
  |   File "/opt/vue-fastapi-admin/venv/lib/python3.12/site-packages/anyio/_backends/_asyncio.py", line 767, in __aexit__
  |     raise BaseExceptionGroup(
  | ExceptionGroup: unhandled errors in a TaskGroup (1 sub-exception)
  +-+---------------- 1 ----------------
    | Traceback (most recent call last):
    |   File "/opt/vue-fastapi-admin/venv/lib/python3.12/site-packages/uvicorn/protocols/http/httptools_impl.py", line 409, in run_asgi
    |     result = await app(  # type: ignore[func-returns-value]
    |              ^^^^^^^^^^^^^^^^^^^^^^^^^^^^^^^^^^^^^^^^^^^^^^
    |   File "/opt/vue-fastapi-admin/venv/lib/python3.12/site-packages/uvicorn/middleware/proxy_headers.py", line 60, in __call__
    |     return await self.app(scope, receive, send)
    |            ^^^^^^^^^^^^^^^^^^^^^^^^^^^^^^^^^^^^
    |   File "/opt/vue-fastapi-admin/venv/lib/python3.12/site-packages/fastapi/applications.py", line 1054, in __call__
    |     await super().__call__(scope, receive, send)
    |   File "/opt/vue-fastapi-admin/venv/lib/python3.12/site-packages/starlette/applications.py", line 123, in __call__
    |     await self.middleware_stack(scope, receive, send)
    |   File "/opt/vue-fastapi-admin/venv/lib/python3.12/site-packages/starlette/middleware/errors.py", line 186, in __call__
    |     raise exc
    |   File "/opt/vue-fastapi-admin/venv/lib/python3.12/site-packages/starlette/middleware/errors.py", line 164, in __call__
    |     await self.app(scope, receive, _send)
    |   File "/opt/vue-fastapi-admin/venv/lib/python3.12/site-packages/starlette/middleware/cors.py", line 85, in __call__
    |     await self.app(scope, receive, send)
    |   File "/opt/vue-fastapi-admin/app/core/middlewares.py", line 31, in __call__
    |     await response(request.scope, request.receive, send)
    |   File "/opt/vue-fastapi-admin/venv/lib/python3.12/site-packages/starlette/middleware/base.py", line 189, in __call__
    |     with collapse_excgroups():
    |   File "/usr/lib/python3.12/contextlib.py", line 158, in __exit__
    |     self.gen.throw(value)
    |   File "/opt/vue-fastapi-admin/venv/lib/python3.12/site-packages/starlette/_utils.py", line 93, in collapse_excgroups
    |     raise exc
    |   File "/opt/vue-fastapi-admin/venv/lib/python3.12/site-packages/starlette/middleware/base.py", line 191, in __call__
    |     response = await self.dispatch_func(request, call_next)
    |                ^^^^^^^^^^^^^^^^^^^^^^^^^^^^^^^^^^^^^^^^^^^^
    |   File "/opt/vue-fastapi-admin/app/core/middlewares.py", line 171, in dispatch
    |     response = await call_next(request)
    |                ^^^^^^^^^^^^^^^^^^^^^^^^
    |   File "/opt/vue-fastapi-admin/venv/lib/python3.12/site-packages/starlette/middleware/base.py", line 165, in call_next
    |     raise app_exc
    |   File "/opt/vue-fastapi-admin/venv/lib/python3.12/site-packages/starlette/middleware/base.py", line 151, in coro
    |     await self.app(scope, receive_or_disconnect, send_no_error)
    |   File "/opt/vue-fastapi-admin/venv/lib/python3.12/site-packages/starlette/middleware/exceptions.py", line 65, in __call__
    |     await wrap_app_handling_exceptions(self.app, conn)(scope, receive, send)
    |   File "/opt/vue-fastapi-admin/venv/lib/python3.12/site-packages/starlette/_exception_handler.py", line 64, in wrapped_app
    |     raise exc
    |   File "/opt/vue-fastapi-admin/venv/lib/python3.12/site-packages/starlette/_exception_handler.py", line 53, in wrapped_app
    |     await app(scope, receive, sender)
    |   File "/opt/vue-fastapi-admin/venv/lib/python3.12/site-packages/starlette/routing.py", line 756, in __call__
    |     await self.middleware_stack(scope, receive, send)
    |   File "/opt/vue-fastapi-admin/venv/lib/python3.12/site-packages/starlette/routing.py", line 776, in app
    |     await route.handle(scope, receive, send)
    |   File "/opt/vue-fastapi-admin/venv/lib/python3.12/site-packages/starlette/routing.py", line 297, in handle
    |     await self.app(scope, receive, send)
    |   File "/opt/vue-fastapi-admin/venv/lib/python3.12/site-packages/starlette/routing.py", line 77, in app
    |     await wrap_app_handling_exceptions(app, request)(scope, receive, send)
    |   File "/opt/vue-fastapi-admin/venv/lib/python3.12/site-packages/starlette/_exception_handler.py", line 64, in wrapped_app
    |     raise exc
    |   File "/opt/vue-fastapi-admin/venv/lib/python3.12/site-packages/starlette/_exception_handler.py", line 53, in wrapped_app
    |     await app(scope, receive, sender)
    |   File "/opt/vue-fastapi-admin/venv/lib/python3.12/site-packages/starlette/routing.py", line 72, in app
    |     response = await func(request)
    |                ^^^^^^^^^^^^^^^^^^^
    |   File "/opt/vue-fastapi-admin/venv/lib/python3.12/site-packages/fastapi/routing.py", line 278, in app
    |     raw_response = await run_endpoint_function(
    |                    ^^^^^^^^^^^^^^^^^^^^^^^^^^^^
    |   File "/opt/vue-fastapi-admin/venv/lib/python3.12/site-packages/fastapi/routing.py", line 191, in run_endpoint_function
    |     return await dependant.call(**values)
    |            ^^^^^^^^^^^^^^^^^^^^^^^^^^^^^^
    |   File "/opt/vue-fastapi-admin/app/api/v1/field_work/field_work.py", line 21, in list_field_works
    |     field_work, field_work_objs = await field_work_record_controller.list(page=page, page_size=page_size, search=q)
    |                                   ^^^^^^^^^^^^^^^^^^^^^^^^^^^^^^^^^^^^^^^^^^^^^^^^^^^^^^^^^^^^^^^^^^^^^^^^^^^^^^^^^
    |   File "/opt/vue-fastapi-admin/app/core/crud.py", line 22, in list
    |     return await query.count(), await query.offset((page - 1) * page_size).limit(page_size).order_by(*order)
    |            ^^^^^^^^^^^^^^^^^^^
    |   File "/opt/vue-fastapi-admin/venv/lib/python3.12/site-packages/tortoise/queryset.py", line 1391, in __await__
    |     self._make_query()
    |   File "/opt/vue-fastapi-admin/venv/lib/python3.12/site-packages/tortoise/queryset.py", line 1373, in _make_query
    |     self.resolve_filters()
    |   File "/opt/vue-fastapi-admin/venv/lib/python3.12/site-packages/tortoise/queryset.py", line 141, in resolve_filters
    |     modifier &= node.resolve(
    |                 ^^^^^^^^^^^^^
    |   File "/opt/vue-fastapi-admin/venv/lib/python3.12/site-packages/tortoise/expressions.py", line 479, in resolve
    |     return self._resolve_children(resolve_context)
    |            ^^^^^^^^^^^^^^^^^^^^^^^^^^^^^^^^^^^^^^^
    |   File "/opt/vue-fastapi-admin/venv/lib/python3.12/site-packages/tortoise/expressions.py", line 456, in _resolve_children
    |     node_modifier = node.resolve(resolve_context)
    |                     ^^^^^^^^^^^^^^^^^^^^^^^^^^^^^
    |   File "/opt/vue-fastapi-admin/venv/lib/python3.12/site-packages/tortoise/expressions.py", line 478, in resolve
    |     return self._resolve_kwargs(resolve_context)
    |            ^^^^^^^^^^^^^^^^^^^^^^^^^^^^^^^^^^^^^
    |   File "/opt/vue-fastapi-admin/venv/lib/python3.12/site-packages/tortoise/expressions.py", line 435, in _resolve_kwargs
    |     key, value = self._get_actual_filter_params(resolve_context, raw_key, raw_value)
    |                  ^^^^^^^^^^^^^^^^^^^^^^^^^^^^^^^^^^^^^^^^^^^^^^^^^^^^^^^^^^^^^^^^^^^
    |   File "/opt/vue-fastapi-admin/venv/lib/python3.12/site-packages/tortoise/expressions.py", line 425, in _get_actual_filter_params
    |     raise FieldError(f"Unknown filter param '{key}'. Allowed base values are {allowed}")
    | tortoise.exceptions.FieldError: Unknown filter param 'plate__contains'. Allowed base values are ['actual_expenditure', 'created_at', 'date', 'difference', 'expected_expenditure', 'id', 'name', 'number', 'remark', 'updated_at']
    +------------------------------------

During handling of the above exception, another exception occurred:

Traceback (most recent call last):
  File "/opt/vue-fastapi-admin/venv/lib/python3.12/site-packages/uvicorn/protocols/http/httptools_impl.py", line 409, in run_asgi
    result = await app(  # type: ignore[func-returns-value]
             ^^^^^^^^^^^^^^^^^^^^^^^^^^^^^^^^^^^^^^^^^^^^^^
  File "/opt/vue-fastapi-admin/venv/lib/python3.12/site-packages/uvicorn/middleware/proxy_headers.py", line 60, in __call__
    return await self.app(scope, receive, send)
           ^^^^^^^^^^^^^^^^^^^^^^^^^^^^^^^^^^^^
  File "/opt/vue-fastapi-admin/venv/lib/python3.12/site-packages/fastapi/applications.py", line 1054, in __call__
    await super().__call__(scope, receive, send)
  File "/opt/vue-fastapi-admin/venv/lib/python3.12/site-packages/starlette/applications.py", line 123, in __call__
    await self.middleware_stack(scope, receive, send)
  File "/opt/vue-fastapi-admin/venv/lib/python3.12/site-packages/starlette/middleware/errors.py", line 186, in __call__
    raise exc
  File "/opt/vue-fastapi-admin/venv/lib/python3.12/site-packages/starlette/middleware/errors.py", line 164, in __call__
    await self.app(scope, receive, _send)
  File "/opt/vue-fastapi-admin/venv/lib/python3.12/site-packages/starlette/middleware/cors.py", line 85, in __call__
    await self.app(scope, receive, send)
  File "/opt/vue-fastapi-admin/app/core/middlewares.py", line 31, in __call__
    await response(request.scope, request.receive, send)
  File "/opt/vue-fastapi-admin/venv/lib/python3.12/site-packages/starlette/middleware/base.py", line 189, in __call__
    with collapse_excgroups():
  File "/usr/lib/python3.12/contextlib.py", line 158, in __exit__
    self.gen.throw(value)
  File "/opt/vue-fastapi-admin/venv/lib/python3.12/site-packages/starlette/_utils.py", line 93, in collapse_excgroups
    raise exc
  File "/opt/vue-fastapi-admin/venv/lib/python3.12/site-packages/starlette/middleware/base.py", line 191, in __call__
    response = await self.dispatch_func(request, call_next)
               ^^^^^^^^^^^^^^^^^^^^^^^^^^^^^^^^^^^^^^^^^^^^
  File "/opt/vue-fastapi-admin/app/core/middlewares.py", line 171, in dispatch
    response = await call_next(request)
               ^^^^^^^^^^^^^^^^^^^^^^^^
  File "/opt/vue-fastapi-admin/venv/lib/python3.12/site-packages/starlette/middleware/base.py", line 165, in call_next
    raise app_exc
  File "/opt/vue-fastapi-admin/venv/lib/python3.12/site-packages/starlette/middleware/base.py", line 151, in coro
    await self.app(scope, receive_or_disconnect, send_no_error)
  File "/opt/vue-fastapi-admin/venv/lib/python3.12/site-packages/starlette/middleware/exceptions.py", line 65, in __call__
    await wrap_app_handling_exceptions(self.app, conn)(scope, receive, send)
  File "/opt/vue-fastapi-admin/venv/lib/python3.12/site-packages/starlette/_exception_handler.py", line 64, in wrapped_app
    raise exc
  File "/opt/vue-fastapi-admin/venv/lib/python3.12/site-packages/starlette/_exception_handler.py", line 53, in wrapped_app
    await app(scope, receive, sender)
  File "/opt/vue-fastapi-admin/venv/lib/python3.12/site-packages/starlette/routing.py", line 756, in __call__
    await self.middleware_stack(scope, receive, send)
  File "/opt/vue-fastapi-admin/venv/lib/python3.12/site-packages/starlette/routing.py", line 776, in app
    await route.handle(scope, receive, send)
  File "/opt/vue-fastapi-admin/venv/lib/python3.12/site-packages/starlette/routing.py", line 297, in handle
    await self.app(scope, receive, send)
  File "/opt/vue-fastapi-admin/venv/lib/python3.12/site-packages/starlette/routing.py", line 77, in app
    await wrap_app_handling_exceptions(app, request)(scope, receive, send)
  File "/opt/vue-fastapi-admin/venv/lib/python3.12/site-packages/starlette/_exception_handler.py", line 64, in wrapped_app
    raise exc
  File "/opt/vue-fastapi-admin/venv/lib/python3.12/site-packages/starlette/_exception_handler.py", line 53, in wrapped_app
    await app(scope, receive, sender)
  File "/opt/vue-fastapi-admin/venv/lib/python3.12/site-packages/starlette/routing.py", line 72, in app
    response = await func(request)
               ^^^^^^^^^^^^^^^^^^^
  File "/opt/vue-fastapi-admin/venv/lib/python3.12/site-packages/fastapi/routing.py", line 278, in app
    raw_response = await run_endpoint_function(
                   ^^^^^^^^^^^^^^^^^^^^^^^^^^^^
  File "/opt/vue-fastapi-admin/venv/lib/python3.12/site-packages/fastapi/routing.py", line 191, in run_endpoint_function
    return await dependant.call(**values)
           ^^^^^^^^^^^^^^^^^^^^^^^^^^^^^^
  File "/opt/vue-fastapi-admin/app/api/v1/field_work/field_work.py", line 21, in list_field_works
    field_work, field_work_objs = await field_work_record_controller.list(page=page, page_size=page_size, search=q)
                                  ^^^^^^^^^^^^^^^^^^^^^^^^^^^^^^^^^^^^^^^^^^^^^^^^^^^^^^^^^^^^^^^^^^^^^^^^^^^^^^^^^
  File "/opt/vue-fastapi-admin/app/core/crud.py", line 22, in list
    return await query.count(), await query.offset((page - 1) * page_size).limit(page_size).order_by(*order)
           ^^^^^^^^^^^^^^^^^^^
  File "/opt/vue-fastapi-admin/venv/lib/python3.12/site-packages/tortoise/queryset.py", line 1391, in __await__
    self._make_query()
  File "/opt/vue-fastapi-admin/venv/lib/python3.12/site-packages/tortoise/queryset.py", line 1373, in _make_query
    self.resolve_filters()
  File "/opt/vue-fastapi-admin/venv/lib/python3.12/site-packages/tortoise/queryset.py", line 141, in resolve_filters
    modifier &= node.resolve(
                ^^^^^^^^^^^^^
  File "/opt/vue-fastapi-admin/venv/lib/python3.12/site-packages/tortoise/expressions.py", line 479, in resolve
    return self._resolve_children(resolve_context)
           ^^^^^^^^^^^^^^^^^^^^^^^^^^^^^^^^^^^^^^^
  File "/opt/vue-fastapi-admin/venv/lib/python3.12/site-packages/tortoise/expressions.py", line 456, in _resolve_children
    node_modifier = node.resolve(resolve_context)
                    ^^^^^^^^^^^^^^^^^^^^^^^^^^^^^
  File "/opt/vue-fastapi-admin/venv/lib/python3.12/site-packages/tortoise/expressions.py", line 478, in resolve
    return self._resolve_kwargs(resolve_context)
           ^^^^^^^^^^^^^^^^^^^^^^^^^^^^^^^^^^^^^
  File "/opt/vue-fastapi-admin/venv/lib/python3.12/site-packages/tortoise/expressions.py", line 435, in _resolve_kwargs
    key, value = self._get_actual_filter_params(resolve_context, raw_key, raw_value)
                 ^^^^^^^^^^^^^^^^^^^^^^^^^^^^^^^^^^^^^^^^^^^^^^^^^^^^^^^^^^^^^^^^^^^
  File "/opt/vue-fastapi-admin/venv/lib/python3.12/site-packages/tortoise/expressions.py", line 425, in _get_actual_filter_params
    raise FieldError(f"Unknown filter param '{key}'. Allowed base values are {allowed}")
tortoise.exceptions.FieldError: Unknown filter param 'plate__contains'. Allowed base values are ['actual_expenditure', 'created_at', 'date', 'difference', 'expected_expenditure', 'id', 'name', 'number', 'remark', 'updated_at']
2025-03-04 01:39:42 - INFO - 127.0.0.1:32824 - "GET /api/v1/field_work/list?name=&page=1&page_size=10 HTTP/1.1" 200 OK
2025-03-04 01:39:44 - INFO - 127.0.0.1:46734 - "GET /api/v1/field_work/list?name=1&page=1&page_size=10 HTTP/1.1" 500 Internal Server Error
2025-03-04 01:39:44 - ERROR - Exception in ASGI application
  + Exception Group Traceback (most recent call last):
  |   File "/opt/vue-fastapi-admin/venv/lib/python3.12/site-packages/starlette/_utils.py", line 87, in collapse_excgroups
  |     yield
  |   File "/opt/vue-fastapi-admin/venv/lib/python3.12/site-packages/starlette/middleware/base.py", line 190, in __call__
  |     async with anyio.create_task_group() as task_group:
  |   File "/opt/vue-fastapi-admin/venv/lib/python3.12/site-packages/anyio/_backends/_asyncio.py", line 767, in __aexit__
  |     raise BaseExceptionGroup(
  | ExceptionGroup: unhandled errors in a TaskGroup (1 sub-exception)
  +-+---------------- 1 ----------------
    | Traceback (most recent call last):
    |   File "/opt/vue-fastapi-admin/venv/lib/python3.12/site-packages/uvicorn/protocols/http/httptools_impl.py", line 409, in run_asgi
    |     result = await app(  # type: ignore[func-returns-value]
    |              ^^^^^^^^^^^^^^^^^^^^^^^^^^^^^^^^^^^^^^^^^^^^^^
    |   File "/opt/vue-fastapi-admin/venv/lib/python3.12/site-packages/uvicorn/middleware/proxy_headers.py", line 60, in __call__
    |     return await self.app(scope, receive, send)
    |            ^^^^^^^^^^^^^^^^^^^^^^^^^^^^^^^^^^^^
    |   File "/opt/vue-fastapi-admin/venv/lib/python3.12/site-packages/fastapi/applications.py", line 1054, in __call__
    |     await super().__call__(scope, receive, send)
    |   File "/opt/vue-fastapi-admin/venv/lib/python3.12/site-packages/starlette/applications.py", line 123, in __call__
    |     await self.middleware_stack(scope, receive, send)
    |   File "/opt/vue-fastapi-admin/venv/lib/python3.12/site-packages/starlette/middleware/errors.py", line 186, in __call__
    |     raise exc
    |   File "/opt/vue-fastapi-admin/venv/lib/python3.12/site-packages/starlette/middleware/errors.py", line 164, in __call__
    |     await self.app(scope, receive, _send)
    |   File "/opt/vue-fastapi-admin/venv/lib/python3.12/site-packages/starlette/middleware/cors.py", line 85, in __call__
    |     await self.app(scope, receive, send)
    |   File "/opt/vue-fastapi-admin/app/core/middlewares.py", line 31, in __call__
    |     await response(request.scope, request.receive, send)
    |   File "/opt/vue-fastapi-admin/venv/lib/python3.12/site-packages/starlette/middleware/base.py", line 189, in __call__
    |     with collapse_excgroups():
    |   File "/usr/lib/python3.12/contextlib.py", line 158, in __exit__
    |     self.gen.throw(value)
    |   File "/opt/vue-fastapi-admin/venv/lib/python3.12/site-packages/starlette/_utils.py", line 93, in collapse_excgroups
    |     raise exc
    |   File "/opt/vue-fastapi-admin/venv/lib/python3.12/site-packages/starlette/middleware/base.py", line 191, in __call__
    |     response = await self.dispatch_func(request, call_next)
    |                ^^^^^^^^^^^^^^^^^^^^^^^^^^^^^^^^^^^^^^^^^^^^
    |   File "/opt/vue-fastapi-admin/app/core/middlewares.py", line 171, in dispatch
    |     response = await call_next(request)
    |                ^^^^^^^^^^^^^^^^^^^^^^^^
    |   File "/opt/vue-fastapi-admin/venv/lib/python3.12/site-packages/starlette/middleware/base.py", line 165, in call_next
    |     raise app_exc
    |   File "/opt/vue-fastapi-admin/venv/lib/python3.12/site-packages/starlette/middleware/base.py", line 151, in coro
    |     await self.app(scope, receive_or_disconnect, send_no_error)
    |   File "/opt/vue-fastapi-admin/venv/lib/python3.12/site-packages/starlette/middleware/exceptions.py", line 65, in __call__
    |     await wrap_app_handling_exceptions(self.app, conn)(scope, receive, send)
    |   File "/opt/vue-fastapi-admin/venv/lib/python3.12/site-packages/starlette/_exception_handler.py", line 64, in wrapped_app
    |     raise exc
    |   File "/opt/vue-fastapi-admin/venv/lib/python3.12/site-packages/starlette/_exception_handler.py", line 53, in wrapped_app
    |     await app(scope, receive, sender)
    |   File "/opt/vue-fastapi-admin/venv/lib/python3.12/site-packages/starlette/routing.py", line 756, in __call__
    |     await self.middleware_stack(scope, receive, send)
    |   File "/opt/vue-fastapi-admin/venv/lib/python3.12/site-packages/starlette/routing.py", line 776, in app
    |     await route.handle(scope, receive, send)
    |   File "/opt/vue-fastapi-admin/venv/lib/python3.12/site-packages/starlette/routing.py", line 297, in handle
    |     await self.app(scope, receive, send)
    |   File "/opt/vue-fastapi-admin/venv/lib/python3.12/site-packages/starlette/routing.py", line 77, in app
    |     await wrap_app_handling_exceptions(app, request)(scope, receive, send)
    |   File "/opt/vue-fastapi-admin/venv/lib/python3.12/site-packages/starlette/_exception_handler.py", line 64, in wrapped_app
    |     raise exc
    |   File "/opt/vue-fastapi-admin/venv/lib/python3.12/site-packages/starlette/_exception_handler.py", line 53, in wrapped_app
    |     await app(scope, receive, sender)
    |   File "/opt/vue-fastapi-admin/venv/lib/python3.12/site-packages/starlette/routing.py", line 72, in app
    |     response = await func(request)
    |                ^^^^^^^^^^^^^^^^^^^
    |   File "/opt/vue-fastapi-admin/venv/lib/python3.12/site-packages/fastapi/routing.py", line 278, in app
    |     raw_response = await run_endpoint_function(
    |                    ^^^^^^^^^^^^^^^^^^^^^^^^^^^^
    |   File "/opt/vue-fastapi-admin/venv/lib/python3.12/site-packages/fastapi/routing.py", line 191, in run_endpoint_function
    |     return await dependant.call(**values)
    |            ^^^^^^^^^^^^^^^^^^^^^^^^^^^^^^
    |   File "/opt/vue-fastapi-admin/app/api/v1/field_work/field_work.py", line 21, in list_field_works
    |     field_work, field_work_objs = await field_work_record_controller.list(page=page, page_size=page_size, search=q)
    |                                   ^^^^^^^^^^^^^^^^^^^^^^^^^^^^^^^^^^^^^^^^^^^^^^^^^^^^^^^^^^^^^^^^^^^^^^^^^^^^^^^^^
    |   File "/opt/vue-fastapi-admin/app/core/crud.py", line 22, in list
    |     return await query.count(), await query.offset((page - 1) * page_size).limit(page_size).order_by(*order)
    |            ^^^^^^^^^^^^^^^^^^^
    |   File "/opt/vue-fastapi-admin/venv/lib/python3.12/site-packages/tortoise/queryset.py", line 1391, in __await__
    |     self._make_query()
    |   File "/opt/vue-fastapi-admin/venv/lib/python3.12/site-packages/tortoise/queryset.py", line 1373, in _make_query
    |     self.resolve_filters()
    |   File "/opt/vue-fastapi-admin/venv/lib/python3.12/site-packages/tortoise/queryset.py", line 141, in resolve_filters
    |     modifier &= node.resolve(
    |                 ^^^^^^^^^^^^^
    |   File "/opt/vue-fastapi-admin/venv/lib/python3.12/site-packages/tortoise/expressions.py", line 479, in resolve
    |     return self._resolve_children(resolve_context)
    |            ^^^^^^^^^^^^^^^^^^^^^^^^^^^^^^^^^^^^^^^
    |   File "/opt/vue-fastapi-admin/venv/lib/python3.12/site-packages/tortoise/expressions.py", line 456, in _resolve_children
    |     node_modifier = node.resolve(resolve_context)
    |                     ^^^^^^^^^^^^^^^^^^^^^^^^^^^^^
    |   File "/opt/vue-fastapi-admin/venv/lib/python3.12/site-packages/tortoise/expressions.py", line 478, in resolve
    |     return self._resolve_kwargs(resolve_context)
    |            ^^^^^^^^^^^^^^^^^^^^^^^^^^^^^^^^^^^^^
    |   File "/opt/vue-fastapi-admin/venv/lib/python3.12/site-packages/tortoise/expressions.py", line 435, in _resolve_kwargs
    |     key, value = self._get_actual_filter_params(resolve_context, raw_key, raw_value)
    |                  ^^^^^^^^^^^^^^^^^^^^^^^^^^^^^^^^^^^^^^^^^^^^^^^^^^^^^^^^^^^^^^^^^^^
    |   File "/opt/vue-fastapi-admin/venv/lib/python3.12/site-packages/tortoise/expressions.py", line 425, in _get_actual_filter_params
    |     raise FieldError(f"Unknown filter param '{key}'. Allowed base values are {allowed}")
    | tortoise.exceptions.FieldError: Unknown filter param 'plate__contains'. Allowed base values are ['actual_expenditure', 'created_at', 'date', 'difference', 'expected_expenditure', 'id', 'name', 'number', 'remark', 'updated_at']
    +------------------------------------

During handling of the above exception, another exception occurred:

Traceback (most recent call last):
  File "/opt/vue-fastapi-admin/venv/lib/python3.12/site-packages/uvicorn/protocols/http/httptools_impl.py", line 409, in run_asgi
    result = await app(  # type: ignore[func-returns-value]
             ^^^^^^^^^^^^^^^^^^^^^^^^^^^^^^^^^^^^^^^^^^^^^^
  File "/opt/vue-fastapi-admin/venv/lib/python3.12/site-packages/uvicorn/middleware/proxy_headers.py", line 60, in __call__
    return await self.app(scope, receive, send)
           ^^^^^^^^^^^^^^^^^^^^^^^^^^^^^^^^^^^^
  File "/opt/vue-fastapi-admin/venv/lib/python3.12/site-packages/fastapi/applications.py", line 1054, in __call__
    await super().__call__(scope, receive, send)
  File "/opt/vue-fastapi-admin/venv/lib/python3.12/site-packages/starlette/applications.py", line 123, in __call__
    await self.middleware_stack(scope, receive, send)
  File "/opt/vue-fastapi-admin/venv/lib/python3.12/site-packages/starlette/middleware/errors.py", line 186, in __call__
    raise exc
  File "/opt/vue-fastapi-admin/venv/lib/python3.12/site-packages/starlette/middleware/errors.py", line 164, in __call__
    await self.app(scope, receive, _send)
  File "/opt/vue-fastapi-admin/venv/lib/python3.12/site-packages/starlette/middleware/cors.py", line 85, in __call__
    await self.app(scope, receive, send)
  File "/opt/vue-fastapi-admin/app/core/middlewares.py", line 31, in __call__
    await response(request.scope, request.receive, send)
  File "/opt/vue-fastapi-admin/venv/lib/python3.12/site-packages/starlette/middleware/base.py", line 189, in __call__
    with collapse_excgroups():
  File "/usr/lib/python3.12/contextlib.py", line 158, in __exit__
    self.gen.throw(value)
  File "/opt/vue-fastapi-admin/venv/lib/python3.12/site-packages/starlette/_utils.py", line 93, in collapse_excgroups
    raise exc
  File "/opt/vue-fastapi-admin/venv/lib/python3.12/site-packages/starlette/middleware/base.py", line 191, in __call__
    response = await self.dispatch_func(request, call_next)
               ^^^^^^^^^^^^^^^^^^^^^^^^^^^^^^^^^^^^^^^^^^^^
  File "/opt/vue-fastapi-admin/app/core/middlewares.py", line 171, in dispatch
    response = await call_next(request)
               ^^^^^^^^^^^^^^^^^^^^^^^^
  File "/opt/vue-fastapi-admin/venv/lib/python3.12/site-packages/starlette/middleware/base.py", line 165, in call_next
    raise app_exc
  File "/opt/vue-fastapi-admin/venv/lib/python3.12/site-packages/starlette/middleware/base.py", line 151, in coro
    await self.app(scope, receive_or_disconnect, send_no_error)
  File "/opt/vue-fastapi-admin/venv/lib/python3.12/site-packages/starlette/middleware/exceptions.py", line 65, in __call__
    await wrap_app_handling_exceptions(self.app, conn)(scope, receive, send)
  File "/opt/vue-fastapi-admin/venv/lib/python3.12/site-packages/starlette/_exception_handler.py", line 64, in wrapped_app
    raise exc
  File "/opt/vue-fastapi-admin/venv/lib/python3.12/site-packages/starlette/_exception_handler.py", line 53, in wrapped_app
    await app(scope, receive, sender)
  File "/opt/vue-fastapi-admin/venv/lib/python3.12/site-packages/starlette/routing.py", line 756, in __call__
    await self.middleware_stack(scope, receive, send)
  File "/opt/vue-fastapi-admin/venv/lib/python3.12/site-packages/starlette/routing.py", line 776, in app
    await route.handle(scope, receive, send)
  File "/opt/vue-fastapi-admin/venv/lib/python3.12/site-packages/starlette/routing.py", line 297, in handle
    await self.app(scope, receive, send)
  File "/opt/vue-fastapi-admin/venv/lib/python3.12/site-packages/starlette/routing.py", line 77, in app
    await wrap_app_handling_exceptions(app, request)(scope, receive, send)
  File "/opt/vue-fastapi-admin/venv/lib/python3.12/site-packages/starlette/_exception_handler.py", line 64, in wrapped_app
    raise exc
  File "/opt/vue-fastapi-admin/venv/lib/python3.12/site-packages/starlette/_exception_handler.py", line 53, in wrapped_app
    await app(scope, receive, sender)
  File "/opt/vue-fastapi-admin/venv/lib/python3.12/site-packages/starlette/routing.py", line 72, in app
    response = await func(request)
               ^^^^^^^^^^^^^^^^^^^
  File "/opt/vue-fastapi-admin/venv/lib/python3.12/site-packages/fastapi/routing.py", line 278, in app
    raw_response = await run_endpoint_function(
                   ^^^^^^^^^^^^^^^^^^^^^^^^^^^^
  File "/opt/vue-fastapi-admin/venv/lib/python3.12/site-packages/fastapi/routing.py", line 191, in run_endpoint_function
    return await dependant.call(**values)
           ^^^^^^^^^^^^^^^^^^^^^^^^^^^^^^
  File "/opt/vue-fastapi-admin/app/api/v1/field_work/field_work.py", line 21, in list_field_works
    field_work, field_work_objs = await field_work_record_controller.list(page=page, page_size=page_size, search=q)
                                  ^^^^^^^^^^^^^^^^^^^^^^^^^^^^^^^^^^^^^^^^^^^^^^^^^^^^^^^^^^^^^^^^^^^^^^^^^^^^^^^^^
  File "/opt/vue-fastapi-admin/app/core/crud.py", line 22, in list
    return await query.count(), await query.offset((page - 1) * page_size).limit(page_size).order_by(*order)
           ^^^^^^^^^^^^^^^^^^^
  File "/opt/vue-fastapi-admin/venv/lib/python3.12/site-packages/tortoise/queryset.py", line 1391, in __await__
    self._make_query()
  File "/opt/vue-fastapi-admin/venv/lib/python3.12/site-packages/tortoise/queryset.py", line 1373, in _make_query
    self.resolve_filters()
  File "/opt/vue-fastapi-admin/venv/lib/python3.12/site-packages/tortoise/queryset.py", line 141, in resolve_filters
    modifier &= node.resolve(
                ^^^^^^^^^^^^^
  File "/opt/vue-fastapi-admin/venv/lib/python3.12/site-packages/tortoise/expressions.py", line 479, in resolve
    return self._resolve_children(resolve_context)
           ^^^^^^^^^^^^^^^^^^^^^^^^^^^^^^^^^^^^^^^
  File "/opt/vue-fastapi-admin/venv/lib/python3.12/site-packages/tortoise/expressions.py", line 456, in _resolve_children
    node_modifier = node.resolve(resolve_context)
                    ^^^^^^^^^^^^^^^^^^^^^^^^^^^^^
  File "/opt/vue-fastapi-admin/venv/lib/python3.12/site-packages/tortoise/expressions.py", line 478, in resolve
    return self._resolve_kwargs(resolve_context)
           ^^^^^^^^^^^^^^^^^^^^^^^^^^^^^^^^^^^^^
  File "/opt/vue-fastapi-admin/venv/lib/python3.12/site-packages/tortoise/expressions.py", line 435, in _resolve_kwargs
    key, value = self._get_actual_filter_params(resolve_context, raw_key, raw_value)
                 ^^^^^^^^^^^^^^^^^^^^^^^^^^^^^^^^^^^^^^^^^^^^^^^^^^^^^^^^^^^^^^^^^^^
  File "/opt/vue-fastapi-admin/venv/lib/python3.12/site-packages/tortoise/expressions.py", line 425, in _get_actual_filter_params
    raise FieldError(f"Unknown filter param '{key}'. Allowed base values are {allowed}")
tortoise.exceptions.FieldError: Unknown filter param 'plate__contains'. Allowed base values are ['actual_expenditure', 'created_at', 'date', 'difference', 'expected_expenditure', 'id', 'name', 'number', 'remark', 'updated_at']
2025-03-04 01:40:06 - INFO - 127.0.0.1:58656 - "GET /api/v1/field_work/list?page=1&page_size=10 HTTP/1.1" 200 OK
2025-03-04 01:40:08 - INFO - 127.0.0.1:58658 - "GET /api/v1/field_work/list?page=1&page_size=10 HTTP/1.1" 200 OK
2025-03-04 01:40:11 - INFO - 127.0.0.1:58662 - "GET /api/v1/field_work/list?name=1&page=1&page_size=10 HTTP/1.1" 500 Internal Server Error
2025-03-04 01:40:11 - ERROR - Exception in ASGI application
  + Exception Group Traceback (most recent call last):
  |   File "/opt/vue-fastapi-admin/venv/lib/python3.12/site-packages/starlette/_utils.py", line 87, in collapse_excgroups
  |     yield
  |   File "/opt/vue-fastapi-admin/venv/lib/python3.12/site-packages/starlette/middleware/base.py", line 190, in __call__
  |     async with anyio.create_task_group() as task_group:
  |   File "/opt/vue-fastapi-admin/venv/lib/python3.12/site-packages/anyio/_backends/_asyncio.py", line 767, in __aexit__
  |     raise BaseExceptionGroup(
  | ExceptionGroup: unhandled errors in a TaskGroup (1 sub-exception)
  +-+---------------- 1 ----------------
    | Traceback (most recent call last):
    |   File "/opt/vue-fastapi-admin/venv/lib/python3.12/site-packages/uvicorn/protocols/http/httptools_impl.py", line 409, in run_asgi
    |     result = await app(  # type: ignore[func-returns-value]
    |              ^^^^^^^^^^^^^^^^^^^^^^^^^^^^^^^^^^^^^^^^^^^^^^
    |   File "/opt/vue-fastapi-admin/venv/lib/python3.12/site-packages/uvicorn/middleware/proxy_headers.py", line 60, in __call__
    |     return await self.app(scope, receive, send)
    |            ^^^^^^^^^^^^^^^^^^^^^^^^^^^^^^^^^^^^
    |   File "/opt/vue-fastapi-admin/venv/lib/python3.12/site-packages/fastapi/applications.py", line 1054, in __call__
    |     await super().__call__(scope, receive, send)
    |   File "/opt/vue-fastapi-admin/venv/lib/python3.12/site-packages/starlette/applications.py", line 123, in __call__
    |     await self.middleware_stack(scope, receive, send)
    |   File "/opt/vue-fastapi-admin/venv/lib/python3.12/site-packages/starlette/middleware/errors.py", line 186, in __call__
    |     raise exc
    |   File "/opt/vue-fastapi-admin/venv/lib/python3.12/site-packages/starlette/middleware/errors.py", line 164, in __call__
    |     await self.app(scope, receive, _send)
    |   File "/opt/vue-fastapi-admin/venv/lib/python3.12/site-packages/starlette/middleware/cors.py", line 85, in __call__
    |     await self.app(scope, receive, send)
    |   File "/opt/vue-fastapi-admin/app/core/middlewares.py", line 31, in __call__
    |     await response(request.scope, request.receive, send)
    |   File "/opt/vue-fastapi-admin/venv/lib/python3.12/site-packages/starlette/middleware/base.py", line 189, in __call__
    |     with collapse_excgroups():
    |   File "/usr/lib/python3.12/contextlib.py", line 158, in __exit__
    |     self.gen.throw(value)
    |   File "/opt/vue-fastapi-admin/venv/lib/python3.12/site-packages/starlette/_utils.py", line 93, in collapse_excgroups
    |     raise exc
    |   File "/opt/vue-fastapi-admin/venv/lib/python3.12/site-packages/starlette/middleware/base.py", line 191, in __call__
    |     response = await self.dispatch_func(request, call_next)
    |                ^^^^^^^^^^^^^^^^^^^^^^^^^^^^^^^^^^^^^^^^^^^^
    |   File "/opt/vue-fastapi-admin/app/core/middlewares.py", line 171, in dispatch
    |     response = await call_next(request)
    |                ^^^^^^^^^^^^^^^^^^^^^^^^
    |   File "/opt/vue-fastapi-admin/venv/lib/python3.12/site-packages/starlette/middleware/base.py", line 165, in call_next
    |     raise app_exc
    |   File "/opt/vue-fastapi-admin/venv/lib/python3.12/site-packages/starlette/middleware/base.py", line 151, in coro
    |     await self.app(scope, receive_or_disconnect, send_no_error)
    |   File "/opt/vue-fastapi-admin/venv/lib/python3.12/site-packages/starlette/middleware/exceptions.py", line 65, in __call__
    |     await wrap_app_handling_exceptions(self.app, conn)(scope, receive, send)
    |   File "/opt/vue-fastapi-admin/venv/lib/python3.12/site-packages/starlette/_exception_handler.py", line 64, in wrapped_app
    |     raise exc
    |   File "/opt/vue-fastapi-admin/venv/lib/python3.12/site-packages/starlette/_exception_handler.py", line 53, in wrapped_app
    |     await app(scope, receive, sender)
    |   File "/opt/vue-fastapi-admin/venv/lib/python3.12/site-packages/starlette/routing.py", line 756, in __call__
    |     await self.middleware_stack(scope, receive, send)
    |   File "/opt/vue-fastapi-admin/venv/lib/python3.12/site-packages/starlette/routing.py", line 776, in app
    |     await route.handle(scope, receive, send)
    |   File "/opt/vue-fastapi-admin/venv/lib/python3.12/site-packages/starlette/routing.py", line 297, in handle
    |     await self.app(scope, receive, send)
    |   File "/opt/vue-fastapi-admin/venv/lib/python3.12/site-packages/starlette/routing.py", line 77, in app
    |     await wrap_app_handling_exceptions(app, request)(scope, receive, send)
    |   File "/opt/vue-fastapi-admin/venv/lib/python3.12/site-packages/starlette/_exception_handler.py", line 64, in wrapped_app
    |     raise exc
    |   File "/opt/vue-fastapi-admin/venv/lib/python3.12/site-packages/starlette/_exception_handler.py", line 53, in wrapped_app
    |     await app(scope, receive, sender)
    |   File "/opt/vue-fastapi-admin/venv/lib/python3.12/site-packages/starlette/routing.py", line 72, in app
    |     response = await func(request)
    |                ^^^^^^^^^^^^^^^^^^^
    |   File "/opt/vue-fastapi-admin/venv/lib/python3.12/site-packages/fastapi/routing.py", line 278, in app
    |     raw_response = await run_endpoint_function(
    |                    ^^^^^^^^^^^^^^^^^^^^^^^^^^^^
    |   File "/opt/vue-fastapi-admin/venv/lib/python3.12/site-packages/fastapi/routing.py", line 191, in run_endpoint_function
    |     return await dependant.call(**values)
    |            ^^^^^^^^^^^^^^^^^^^^^^^^^^^^^^
    |   File "/opt/vue-fastapi-admin/app/api/v1/field_work/field_work.py", line 21, in list_field_works
    |     field_work, field_work_objs = await field_work_record_controller.list(page=page, page_size=page_size, search=q)
    |                                   ^^^^^^^^^^^^^^^^^^^^^^^^^^^^^^^^^^^^^^^^^^^^^^^^^^^^^^^^^^^^^^^^^^^^^^^^^^^^^^^^^
    |   File "/opt/vue-fastapi-admin/app/core/crud.py", line 22, in list
    |     return await query.count(), await query.offset((page - 1) * page_size).limit(page_size).order_by(*order)
    |            ^^^^^^^^^^^^^^^^^^^
    |   File "/opt/vue-fastapi-admin/venv/lib/python3.12/site-packages/tortoise/queryset.py", line 1391, in __await__
    |     self._make_query()
    |   File "/opt/vue-fastapi-admin/venv/lib/python3.12/site-packages/tortoise/queryset.py", line 1373, in _make_query
    |     self.resolve_filters()
    |   File "/opt/vue-fastapi-admin/venv/lib/python3.12/site-packages/tortoise/queryset.py", line 141, in resolve_filters
    |     modifier &= node.resolve(
    |                 ^^^^^^^^^^^^^
    |   File "/opt/vue-fastapi-admin/venv/lib/python3.12/site-packages/tortoise/expressions.py", line 479, in resolve
    |     return self._resolve_children(resolve_context)
    |            ^^^^^^^^^^^^^^^^^^^^^^^^^^^^^^^^^^^^^^^
    |   File "/opt/vue-fastapi-admin/venv/lib/python3.12/site-packages/tortoise/expressions.py", line 456, in _resolve_children
    |     node_modifier = node.resolve(resolve_context)
    |                     ^^^^^^^^^^^^^^^^^^^^^^^^^^^^^
    |   File "/opt/vue-fastapi-admin/venv/lib/python3.12/site-packages/tortoise/expressions.py", line 478, in resolve
    |     return self._resolve_kwargs(resolve_context)
    |            ^^^^^^^^^^^^^^^^^^^^^^^^^^^^^^^^^^^^^
    |   File "/opt/vue-fastapi-admin/venv/lib/python3.12/site-packages/tortoise/expressions.py", line 435, in _resolve_kwargs
    |     key, value = self._get_actual_filter_params(resolve_context, raw_key, raw_value)
    |                  ^^^^^^^^^^^^^^^^^^^^^^^^^^^^^^^^^^^^^^^^^^^^^^^^^^^^^^^^^^^^^^^^^^^
    |   File "/opt/vue-fastapi-admin/venv/lib/python3.12/site-packages/tortoise/expressions.py", line 425, in _get_actual_filter_params
    |     raise FieldError(f"Unknown filter param '{key}'. Allowed base values are {allowed}")
    | tortoise.exceptions.FieldError: Unknown filter param 'plate__contains'. Allowed base values are ['actual_expenditure', 'created_at', 'date', 'difference', 'expected_expenditure', 'id', 'name', 'number', 'remark', 'updated_at']
    +------------------------------------

During handling of the above exception, another exception occurred:

Traceback (most recent call last):
  File "/opt/vue-fastapi-admin/venv/lib/python3.12/site-packages/uvicorn/protocols/http/httptools_impl.py", line 409, in run_asgi
    result = await app(  # type: ignore[func-returns-value]
             ^^^^^^^^^^^^^^^^^^^^^^^^^^^^^^^^^^^^^^^^^^^^^^
  File "/opt/vue-fastapi-admin/venv/lib/python3.12/site-packages/uvicorn/middleware/proxy_headers.py", line 60, in __call__
    return await self.app(scope, receive, send)
           ^^^^^^^^^^^^^^^^^^^^^^^^^^^^^^^^^^^^
  File "/opt/vue-fastapi-admin/venv/lib/python3.12/site-packages/fastapi/applications.py", line 1054, in __call__
    await super().__call__(scope, receive, send)
  File "/opt/vue-fastapi-admin/venv/lib/python3.12/site-packages/starlette/applications.py", line 123, in __call__
    await self.middleware_stack(scope, receive, send)
  File "/opt/vue-fastapi-admin/venv/lib/python3.12/site-packages/starlette/middleware/errors.py", line 186, in __call__
    raise exc
  File "/opt/vue-fastapi-admin/venv/lib/python3.12/site-packages/starlette/middleware/errors.py", line 164, in __call__
    await self.app(scope, receive, _send)
  File "/opt/vue-fastapi-admin/venv/lib/python3.12/site-packages/starlette/middleware/cors.py", line 85, in __call__
    await self.app(scope, receive, send)
  File "/opt/vue-fastapi-admin/app/core/middlewares.py", line 31, in __call__
    await response(request.scope, request.receive, send)
  File "/opt/vue-fastapi-admin/venv/lib/python3.12/site-packages/starlette/middleware/base.py", line 189, in __call__
    with collapse_excgroups():
  File "/usr/lib/python3.12/contextlib.py", line 158, in __exit__
    self.gen.throw(value)
  File "/opt/vue-fastapi-admin/venv/lib/python3.12/site-packages/starlette/_utils.py", line 93, in collapse_excgroups
    raise exc
  File "/opt/vue-fastapi-admin/venv/lib/python3.12/site-packages/starlette/middleware/base.py", line 191, in __call__
    response = await self.dispatch_func(request, call_next)
               ^^^^^^^^^^^^^^^^^^^^^^^^^^^^^^^^^^^^^^^^^^^^
  File "/opt/vue-fastapi-admin/app/core/middlewares.py", line 171, in dispatch
    response = await call_next(request)
               ^^^^^^^^^^^^^^^^^^^^^^^^
  File "/opt/vue-fastapi-admin/venv/lib/python3.12/site-packages/starlette/middleware/base.py", line 165, in call_next
    raise app_exc
  File "/opt/vue-fastapi-admin/venv/lib/python3.12/site-packages/starlette/middleware/base.py", line 151, in coro
    await self.app(scope, receive_or_disconnect, send_no_error)
  File "/opt/vue-fastapi-admin/venv/lib/python3.12/site-packages/starlette/middleware/exceptions.py", line 65, in __call__
    await wrap_app_handling_exceptions(self.app, conn)(scope, receive, send)
  File "/opt/vue-fastapi-admin/venv/lib/python3.12/site-packages/starlette/_exception_handler.py", line 64, in wrapped_app
    raise exc
  File "/opt/vue-fastapi-admin/venv/lib/python3.12/site-packages/starlette/_exception_handler.py", line 53, in wrapped_app
    await app(scope, receive, sender)
  File "/opt/vue-fastapi-admin/venv/lib/python3.12/site-packages/starlette/routing.py", line 756, in __call__
    await self.middleware_stack(scope, receive, send)
  File "/opt/vue-fastapi-admin/venv/lib/python3.12/site-packages/starlette/routing.py", line 776, in app
    await route.handle(scope, receive, send)
  File "/opt/vue-fastapi-admin/venv/lib/python3.12/site-packages/starlette/routing.py", line 297, in handle
    await self.app(scope, receive, send)
  File "/opt/vue-fastapi-admin/venv/lib/python3.12/site-packages/starlette/routing.py", line 77, in app
    await wrap_app_handling_exceptions(app, request)(scope, receive, send)
  File "/opt/vue-fastapi-admin/venv/lib/python3.12/site-packages/starlette/_exception_handler.py", line 64, in wrapped_app
    raise exc
  File "/opt/vue-fastapi-admin/venv/lib/python3.12/site-packages/starlette/_exception_handler.py", line 53, in wrapped_app
    await app(scope, receive, sender)
  File "/opt/vue-fastapi-admin/venv/lib/python3.12/site-packages/starlette/routing.py", line 72, in app
    response = await func(request)
               ^^^^^^^^^^^^^^^^^^^
  File "/opt/vue-fastapi-admin/venv/lib/python3.12/site-packages/fastapi/routing.py", line 278, in app
    raw_response = await run_endpoint_function(
                   ^^^^^^^^^^^^^^^^^^^^^^^^^^^^
  File "/opt/vue-fastapi-admin/venv/lib/python3.12/site-packages/fastapi/routing.py", line 191, in run_endpoint_function
    return await dependant.call(**values)
           ^^^^^^^^^^^^^^^^^^^^^^^^^^^^^^
  File "/opt/vue-fastapi-admin/app/api/v1/field_work/field_work.py", line 21, in list_field_works
    field_work, field_work_objs = await field_work_record_controller.list(page=page, page_size=page_size, search=q)
                                  ^^^^^^^^^^^^^^^^^^^^^^^^^^^^^^^^^^^^^^^^^^^^^^^^^^^^^^^^^^^^^^^^^^^^^^^^^^^^^^^^^
  File "/opt/vue-fastapi-admin/app/core/crud.py", line 22, in list
    return await query.count(), await query.offset((page - 1) * page_size).limit(page_size).order_by(*order)
           ^^^^^^^^^^^^^^^^^^^
  File "/opt/vue-fastapi-admin/venv/lib/python3.12/site-packages/tortoise/queryset.py", line 1391, in __await__
    self._make_query()
  File "/opt/vue-fastapi-admin/venv/lib/python3.12/site-packages/tortoise/queryset.py", line 1373, in _make_query
    self.resolve_filters()
  File "/opt/vue-fastapi-admin/venv/lib/python3.12/site-packages/tortoise/queryset.py", line 141, in resolve_filters
    modifier &= node.resolve(
                ^^^^^^^^^^^^^
  File "/opt/vue-fastapi-admin/venv/lib/python3.12/site-packages/tortoise/expressions.py", line 479, in resolve
    return self._resolve_children(resolve_context)
           ^^^^^^^^^^^^^^^^^^^^^^^^^^^^^^^^^^^^^^^
  File "/opt/vue-fastapi-admin/venv/lib/python3.12/site-packages/tortoise/expressions.py", line 456, in _resolve_children
    node_modifier = node.resolve(resolve_context)
                    ^^^^^^^^^^^^^^^^^^^^^^^^^^^^^
  File "/opt/vue-fastapi-admin/venv/lib/python3.12/site-packages/tortoise/expressions.py", line 478, in resolve
    return self._resolve_kwargs(resolve_context)
           ^^^^^^^^^^^^^^^^^^^^^^^^^^^^^^^^^^^^^
  File "/opt/vue-fastapi-admin/venv/lib/python3.12/site-packages/tortoise/expressions.py", line 435, in _resolve_kwargs
    key, value = self._get_actual_filter_params(resolve_context, raw_key, raw_value)
                 ^^^^^^^^^^^^^^^^^^^^^^^^^^^^^^^^^^^^^^^^^^^^^^^^^^^^^^^^^^^^^^^^^^^
  File "/opt/vue-fastapi-admin/venv/lib/python3.12/site-packages/tortoise/expressions.py", line 425, in _get_actual_filter_params
    raise FieldError(f"Unknown filter param '{key}'. Allowed base values are {allowed}")
tortoise.exceptions.FieldError: Unknown filter param 'plate__contains'. Allowed base values are ['actual_expenditure', 'created_at', 'date', 'difference', 'expected_expenditure', 'id', 'name', 'number', 'remark', 'updated_at']
2025-03-04 01:41:43 - WARNING - WatchFiles detected changes in 'app/api/v1/field_work/field_work.py'. Reloading...
2025-03-04 01:41:43 - INFO - Shutting down
2025-03-04 01:41:43 - INFO - Waiting for application shutdown.
2025-03-04 01:41:43 - INFO - Application shutdown complete.
2025-03-04 01:41:43 - INFO - Finished server process [12325]
2025-03-04 01:41:44 - INFO - Started server process [13509]
2025-03-04 01:41:44 - INFO - Waiting for application startup.
2025-03-04 01:41:44 - INFO - Application startup complete.
2025-03-04 01:41:59 - INFO - 127.0.0.1:39154 - "GET /api/v1/field_work/list?name=1&page=1&page_size=10 HTTP/1.1" 200 OK
2025-03-04 01:42:03 - INFO - 127.0.0.1:39168 - "GET /api/v1/field_work/list?page=1&page_size=10 HTTP/1.1" 200 OK
2025-03-04 01:42:04 - INFO - 127.0.0.1:38708 - "GET /api/v1/field_work/list?page=1&page_size=10 HTTP/1.1" 200 OK
2025-03-04 01:42:07 - INFO - 127.0.0.1:38710 - "GET /api/v1/field_work/list?page=1&page_size=10 HTTP/1.1" 200 OK
2025-03-04 01:42:09 - INFO - 127.0.0.1:38722 - "GET /api/v1/field_work/list?date=2025-03-04&page=1&page_size=10 HTTP/1.1" 200 OK
2025-03-04 01:42:12 - INFO - 127.0.0.1:38724 - "GET /api/v1/field_work/list?date=2025-02-26&page=1&page_size=10 HTTP/1.1" 200 OK
2025-03-04 01:42:37 - INFO - 127.0.0.1:38518 - "GET /api/v1/total/list?page=1&page_size=10 HTTP/1.1" 200 OK
2025-03-04 01:43:25 - INFO - 127.0.0.1:55918 - "GET /api/v1/field_work/list?page=1&page_size=10 HTTP/1.1" 200 OK
2025-03-04 01:43:42 - INFO - 127.0.0.1:33014 - "GET /api/v1/field_work/list?page=1&page_size=10 HTTP/1.1" 200 OK
2025-03-04 01:43:43 - INFO - 127.0.0.1:46452 - "GET /api/v1/field_work/list?name=1&page=1&page_size=10 HTTP/1.1" 200 OK
2025-03-04 01:44:28 - INFO - 127.0.0.1:55200 - "GET /api/v1/base/userinfo HTTP/1.1" 200 OK
2025-03-04 01:44:28 - INFO - 127.0.0.1:55208 - "GET /api/v1/base/usermenu HTTP/1.1" 200 OK
2025-03-04 01:44:28 - INFO - 127.0.0.1:55222 - "GET /api/v1/base/userapi HTTP/1.1" 200 OK
2025-03-04 01:44:29 - INFO - 127.0.0.1:55228 - "GET /api/v1/field_work/list?page=1&page_size=10 HTTP/1.1" 200 OK
2025-03-04 01:45:40 - INFO - 127.0.0.1:42518 - "GET /api/v1/base/userinfo HTTP/1.1" 200 OK
2025-03-04 01:45:40 - INFO - 127.0.0.1:42530 - "GET /api/v1/base/usermenu HTTP/1.1" 200 OK
2025-03-04 01:45:40 - INFO - 127.0.0.1:42542 - "GET /api/v1/base/userapi HTTP/1.1" 200 OK
2025-03-04 01:45:40 - INFO - 127.0.0.1:42556 - "GET /api/v1/field_work/list?page=1&page_size=10 HTTP/1.1" 200 OK
2025-03-04 01:45:44 - INFO - 127.0.0.1:38210 - "GET /api/v1/total/list?page=1&page_size=10 HTTP/1.1" 200 OK
2025-03-04 01:47:35 - INFO - 127.0.0.1:39158 - "GET /api/v1/base/userinfo HTTP/1.1" 200 OK
2025-03-04 01:47:35 - INFO - 127.0.0.1:39162 - "GET /api/v1/base/usermenu HTTP/1.1" 200 OK
2025-03-04 01:47:35 - INFO - 127.0.0.1:39164 - "GET /api/v1/base/userapi HTTP/1.1" 200 OK
2025-03-04 01:50:11 - INFO - 127.0.0.1:49552 - "GET /api/v1/base/userinfo HTTP/1.1" 200 OK
2025-03-04 01:50:11 - INFO - 127.0.0.1:49562 - "GET /api/v1/base/usermenu HTTP/1.1" 200 OK
2025-03-04 01:50:11 - INFO - 127.0.0.1:49572 - "GET /api/v1/base/userapi HTTP/1.1" 200 OK
2025-03-04 01:50:38 - INFO - 127.0.0.1:60392 - "GET /api/v1/base/userinfo HTTP/1.1" 200 OK
2025-03-04 01:50:38 - INFO - 127.0.0.1:60404 - "GET /api/v1/base/usermenu HTTP/1.1" 200 OK
2025-03-04 01:50:38 - INFO - 127.0.0.1:60414 - "GET /api/v1/base/userapi HTTP/1.1" 200 OK
2025-03-04 01:50:45 - INFO - 127.0.0.1:51380 - "GET /api/v1/total/list?page=1&page_size=10 HTTP/1.1" 200 OK
2025-03-04 02:01:41 - INFO - 127.0.0.1:33286 - "GET /api/v1/base/userinfo HTTP/1.1" 200 OK
2025-03-04 02:01:41 - INFO - 127.0.0.1:33288 - "GET /api/v1/base/usermenu HTTP/1.1" 200 OK
2025-03-04 02:01:41 - INFO - 127.0.0.1:33298 - "GET /api/v1/base/userapi HTTP/1.1" 200 OK
2025-03-04 02:11:00 - INFO - 127.0.0.1:39474 - "GET /api/v1/menu/list HTTP/1.1" 200 OK
2025-03-04 02:11:00 - INFO - 127.0.0.1:39478 - "GET /api/v1/menu/list HTTP/1.1" 200 OK
2025-03-04 02:32:45 - INFO - 127.0.0.1:52492 - "GET /api/v1/base/userinfo HTTP/1.1" 200 OK
2025-03-04 02:32:45 - INFO - 127.0.0.1:52496 - "GET /api/v1/base/usermenu HTTP/1.1" 200 OK
2025-03-04 02:32:45 - INFO - 127.0.0.1:52512 - "GET /api/v1/base/userapi HTTP/1.1" 200 OK
2025-03-04 02:32:45 - INFO - 127.0.0.1:52516 - "GET /api/v1/menu/list HTTP/1.1" 200 OK
2025-03-04 02:32:45 - INFO - 127.0.0.1:52518 - "GET /api/v1/menu/list HTTP/1.1" 200 OK
2025-03-04 02:35:50 - INFO - 127.0.0.1:37110 - "GET /api/v1/base/userinfo HTTP/1.1" 200 OK
2025-03-04 02:35:50 - INFO - 127.0.0.1:37122 - "GET /api/v1/base/usermenu HTTP/1.1" 200 OK
2025-03-04 02:35:50 - INFO - 127.0.0.1:37132 - "GET /api/v1/base/userapi HTTP/1.1" 200 OK
2025-03-04 02:35:51 - INFO - 127.0.0.1:37148 - "GET /api/v1/menu/list HTTP/1.1" 200 OK
2025-03-04 02:35:51 - INFO - 127.0.0.1:37162 - "GET /api/v1/menu/list HTTP/1.1" 200 OK
2025-03-04 02:36:21 - INFO - 127.0.0.1:34106 - "POST /api/v1/menu/update HTTP/1.1" 200 OK
2025-03-04 02:36:21 - INFO - 127.0.0.1:34110 - "GET /api/v1/menu/list HTTP/1.1" 200 OK
2025-03-04 02:36:21 - INFO - 127.0.0.1:34124 - "GET /api/v1/menu/list HTTP/1.1" 200 OK
2025-03-04 02:36:34 - INFO - 127.0.0.1:56214 - "POST /api/v1/menu/update HTTP/1.1" 200 OK
2025-03-04 02:36:34 - INFO - 127.0.0.1:56226 - "GET /api/v1/menu/list HTTP/1.1" 200 OK
2025-03-04 02:36:34 - INFO - 127.0.0.1:56232 - "GET /api/v1/menu/list HTTP/1.1" 200 OK
2025-03-04 02:37:10 - INFO - 127.0.0.1:47046 - "POST /api/v1/menu/create HTTP/1.1" 200 OK
2025-03-04 02:37:10 - INFO - 127.0.0.1:47062 - "GET /api/v1/menu/list HTTP/1.1" 200 OK
2025-03-04 02:37:10 - INFO - 127.0.0.1:47066 - "GET /api/v1/menu/list HTTP/1.1" 200 OK
2025-03-04 02:37:25 - INFO - 127.0.0.1:53126 - "POST /api/v1/menu/create HTTP/1.1" 200 OK
2025-03-04 02:37:25 - INFO - 127.0.0.1:53136 - "GET /api/v1/menu/list HTTP/1.1" 200 OK
2025-03-04 02:37:25 - INFO - 127.0.0.1:53138 - "GET /api/v1/menu/list HTTP/1.1" 200 OK
2025-03-04 02:37:27 - INFO - 127.0.0.1:53148 - "GET /api/v1/base/userinfo HTTP/1.1" 200 OK
2025-03-04 02:37:28 - INFO - 127.0.0.1:53152 - "GET /api/v1/base/usermenu HTTP/1.1" 200 OK
2025-03-04 02:37:28 - INFO - 127.0.0.1:53166 - "GET /api/v1/base/userapi HTTP/1.1" 200 OK
2025-03-04 02:37:28 - INFO - 127.0.0.1:53172 - "GET /api/v1/menu/list HTTP/1.1" 200 OK
2025-03-04 02:37:28 - INFO - 127.0.0.1:53182 - "GET /api/v1/menu/list HTTP/1.1" 200 OK
2025-03-04 02:37:30 - INFO - 127.0.0.1:53186 - "GET /api/v1/total/list?page=1&page_size=10 HTTP/1.1" 200 OK
2025-03-04 02:37:30 - INFO - 127.0.0.1:53190 - "GET /api/v1/field_work/list?page=1&page_size=10 HTTP/1.1" 200 OK
2025-03-04 02:37:35 - INFO - 127.0.0.1:47300 - "GET /api/v1/field_work/list?page=1&page_size=10 HTTP/1.1" 200 OK
2025-03-04 02:37:39 - INFO - 127.0.0.1:47316 - "GET /api/v1/menu/list HTTP/1.1" 200 OK
2025-03-04 02:37:39 - INFO - 127.0.0.1:47332 - "GET /api/v1/menu/list HTTP/1.1" 200 OK
2025-03-04 02:38:13 - INFO - 127.0.0.1:47566 - "GET /api/v1/base/userinfo HTTP/1.1" 200 OK
2025-03-04 02:38:13 - INFO - 127.0.0.1:47568 - "GET /api/v1/base/usermenu HTTP/1.1" 200 OK
2025-03-04 02:38:13 - INFO - 127.0.0.1:47574 - "GET /api/v1/base/userapi HTTP/1.1" 200 OK
2025-03-04 02:38:13 - INFO - 127.0.0.1:47586 - "GET /api/v1/menu/list HTTP/1.1" 200 OK
2025-03-04 02:38:13 - INFO - 127.0.0.1:47588 - "GET /api/v1/menu/list HTTP/1.1" 200 OK
2025-03-04 02:38:15 - INFO - 127.0.0.1:47590 - "GET /api/v1/api/list?page=1&page_size=10 HTTP/1.1" 200 OK
2025-03-04 02:38:18 - INFO - 127.0.0.1:47592 - "GET /api/v1/api/list?page=2&page_size=10 HTTP/1.1" 200 OK
2025-03-04 02:38:21 - INFO - 127.0.0.1:47598 - "GET /api/v1/api/list?page=3&page_size=10 HTTP/1.1" 200 OK
2025-03-04 02:38:31 - INFO - 127.0.0.1:46696 - "GET /api/v1/role/list?page=1&page_size=9999 HTTP/1.1" 200 OK
2025-03-04 02:38:31 - INFO - 127.0.0.1:46692 - "GET /api/v1/user/list?page=1&page_size=10 HTTP/1.1" 200 OK
2025-03-04 02:38:31 - INFO - 127.0.0.1:46702 - "GET /api/v1/dept/list HTTP/1.1" 200 OK
2025-03-04 02:38:32 - INFO - 127.0.0.1:46718 - "GET /api/v1/field_work/list?page=1&page_size=10 HTTP/1.1" 200 OK
2025-03-04 02:38:33 - INFO - 127.0.0.1:40870 - "GET /api/v1/total/list?page=1&page_size=10 HTTP/1.1" 200 OK
2025-03-04 02:38:36 - INFO - 127.0.0.1:40886 - "GET /api/v1/total/list?page=1&per_page=99999 HTTP/1.1" 200 OK
2025-03-04 02:39:32 - INFO - 127.0.0.1:52210 - "GET /api/v1/base/userinfo HTTP/1.1" 200 OK
2025-03-04 02:39:32 - INFO - 127.0.0.1:52220 - "GET /api/v1/base/usermenu HTTP/1.1" 200 OK
2025-03-04 02:39:32 - INFO - 127.0.0.1:52232 - "GET /api/v1/base/userapi HTTP/1.1" 200 OK
2025-03-04 02:39:33 - INFO - 127.0.0.1:52242 - "GET /api/v1/total/list?page=1&page_size=10 HTTP/1.1" 200 OK
2025-03-04 02:39:59 - INFO - 127.0.0.1:43894 - "GET /api/v1/field_work/list?page=1&page_size=10 HTTP/1.1" 200 OK
2025-03-04 02:40:04 - INFO - 127.0.0.1:39758 - "GET /api/v1/base/userinfo HTTP/1.1" 200 OK
2025-03-04 02:40:04 - INFO - 127.0.0.1:39764 - "GET /api/v1/base/usermenu HTTP/1.1" 200 OK
2025-03-04 02:40:04 - INFO - 127.0.0.1:39778 - "GET /api/v1/base/userapi HTTP/1.1" 200 OK
2025-03-04 02:40:05 - INFO - 127.0.0.1:39790 - "GET /api/v1/field_work/list?page=1&page_size=10 HTTP/1.1" 200 OK
2025-03-04 02:40:31 - INFO - 127.0.0.1:57236 - "GET /api/v1/role/list?page=1&page_size=10 HTTP/1.1" 200 OK
2025-03-04 02:40:37 - INFO - 127.0.0.1:46404 - "GET /api/v1/auditlog/list?start_time=2025-03-04+00:00:00&end_time=2025-03-04+23:59:59&page=1&page_size=10 HTTP/1.1" 200 OK
2025-03-04 02:40:43 - INFO - 127.0.0.1:39728 - "GET /api/v1/auditlog/list?start_time=2025-03-04+00:00:00&end_time=2025-03-04+23:59:59&username=admin&page=1&page_size=10 HTTP/1.1" 200 OK
2025-03-04 02:40:45 - INFO - 127.0.0.1:39740 - "GET /api/v1/auditlog/list?start_time=2025-03-04+00:00:00&end_time=2025-03-04+23:59:59&page=1&page_size=10 HTTP/1.1" 200 OK
2025-03-04 02:40:47 - INFO - 127.0.0.1:39752 - "GET /api/v1/auditlog/list?start_time=2025-03-04+00:00:00&end_time=2025-03-04+23:59:59&page=1&page_size=10 HTTP/1.1" 200 OK
2025-03-04 02:40:48 - INFO - 127.0.0.1:39760 - "GET /api/v1/auditlog/list?start_time=2025-03-04+00:00:00&end_time=2025-03-04+23:59:59&page=1&page_size=10 HTTP/1.1" 200 OK
2025-03-04 02:40:50 - INFO - 127.0.0.1:39764 - "GET /api/v1/auditlog/list?start_time=2025-03-04+00:00:00&end_time=2025-03-04+23:59:59&page=1&page_size=10 HTTP/1.1" 200 OK
2025-03-04 02:41:13 - INFO - 127.0.0.1:58916 - "GET /api/v1/total/list?page=1&page_size=10 HTTP/1.1" 200 OK
2025-03-04 02:41:14 - INFO - 127.0.0.1:60640 - "GET /api/v1/field_work/list?page=1&page_size=10 HTTP/1.1" 200 OK
2025-03-04 02:45:03 - INFO - 127.0.0.1:42130 - "GET /api/v1/user/list?page=1&page_size=10 HTTP/1.1" 200 OK
2025-03-04 02:45:03 - INFO - 127.0.0.1:42134 - "GET /api/v1/role/list?page=1&page_size=9999 HTTP/1.1" 200 OK
2025-03-04 02:45:03 - INFO - 127.0.0.1:42148 - "GET /api/v1/dept/list HTTP/1.1" 200 OK
2025-03-04 02:45:04 - INFO - 127.0.0.1:42160 - "GET /api/v1/menu/list HTTP/1.1" 200 OK
2025-03-04 02:45:04 - INFO - 127.0.0.1:42170 - "GET /api/v1/menu/list HTTP/1.1" 200 OK
2025-03-04 02:45:16 - INFO - 127.0.0.1:55548 - "POST /api/v1/menu/update HTTP/1.1" 200 OK
2025-03-04 02:45:16 - INFO - 127.0.0.1:55558 - "GET /api/v1/menu/list HTTP/1.1" 200 OK
2025-03-04 02:45:16 - INFO - 127.0.0.1:55572 - "GET /api/v1/menu/list HTTP/1.1" 200 OK
2025-03-04 02:45:23 - INFO - 127.0.0.1:46420 - "GET /api/v1/base/userinfo HTTP/1.1" 200 OK
2025-03-04 02:45:23 - INFO - 127.0.0.1:46422 - "GET /api/v1/base/usermenu HTTP/1.1" 200 OK
2025-03-04 02:45:23 - INFO - 127.0.0.1:46432 - "GET /api/v1/base/userapi HTTP/1.1" 200 OK
2025-03-04 02:45:23 - INFO - 127.0.0.1:46436 - "GET /api/v1/menu/list HTTP/1.1" 200 OK
2025-03-04 02:45:23 - INFO - 127.0.0.1:46440 - "GET /api/v1/menu/list HTTP/1.1" 200 OK
2025-03-04 02:45:29 - INFO - 127.0.0.1:46444 - "GET /api/v1/menu/list HTTP/1.1" 200 OK
2025-03-04 02:45:29 - INFO - 127.0.0.1:46456 - "GET /api/v1/menu/list HTTP/1.1" 200 OK
2025-03-04 02:45:33 - INFO - 127.0.0.1:58880 - "GET /api/v1/menu/list HTTP/1.1" 200 OK
2025-03-04 02:45:33 - INFO - 127.0.0.1:58892 - "GET /api/v1/menu/list HTTP/1.1" 200 OK
2025-03-04 02:45:49 - INFO - 127.0.0.1:45572 - "POST /api/v1/menu/update HTTP/1.1" 200 OK
2025-03-04 02:45:49 - INFO - 127.0.0.1:45586 - "GET /api/v1/menu/list HTTP/1.1" 200 OK
2025-03-04 02:45:49 - INFO - 127.0.0.1:45602 - "GET /api/v1/menu/list HTTP/1.1" 200 OK
2025-03-04 02:46:48 - INFO - 127.0.0.1:55308 - "POST /api/v1/menu/update HTTP/1.1" 200 OK
2025-03-04 02:46:48 - INFO - 127.0.0.1:55318 - "GET /api/v1/menu/list HTTP/1.1" 200 OK
2025-03-04 02:46:48 - INFO - 127.0.0.1:55324 - "GET /api/v1/menu/list HTTP/1.1" 200 OK
2025-03-04 02:47:19 - INFO - 127.0.0.1:50452 - "POST /api/v1/menu/create HTTP/1.1" 200 OK
2025-03-04 02:47:19 - INFO - 127.0.0.1:50458 - "GET /api/v1/menu/list HTTP/1.1" 200 OK
2025-03-04 02:47:19 - INFO - 127.0.0.1:50460 - "GET /api/v1/menu/list HTTP/1.1" 200 OK
2025-03-04 02:47:33 - INFO - 127.0.0.1:53666 - "POST /api/v1/menu/update HTTP/1.1" 200 OK
2025-03-04 02:47:33 - INFO - 127.0.0.1:53676 - "GET /api/v1/menu/list HTTP/1.1" 200 OK
2025-03-04 02:47:33 - INFO - 127.0.0.1:53680 - "GET /api/v1/menu/list HTTP/1.1" 200 OK
2025-03-04 02:48:08 - INFO - 127.0.0.1:33830 - "POST /api/v1/menu/update HTTP/1.1" 200 OK
2025-03-04 02:48:08 - INFO - 127.0.0.1:33836 - "GET /api/v1/menu/list HTTP/1.1" 200 OK
2025-03-04 02:48:08 - INFO - 127.0.0.1:33840 - "GET /api/v1/menu/list HTTP/1.1" 200 OK
2025-03-04 02:48:15 - INFO - 127.0.0.1:46242 - "POST /api/v1/menu/update HTTP/1.1" 200 OK
2025-03-04 02:48:15 - INFO - 127.0.0.1:46246 - "GET /api/v1/menu/list HTTP/1.1" 200 OK
2025-03-04 02:48:15 - INFO - 127.0.0.1:46262 - "GET /api/v1/menu/list HTTP/1.1" 200 OK
2025-03-04 02:48:18 - INFO - 127.0.0.1:46272 - "GET /api/v1/base/userinfo HTTP/1.1" 200 OK
2025-03-04 02:48:18 - INFO - 127.0.0.1:46282 - "GET /api/v1/base/usermenu HTTP/1.1" 200 OK
2025-03-04 02:48:18 - INFO - 127.0.0.1:46298 - "GET /api/v1/base/userapi HTTP/1.1" 200 OK
2025-03-04 02:48:19 - INFO - 127.0.0.1:46304 - "GET /api/v1/menu/list HTTP/1.1" 200 OK
2025-03-04 02:48:19 - INFO - 127.0.0.1:46312 - "GET /api/v1/menu/list HTTP/1.1" 200 OK
2025-03-04 02:48:22 - INFO - 127.0.0.1:46318 - "GET /api/v1/menu/list HTTP/1.1" 200 OK
2025-03-04 02:48:22 - INFO - 127.0.0.1:46324 - "GET /api/v1/menu/list HTTP/1.1" 200 OK
2025-03-04 02:48:23 - INFO - 127.0.0.1:46338 - "GET /api/v1/role/list?page=1&page_size=10 HTTP/1.1" 200 OK
2025-03-04 02:48:27 - INFO - 127.0.0.1:54552 - "GET /api/v1/role/list?page=1&page_size=10 HTTP/1.1" 200 OK
2025-03-04 02:48:29 - INFO - 127.0.0.1:54554 - "GET /api/v1/role/list?page=1&page_size=10 HTTP/1.1" 200 OK
2025-03-04 02:48:30 - INFO - 127.0.0.1:54560 - "GET /api/v1/user/list?page=1&page_size=10 HTTP/1.1" 200 OK
2025-03-04 02:48:30 - INFO - 127.0.0.1:54574 - "GET /api/v1/dept/list HTTP/1.1" 200 OK
2025-03-04 02:48:30 - INFO - 127.0.0.1:54566 - "GET /api/v1/role/list?page=1&page_size=9999 HTTP/1.1" 200 OK
2025-03-04 02:48:32 - INFO - 127.0.0.1:54586 - "GET /api/v1/role/list?page=1&page_size=10 HTTP/1.1" 200 OK
2025-03-04 02:48:35 - INFO - 127.0.0.1:53522 - "GET /api/v1/role/list?page=1&page_size=10 HTTP/1.1" 200 OK
2025-03-04 02:48:37 - INFO - 127.0.0.1:53536 - "GET /api/v1/role/list?page=1&page_size=10 HTTP/1.1" 200 OK
2025-03-04 02:48:43 - INFO - 127.0.0.1:54794 - "GET /api/v1/menu/list HTTP/1.1" 200 OK
2025-03-04 02:48:43 - INFO - 127.0.0.1:54806 - "GET /api/v1/menu/list HTTP/1.1" 200 OK
2025-03-04 02:49:20 - INFO - 127.0.0.1:59572 - "GET /api/v1/base/userinfo HTTP/1.1" 200 OK
2025-03-04 02:49:20 - INFO - 127.0.0.1:59582 - "GET /api/v1/base/usermenu HTTP/1.1" 200 OK
2025-03-04 02:49:20 - INFO - 127.0.0.1:59598 - "GET /api/v1/base/userapi HTTP/1.1" 200 OK
2025-03-04 02:49:21 - INFO - 127.0.0.1:59614 - "GET /api/v1/menu/list HTTP/1.1" 200 OK
2025-03-04 02:49:21 - INFO - 127.0.0.1:59628 - "GET /api/v1/menu/list HTTP/1.1" 200 OK
2025-03-04 02:49:30 - INFO - 127.0.0.1:43794 - "POST /api/v1/menu/update HTTP/1.1" 200 OK
2025-03-04 02:49:30 - INFO - 127.0.0.1:43808 - "GET /api/v1/menu/list HTTP/1.1" 200 OK
2025-03-04 02:49:30 - INFO - 127.0.0.1:43812 - "GET /api/v1/menu/list HTTP/1.1" 200 OK
2025-03-04 02:49:37 - INFO - 127.0.0.1:47232 - "POST /api/v1/menu/update HTTP/1.1" 200 OK
2025-03-04 02:49:37 - INFO - 127.0.0.1:47240 - "GET /api/v1/menu/list HTTP/1.1" 200 OK
2025-03-04 02:49:37 - INFO - 127.0.0.1:47244 - "GET /api/v1/menu/list HTTP/1.1" 200 OK
2025-03-04 02:49:43 - INFO - 127.0.0.1:40580 - "GET /api/v1/base/userinfo HTTP/1.1" 200 OK
2025-03-04 02:49:43 - INFO - 127.0.0.1:40596 - "GET /api/v1/base/usermenu HTTP/1.1" 200 OK
2025-03-04 02:49:43 - INFO - 127.0.0.1:40598 - "GET /api/v1/base/userapi HTTP/1.1" 200 OK
2025-03-04 02:49:43 - INFO - 127.0.0.1:40612 - "GET /api/v1/menu/list HTTP/1.1" 200 OK
2025-03-04 02:49:43 - INFO - 127.0.0.1:40618 - "GET /api/v1/menu/list HTTP/1.1" 200 OK
2025-03-04 02:49:46 - INFO - 127.0.0.1:40628 - "GET /api/v1/menu/list HTTP/1.1" 200 OK
2025-03-04 02:49:47 - INFO - 127.0.0.1:40642 - "GET /api/v1/menu/list HTTP/1.1" 200 OK
2025-03-04 02:50:25 - INFO - 127.0.0.1:35090 - "GET /api/v1/base/userinfo HTTP/1.1" 200 OK
2025-03-04 02:50:25 - INFO - 127.0.0.1:35098 - "GET /api/v1/base/usermenu HTTP/1.1" 200 OK
2025-03-04 02:50:25 - INFO - 127.0.0.1:35106 - "GET /api/v1/base/userapi HTTP/1.1" 200 OK
2025-03-04 02:50:26 - INFO - 127.0.0.1:35122 - "GET /api/v1/menu/list HTTP/1.1" 200 OK
2025-03-04 02:50:26 - INFO - 127.0.0.1:35130 - "GET /api/v1/menu/list HTTP/1.1" 200 OK
2025-03-04 02:50:57 - INFO - 127.0.0.1:34692 - "POST /api/v1/menu/update HTTP/1.1" 200 OK
2025-03-04 02:50:57 - INFO - 127.0.0.1:34706 - "GET /api/v1/menu/list HTTP/1.1" 200 OK
2025-03-04 02:50:57 - INFO - 127.0.0.1:34714 - "GET /api/v1/menu/list HTTP/1.1" 200 OK
2025-03-04 02:51:05 - INFO - 127.0.0.1:33214 - "POST /api/v1/menu/update HTTP/1.1" 200 OK
2025-03-04 02:51:05 - INFO - 127.0.0.1:33216 - "GET /api/v1/menu/list HTTP/1.1" 200 OK
2025-03-04 02:51:05 - INFO - 127.0.0.1:33218 - "GET /api/v1/menu/list HTTP/1.1" 200 OK
2025-03-04 02:51:09 - INFO - 127.0.0.1:33226 - "GET /api/v1/base/userinfo HTTP/1.1" 200 OK
2025-03-04 02:51:09 - INFO - 127.0.0.1:33232 - "GET /api/v1/base/usermenu HTTP/1.1" 200 OK
2025-03-04 02:51:09 - INFO - 127.0.0.1:33236 - "GET /api/v1/base/userapi HTTP/1.1" 200 OK
2025-03-04 02:51:10 - INFO - 127.0.0.1:33244 - "GET /api/v1/menu/list HTTP/1.1" 200 OK
2025-03-04 02:51:10 - INFO - 127.0.0.1:33256 - "GET /api/v1/menu/list HTTP/1.1" 200 OK
2025-03-04 02:51:11 - INFO - 127.0.0.1:33264 - "GET /api/v1/field_work/list?page=1&page_size=10 HTTP/1.1" 200 OK
2025-03-04 02:51:12 - INFO - 127.0.0.1:33276 - "GET /api/v1/total/list?page=1&page_size=10 HTTP/1.1" 200 OK
2025-03-04 02:51:13 - INFO - 127.0.0.1:40782 - "GET /api/v1/field_work/list?page=1&page_size=10 HTTP/1.1" 200 OK
2025-03-04 02:51:15 - INFO - 127.0.0.1:40796 - "GET /api/v1/total/list?page=1&page_size=10 HTTP/1.1" 200 OK
2025-03-04 02:52:53 - INFO - 127.0.0.1:36652 - "GET /api/v1/field_work/list?page=1&page_size=10 HTTP/1.1" 200 OK
2025-03-04 02:57:06 - INFO - 127.0.0.1:33452 - "GET /api/v1/field_work/list?page=1&page_size=10 HTTP/1.1" 200 OK
